#
# A fatal error has been detected by the Java Runtime Environment:
#
#  SIGSEGV (0xb) at pc=0x00007faa110b7ec7, pid=1051155, tid=0x00007faa10658700
#
# JRE version: OpenJDK Runtime Environment (8.0_442-b06) (build 1.8.0_442-8u442-b06~us1-0ubuntu1~20.04-b06)
# Java VM: OpenJDK 64-Bit Server VM (25.442-b06 mixed mode linux-amd64 compressed oops)
# Problematic frame:
# V  [libjvm.so+0x712ec7]
#
# Failed to write core dump. Core dumps have been disabled. To enable core dumping, try "ulimit -c unlimited" before starting Java again
#
# If you would like to submit a bug report, please visit:
#   http://bugreport.java.com/bugreport/crash.jsp
#

---------------  T H R E A D  ---------------

Current thread (0x00007faa0c00b000):  JavaThread "main" [_thread_in_vm, id=1051157, stack(0x00007faa10559000,0x00007faa10659000)]

siginfo: si_signo: 11 (SIGSEGV), si_code: 1 (SEGV_MAPERR), si_addr: 0x0000000000000000

Registers:
RAX=0x0000000000000000, RBX=0x0000000000000000, RCX=0x00007faa110b7e40, RDX=0x00007faa1178c9b8
RSP=0x00007faa106549a0, RBP=0x00007faa106549f0, RSI=0x0000000000000000, RDI=0x00007faa0c00b000
R8 =0x00007fa9ebce99f0, R9 =0x000000000000000e, R10=0x00007fa9eb9ca8da, R11=0x00007fa9ebac2589
R12=0x00007faa0c00b000, R13=0x00007faa0c00b260, R14=0x0000000000000000, R15=0x00007faa0c00b000
RIP=0x00007faa110b7ec7, EFLAGS=0x0000000000010246, CSGSFS=0x002b000000000033, ERR=0x0000000000000004
  TRAPNO=0x000000000000000e

Top of Stack: (sp=0x00007faa106549a0)
0x00007faa106549a0:   00007faa0c00b000 0000000000000000
0x00007faa106549b0:   0000000000000000 0000000000000000
0x00007faa106549c0:   0000000000000000 d46448a521d1d500
0x00007faa106549d0:   0000000000000000 0000000000000000
0x00007faa106549e0:   00007fa9ebcfa8d0 00007faa10655f98
0x00007faa106549f0:   00007faa10654ba0 00007fa9ebac25d5
0x00007faa10654a00:   0000000000000000 00007faa0c67cd38
0x00007faa10654a10:   0000000000000000 00007faa0c00b260
0x00007faa10654a20:   000300000000000c 0000000000000000
0x00007faa10654a30:   00007faa0c00b000 0000000000000000
0x00007faa10654a40:   0000000000000002 8000000000000006
0x00007faa10654a50:   0000000000000000 0000000000000000
0x00007faa10654a60:   0000000000000000 0000000000000000
0x00007faa10654a70:   0000000000000000 0000000000000000
0x00007faa10654a80:   000000000c67ae80 00007faa0000000c
0x00007faa10654a90:   00007faa10654960 0000003000000018
0x00007faa10654aa0:   00007faa10654bb0 00007faa10654ac0
0x00007faa10654ab0:   00007faa0c000020 d46448a521d1d500
0x00007faa10654ac0:   0000000000000000 00007faa0c67c8a8
0x00007faa10654ad0:   00007fa9ebce99f0 00007faa0c279d80
0x00007faa10654ae0:   00007faa110c4b10 000000000000000e
0x00007faa10654af0:   00007faa0c000950 d46448a521d1d500
0x00007faa10654b00:   0000000000000004 0000000000000000
0x00007faa10654b10:   00007faa0c00b000 00007faa0c279d88
0x00007faa10654b20:   00007fa9ebaf6410 00007fa9ebaf63e0
0x00007faa10654b30:   00007faa10654ba0 00007faa110c35f5
0x00007faa10654b40:   00007faa0c00b000 0000000000000000
0x00007faa10654b50:   00007faa0c000020 0000000000000118
0x00007faa10654b60:   00007faa0cbd5ad0 d46448a521d1d500
0x00007faa10654b70:   00007faa0c00b000 0000000000000000
0x00007faa10654b80:   0000000000000000 00007fa9ebcfa8d0
0x00007faa10654b90:   0000000000000000 0000000000000000 

Instructions: (pc=0x00007faa110b7ec7)
0x00007faa110b7ea7:   89 65 b0 48 c7 45 b8 00 00 00 00 74 09 48 8d 7d
0x00007faa110b7eb7:   b0 e8 a3 88 2c 00 41 f6 c6 01 0f 85 c1 00 00 00
0x00007faa110b7ec7:   49 8b 06 48 8d 15 f1 c2 6c 00 80 3a 00 0f 84 9e
0x00007faa110b7ed7:   00 00 00 48 8d 15 9f e0 6a 00 8b 40 08 8b 4a 08 

Register to memory mapping:

RAX=0x0000000000000000 is an unknown value
RBX=0x0000000000000000 is an unknown value
RCX=0x00007faa110b7e40: <offset 0x712e40> in /usr/lib/jvm/java-8-openjdk-amd64/jre/lib/amd64/server/libjvm.so at 0x00007faa109a5000
RDX=0x00007faa1178c9b8: <offset 0xde79b8> in /usr/lib/jvm/java-8-openjdk-amd64/jre/lib/amd64/server/libjvm.so at 0x00007faa109a5000
RSP=0x00007faa106549a0 is pointing into the stack for thread: 0x00007faa0c00b000
RBP=0x00007faa106549f0 is pointing into the stack for thread: 0x00007faa0c00b000
RSI=0x0000000000000000 is an unknown value
RDI=0x00007faa0c00b000 is a thread
R8 ={method} {0x00007fa9ebce99f0} 'getLaneConstructorType' '()Lgov/usdot/cv/rgaencoder/LaneConstructorType;' in 'gov/usdot/cv/rgaencoder/IndvMtrVehLaneGeometryInfo'
R9 =0x000000000000000e is an unknown value
R10=0x00007fa9eb9ca8da: <offset 0x388da> in /home/carma/maptool_ws/public/connectedvcs-tools/fedgov-cv-lib-asn1c/third_party_lib/libasn1c_rga.so at 0x00007fa9eb992000
R11=0x00007fa9ebac2589: populateLaneConstructorType+0 in /home/carma/maptool_ws/public/connectedvcs-tools/fedgov-cv-lib-asn1c/third_party_lib/libasn1c_rga.so at 0x00007fa9eb992000
R12=0x00007faa0c00b000 is a thread
R13=0x00007faa0c00b260 is an unknown value
R14=0x0000000000000000 is an unknown value
R15=0x00007faa0c00b000 is a thread


Stack: [0x00007faa10559000,0x00007faa10659000],  sp=0x00007faa106549a0,  free space=1006k
Native frames: (J=compiled Java code, j=interpreted, Vv=VM code, C=native code)
V  [libjvm.so+0x712ec7]
C  [libasn1c_rga.so+0x1305d5]  populateLaneConstructorType+0x4c
C  [libasn1c_rga.so+0x12f91a]  Java_gov_usdot_cv_rgaencoder_Encoder_encodeRGA+0x1e66
j  gov.usdot.cv.rgaencoder.Encoder.encodeRGA(Lgov/usdot/cv/rgaencoder/BaseLayer;Ljava/util/List;)[B+0
j  gov.usdot.cv.rgaencoder.Encoder.encode(Lgov/usdot/cv/rgaencoder/RGAData;)Lgov/usdot/cv/mapencoder/ByteArrayObject;+44
j  gov.usdot.cv.msg.builder.util.J2945Helper.getBytes(Lgov/usdot/cv/rgaencoder/RGAData;)[B+10
j  gov.usdot.cv.msg.builder.util.J2945Helper.getHexString(Lgov/usdot/cv/rgaencoder/RGAData;)Ljava/lang/String;+1
j  gov.usdot.cv.msg.builder.IntersectionSituationDataBuilder.build(Ljava/lang/String;)Lgov/usdot/cv/msg/builder/message/IntersectionMessage;+371
j  gov.usdot.cv.msg.builder.IntersectionSituationDataBuilderTest.runIntersectionSituationDataBuilderTests(Ljava/lang/String;Ljava/lang/String;)V+25
j  gov.usdot.cv.msg.builder.IntersectionSituationDataBuilderTest.rgaMessageFromUI()V+9
v  ~StubRoutines::call_stub
V  [libjvm.so+0x6a7385]
V  [libjvm.so+0xa02b3d]
V  [libjvm.so+0xa03d2b]
V  [libjvm.so+0x758f31]  JVM_InvokeMethod+0x1f1
J 1424  sun.reflect.NativeMethodAccessorImpl.invoke0(Ljava/lang/reflect/Method;Ljava/lang/Object;[Ljava/lang/Object;)Ljava/lang/Object; (0 bytes) @ 0x00007fa9fd60c72d [0x00007fa9fd60c640+0xed]
J 1423 C1 sun.reflect.NativeMethodAccessorImpl.invoke(Ljava/lang/Object;[Ljava/lang/Object;)Ljava/lang/Object; (104 bytes) @ 0x00007fa9fd60f1d4 [0x00007fa9fd60e000+0x11d4]
J 1711 C2 java.lang.reflect.Method.invoke(Ljava/lang/Object;[Ljava/lang/Object;)Ljava/lang/Object; (62 bytes) @ 0x00007fa9fd6b4068 [0x00007fa9fd6b3fc0+0xa8]
j  org.junit.runners.model.FrameworkMethod$1.runReflectiveCall()Ljava/lang/Object;+15
j  org.junit.internal.runners.model.ReflectiveCallable.run()Ljava/lang/Object;+1
j  org.junit.runners.model.FrameworkMethod.invokeExplosively(Ljava/lang/Object;[Ljava/lang/Object;)Ljava/lang/Object;+10
j  org.junit.internal.runners.statements.InvokeMethod.evaluate()V+12
j  org.junit.internal.runners.statements.RunBefores.evaluate()V+49
j  org.junit.runners.ParentRunner.runLeaf(Lorg/junit/runners/model/Statement;Lorg/junit/runner/Description;Lorg/junit/runner/notification/RunNotifier;)V+17
j  org.junit.runners.BlockJUnit4ClassRunner.runChild(Lorg/junit/runners/model/FrameworkMethod;Lorg/junit/runner/notification/RunNotifier;)V+32
j  org.junit.runners.BlockJUnit4ClassRunner.runChild(Ljava/lang/Object;Lorg/junit/runner/notification/RunNotifier;)V+6
j  org.junit.runners.ParentRunner$3.run()V+12
j  org.junit.runners.ParentRunner$1.schedule(Ljava/lang/Runnable;)V+1
j  org.junit.runners.ParentRunner.runChildren(Lorg/junit/runner/notification/RunNotifier;)V+40
j  org.junit.runners.ParentRunner.access$000(Lorg/junit/runners/ParentRunner;Lorg/junit/runner/notification/RunNotifier;)V+2
j  org.junit.runners.ParentRunner$2.evaluate()V+8
j  org.junit.runners.ParentRunner.run(Lorg/junit/runner/notification/RunNotifier;)V+20
j  org.apache.maven.surefire.junit4.JUnit4Provider.execute(Ljava/lang/Class;Lorg/junit/runner/notification/RunNotifier;[Ljava/lang/String;)V+116
j  org.apache.maven.surefire.junit4.JUnit4Provider.executeTestSet(Ljava/lang/Class;Lorg/apache/maven/surefire/report/RunListener;Lorg/junit/runner/notification/RunNotifier;)V+70
j  org.apache.maven.surefire.junit4.JUnit4Provider.invoke(Ljava/lang/Object;)Lorg/apache/maven/surefire/suite/RunResult;+133
v  ~StubRoutines::call_stub
V  [libjvm.so+0x6a7385]
V  [libjvm.so+0xa02b3d]
V  [libjvm.so+0xa03d2b]
V  [libjvm.so+0x758f31]  JVM_InvokeMethod+0x1f1
j  sun.reflect.NativeMethodAccessorImpl.invoke0(Ljava/lang/reflect/Method;Ljava/lang/Object;[Ljava/lang/Object;)Ljava/lang/Object;+0
j  sun.reflect.NativeMethodAccessorImpl.invoke(Ljava/lang/Object;[Ljava/lang/Object;)Ljava/lang/Object;+100
j  sun.reflect.DelegatingMethodAccessorImpl.invoke(Ljava/lang/Object;[Ljava/lang/Object;)Ljava/lang/Object;+6
j  java.lang.reflect.Method.invoke(Ljava/lang/Object;[Ljava/lang/Object;)Ljava/lang/Object;+56
j  org.apache.maven.surefire.util.ReflectionUtils.invokeMethodWithArray(Ljava/lang/Object;Ljava/lang/reflect/Method;[Ljava/lang/Object;)Ljava/lang/Object;+3
j  org.apache.maven.surefire.booter.ProviderFactory$ProviderProxy.invoke(Ljava/lang/Object;)Lorg/apache/maven/surefire/suite/RunResult;+38
j  org.apache.maven.surefire.booter.ProviderFactory.invokeProvider(Ljava/lang/Object;Ljava/lang/ClassLoader;Ljava/lang/ClassLoader;Ljava/lang/Object;Lorg/apache/maven/surefire/booter/ProviderConfiguration;ZLorg/apache/maven/surefire/booter/StartupConfiguration;Z)Lorg/apache/maven/surefire/suite/RunResult;+38
j  org.apache.maven.surefire.booter.ForkedBooter.runSuitesInProcess(Ljava/lang/Object;Ljava/lang/ClassLoader;Lorg/apache/maven/surefire/booter/StartupConfiguration;Lorg/apache/maven/surefire/booter/ProviderConfiguration;Ljava/io/PrintStream;)Lorg/apache/maven/surefire/suite/RunResult;+45
j  org.apache.maven.surefire.booter.ForkedBooter.main([Ljava/lang/String;)V+136
v  ~StubRoutines::call_stub
V  [libjvm.so+0x6a7385]
V  [libjvm.so+0x72897d]
V  [libjvm.so+0x72b54e]
C  [libjli.so+0x4802]
C  [libjli.so+0x8dc1]
C  [libpthread.so.0+0x8609]  start_thread+0xd9

Java frames: (J=compiled Java code, j=interpreted, Vv=VM code)
j  gov.usdot.cv.rgaencoder.Encoder.encodeRGA(Lgov/usdot/cv/rgaencoder/BaseLayer;Ljava/util/List;)[B+0
j  gov.usdot.cv.rgaencoder.Encoder.encode(Lgov/usdot/cv/rgaencoder/RGAData;)Lgov/usdot/cv/mapencoder/ByteArrayObject;+44
j  gov.usdot.cv.msg.builder.util.J2945Helper.getBytes(Lgov/usdot/cv/rgaencoder/RGAData;)[B+10
j  gov.usdot.cv.msg.builder.util.J2945Helper.getHexString(Lgov/usdot/cv/rgaencoder/RGAData;)Ljava/lang/String;+1
j  gov.usdot.cv.msg.builder.IntersectionSituationDataBuilder.build(Ljava/lang/String;)Lgov/usdot/cv/msg/builder/message/IntersectionMessage;+371
j  gov.usdot.cv.msg.builder.IntersectionSituationDataBuilderTest.runIntersectionSituationDataBuilderTests(Ljava/lang/String;Ljava/lang/String;)V+25
j  gov.usdot.cv.msg.builder.IntersectionSituationDataBuilderTest.rgaMessageFromUI()V+9
v  ~StubRoutines::call_stub
J 1424  sun.reflect.NativeMethodAccessorImpl.invoke0(Ljava/lang/reflect/Method;Ljava/lang/Object;[Ljava/lang/Object;)Ljava/lang/Object; (0 bytes) @ 0x00007fa9fd60c6b7 [0x00007fa9fd60c640+0x77]
J 1423 C1 sun.reflect.NativeMethodAccessorImpl.invoke(Ljava/lang/Object;[Ljava/lang/Object;)Ljava/lang/Object; (104 bytes) @ 0x00007fa9fd60f1d4 [0x00007fa9fd60e000+0x11d4]
J 1711 C2 java.lang.reflect.Method.invoke(Ljava/lang/Object;[Ljava/lang/Object;)Ljava/lang/Object; (62 bytes) @ 0x00007fa9fd6b4068 [0x00007fa9fd6b3fc0+0xa8]
j  org.junit.runners.model.FrameworkMethod$1.runReflectiveCall()Ljava/lang/Object;+15
j  org.junit.internal.runners.model.ReflectiveCallable.run()Ljava/lang/Object;+1
j  org.junit.runners.model.FrameworkMethod.invokeExplosively(Ljava/lang/Object;[Ljava/lang/Object;)Ljava/lang/Object;+10
j  org.junit.internal.runners.statements.InvokeMethod.evaluate()V+12
j  org.junit.internal.runners.statements.RunBefores.evaluate()V+49
j  org.junit.runners.ParentRunner.runLeaf(Lorg/junit/runners/model/Statement;Lorg/junit/runner/Description;Lorg/junit/runner/notification/RunNotifier;)V+17
j  org.junit.runners.BlockJUnit4ClassRunner.runChild(Lorg/junit/runners/model/FrameworkMethod;Lorg/junit/runner/notification/RunNotifier;)V+32
j  org.junit.runners.BlockJUnit4ClassRunner.runChild(Ljava/lang/Object;Lorg/junit/runner/notification/RunNotifier;)V+6
j  org.junit.runners.ParentRunner$3.run()V+12
j  org.junit.runners.ParentRunner$1.schedule(Ljava/lang/Runnable;)V+1
j  org.junit.runners.ParentRunner.runChildren(Lorg/junit/runner/notification/RunNotifier;)V+40
j  org.junit.runners.ParentRunner.access$000(Lorg/junit/runners/ParentRunner;Lorg/junit/runner/notification/RunNotifier;)V+2
j  org.junit.runners.ParentRunner$2.evaluate()V+8
j  org.junit.runners.ParentRunner.run(Lorg/junit/runner/notification/RunNotifier;)V+20
j  org.apache.maven.surefire.junit4.JUnit4Provider.execute(Ljava/lang/Class;Lorg/junit/runner/notification/RunNotifier;[Ljava/lang/String;)V+116
j  org.apache.maven.surefire.junit4.JUnit4Provider.executeTestSet(Ljava/lang/Class;Lorg/apache/maven/surefire/report/RunListener;Lorg/junit/runner/notification/RunNotifier;)V+70
j  org.apache.maven.surefire.junit4.JUnit4Provider.invoke(Ljava/lang/Object;)Lorg/apache/maven/surefire/suite/RunResult;+133
v  ~StubRoutines::call_stub
j  sun.reflect.NativeMethodAccessorImpl.invoke0(Ljava/lang/reflect/Method;Ljava/lang/Object;[Ljava/lang/Object;)Ljava/lang/Object;+0
j  sun.reflect.NativeMethodAccessorImpl.invoke(Ljava/lang/Object;[Ljava/lang/Object;)Ljava/lang/Object;+100
j  sun.reflect.DelegatingMethodAccessorImpl.invoke(Ljava/lang/Object;[Ljava/lang/Object;)Ljava/lang/Object;+6
j  java.lang.reflect.Method.invoke(Ljava/lang/Object;[Ljava/lang/Object;)Ljava/lang/Object;+56
j  org.apache.maven.surefire.util.ReflectionUtils.invokeMethodWithArray(Ljava/lang/Object;Ljava/lang/reflect/Method;[Ljava/lang/Object;)Ljava/lang/Object;+3
j  org.apache.maven.surefire.booter.ProviderFactory$ProviderProxy.invoke(Ljava/lang/Object;)Lorg/apache/maven/surefire/suite/RunResult;+38
j  org.apache.maven.surefire.booter.ProviderFactory.invokeProvider(Ljava/lang/Object;Ljava/lang/ClassLoader;Ljava/lang/ClassLoader;Ljava/lang/Object;Lorg/apache/maven/surefire/booter/ProviderConfiguration;ZLorg/apache/maven/surefire/booter/StartupConfiguration;Z)Lorg/apache/maven/surefire/suite/RunResult;+38
j  org.apache.maven.surefire.booter.ForkedBooter.runSuitesInProcess(Ljava/lang/Object;Ljava/lang/ClassLoader;Lorg/apache/maven/surefire/booter/StartupConfiguration;Lorg/apache/maven/surefire/booter/ProviderConfiguration;Ljava/io/PrintStream;)Lorg/apache/maven/surefire/suite/RunResult;+45
j  org.apache.maven.surefire.booter.ForkedBooter.main([Ljava/lang/String;)V+136
v  ~StubRoutines::call_stub

---------------  P R O C E S S  ---------------

Java Threads: ( => current thread )
  0x00007faa0c2d9000 JavaThread "Service Thread" daemon [_thread_blocked, id=1051189, stack(0x00007fa9f0d63000,0x00007fa9f0e64000)]
  0x00007faa0c2d6000 JavaThread "C1 CompilerThread11" daemon [_thread_blocked, id=1051188, stack(0x00007fa9f0e65000,0x00007fa9f0f65000)]
  0x00007faa0c2d3800 JavaThread "C1 CompilerThread10" daemon [_thread_blocked, id=1051187, stack(0x00007fa9f0f66000,0x00007fa9f1066000)]
  0x00007faa0c2d2000 JavaThread "C1 CompilerThread9" daemon [_thread_blocked, id=1051186, stack(0x00007fa9f1067000,0x00007fa9f1167000)]
  0x00007faa0c2d0000 JavaThread "C1 CompilerThread8" daemon [_thread_blocked, id=1051185, stack(0x00007fa9f1168000,0x00007fa9f1268000)]
  0x00007faa0c2cd800 JavaThread "C2 CompilerThread7" daemon [_thread_blocked, id=1051184, stack(0x00007fa9f1269000,0x00007fa9f1369000)]
  0x00007faa0c2cb800 JavaThread "C2 CompilerThread6" daemon [_thread_blocked, id=1051183, stack(0x00007fa9f136a000,0x00007fa9f146a000)]
  0x00007faa0c2c9800 JavaThread "C2 CompilerThread5" daemon [_thread_blocked, id=1051182, stack(0x00007fa9f146b000,0x00007fa9f156b000)]
  0x00007faa0c2c7800 JavaThread "C2 CompilerThread4" daemon [_thread_blocked, id=1051181, stack(0x00007fa9f156c000,0x00007fa9f166c000)]
  0x00007faa0c2bd800 JavaThread "C2 CompilerThread3" daemon [_thread_blocked, id=1051180, stack(0x00007fa9f166d000,0x00007fa9f176d000)]
  0x00007faa0c2bb800 JavaThread "C2 CompilerThread2" daemon [_thread_blocked, id=1051179, stack(0x00007fa9f176e000,0x00007fa9f186e000)]
  0x00007faa0c2b9800 JavaThread "C2 CompilerThread1" daemon [_thread_blocked, id=1051178, stack(0x00007fa9f186f000,0x00007fa9f196f000)]
  0x00007faa0c2b7000 JavaThread "C2 CompilerThread0" daemon [_thread_blocked, id=1051177, stack(0x00007fa9f1970000,0x00007fa9f1a70000)]
  0x00007faa0c2af000 JavaThread "Signal Dispatcher" daemon [_thread_blocked, id=1051176, stack(0x00007fa9f1a70000,0x00007fa9f1b71000)]
  0x00007faa0c281000 JavaThread "Finalizer" daemon [_thread_blocked, id=1051175, stack(0x00007fa9f20e1000,0x00007fa9f21e2000)]
  0x00007faa0c27c800 JavaThread "Reference Handler" daemon [_thread_blocked, id=1051174, stack(0x00007fa9f21e2000,0x00007fa9f22e3000)]
=>0x00007faa0c00b000 JavaThread "main" [_thread_in_vm, id=1051157, stack(0x00007faa10559000,0x00007faa10659000)]

Other Threads:
  0x00007faa0c273000 VMThread [stack: 0x00007fa9f22e4000,0x00007fa9f23e4000] [id=1051173]
  0x00007faa0c2db800 WatcherThread [stack: 0x00007fa9f0c63000,0x00007fa9f0d63000] [id=1051190]

VM state:not at safepoint (normal execution)

VM Mutex/Monitor currently owned by a thread: None

heap address: 0x00000005cb000000, size: 8016 MB, Compressed Oops mode: Zero based, Oop shift amount: 3
Narrow klass base: 0x0000000000000000, Narrow klass shift: 3
Compressed class space size: 1073741824 Address: 0x00000007c0000000

Heap:
 PSYoungGen      total 150016K, used 24966K [0x0000000719000000, 0x000000072b500000, 0x00000007c0000000)
  eden space 129024K, 19% used [0x0000000719000000,0x000000071a861810,0x0000000720e00000)
  from space 20992K, 0% used [0x0000000720e00000,0x0000000720e00000,0x0000000722280000)
  to   space 20992K, 0% used [0x000000072a080000,0x000000072a080000,0x000000072b500000)
 ParOldGen       total 264192K, used 12909K [0x00000005cb000000, 0x00000005db200000, 0x0000000719000000)
  object space 264192K, 4% used [0x00000005cb000000,0x00000005cbc9b570,0x00000005db200000)
 Metaspace       used 22456K, capacity 22974K, committed 23296K, reserved 1069056K
  class space    used 3069K, capacity 3202K, committed 3328K, reserved 1048576K

Card table byte_map: [0x00007fa9fc057000,0x00007fa9fd000000] byte_map_base: 0x00007fa9f91ff000

Marking Bits: (ParMarkBitMap*) 0x00007faa11790740
 Begin Bits: [0x00007fa9b4580000, 0x00007fa9bc2c0000)
 End Bits:   [0x00007fa9bc2c0000, 0x00007fa9c4000000)

Polling page: 0x00007faa11a39000

CodeCache: size=245760Kb used=8521Kb max_used=8531Kb free=237238Kb
 bounds [0x00007fa9fd000000, 0x00007fa9fd860000, 0x00007faa0c000000]
 total_blobs=2843 nmethods=2359 adapters=394
 compilation: enabled

Compilation events (10 events):
Event: 15.364 Thread 0x00007faa0c2d3800 nmethod 2357 0x00007fa9fd84e9d0 code [0x00007fa9fd84eb20, 0x00007fa9fd84ec30]
Event: 15.381 Thread 0x00007faa0c2d0000 2352       3       org.codehaus.jackson.io.NumberInput::parseInt (247 bytes)
Event: 15.398 Thread 0x00007faa0c2d0000 nmethod 2352 0x00007fa9fd851ad0 code [0x00007fa9fd851dc0, 0x00007fa9fd853208]
Event: 15.416 Thread 0x00007faa0c2c9800 nmethod 2349 0x00007fa9fd857410 code [0x00007fa9fd8575a0, 0x00007fa9fd8577c8]
Event: 15.419 Thread 0x00007faa0c2c7800 nmethod 2335 0x00007fa9fd857a10 code [0x00007fa9fd8585e0, 0x00007fa9fd85a7d8]
Event: 15.426 Thread 0x00007faa0c2d0000 2358       3       org.apache.logging.log4j.core.util.datetime.FastDatePrinter$CharacterLiteral::appendTo (12 bytes)
Event: 15.426 Thread 0x00007faa0c2d3800 2359       3       org.apache.logging.log4j.core.util.datetime.FastDatePrinter::access$000 (6 bytes)
Event: 15.426 Thread 0x00007faa0c2d6000 2360       3       org.apache.logging.log4j.core.util.datetime.FastDatePrinter::appendDigits (31 bytes)
Event: 15.426 Thread 0x00007faa0c2d0000 nmethod 2358 0x00007fa9fd851650 code [0x00007fa9fd8517c0, 0x00007fa9fd8519e8]
Event: 15.426 Thread 0x00007faa0c2d6000 nmethod 2360 0x00007fa9fd851050 code [0x00007fa9fd8511e0, 0x00007fa9fd851518]

GC Heap History (4 events):
Event: 4.103 GC heap before
{Heap before GC invocations=1 (full 0):
 PSYoungGen      total 150016K, used 126471K [0x0000000719000000, 0x0000000723700000, 0x00000007c0000000)
  eden space 129024K, 98% used [0x0000000719000000,0x0000000720b81d60,0x0000000720e00000)
  from space 20992K, 0% used [0x0000000722280000,0x0000000722280000,0x0000000723700000)
  to   space 20992K, 0% used [0x0000000720e00000,0x0000000720e00000,0x0000000722280000)
 ParOldGen       total 343040K, used 0K [0x00000005cb000000, 0x00000005dff00000, 0x0000000719000000)
  object space 343040K, 0% used [0x00000005cb000000,0x00000005cb000000,0x00000005dff00000)
 Metaspace       used 20738K, capacity 21180K, committed 21296K, reserved 1067008K
  class space    used 2837K, capacity 2944K, committed 2944K, reserved 1048576K
Event: 4.277 GC heap after
Heap after GC invocations=1 (full 0):
 PSYoungGen      total 150016K, used 13590K [0x0000000719000000, 0x000000072b500000, 0x00000007c0000000)
  eden space 129024K, 0% used [0x0000000719000000,0x0000000719000000,0x0000000720e00000)
  from space 20992K, 64% used [0x0000000720e00000,0x0000000721b45b60,0x0000000722280000)
  to   space 20992K, 0% used [0x000000072a080000,0x000000072a080000,0x000000072b500000)
 ParOldGen       total 343040K, used 88K [0x00000005cb000000, 0x00000005dff00000, 0x0000000719000000)
  object space 343040K, 0% used [0x00000005cb000000,0x00000005cb016010,0x00000005dff00000)
 Metaspace       used 20738K, capacity 21180K, committed 21296K, reserved 1067008K
  class space    used 2837K, capacity 2944K, committed 2944K, reserved 1048576K
}
Event: 4.277 GC heap before
{Heap before GC invocations=2 (full 1):
 PSYoungGen      total 150016K, used 13590K [0x0000000719000000, 0x000000072b500000, 0x00000007c0000000)
  eden space 129024K, 0% used [0x0000000719000000,0x0000000719000000,0x0000000720e00000)
  from space 20992K, 64% used [0x0000000720e00000,0x0000000721b45b60,0x0000000722280000)
  to   space 20992K, 0% used [0x000000072a080000,0x000000072a080000,0x000000072b500000)
 ParOldGen       total 343040K, used 88K [0x00000005cb000000, 0x00000005dff00000, 0x0000000719000000)
  object space 343040K, 0% used [0x00000005cb000000,0x00000005cb016010,0x00000005dff00000)
 Metaspace       used 20738K, capacity 21180K, committed 21296K, reserved 1067008K
  class space    used 2837K, capacity 2944K, committed 2944K, reserved 1048576K
Event: 13.260 GC heap after
Heap after GC invocations=2 (full 1):
 PSYoungGen      total 150016K, used 0K [0x0000000719000000, 0x000000072b500000, 0x00000007c0000000)
  eden space 129024K, 0% used [0x0000000719000000,0x0000000719000000,0x0000000720e00000)
  from space 20992K, 0% used [0x0000000720e00000,0x0000000720e00000,0x0000000722280000)
  to   space 20992K, 0% used [0x000000072a080000,0x000000072a080000,0x000000072b500000)
 ParOldGen       total 264192K, used 12909K [0x00000005cb000000, 0x00000005db200000, 0x0000000719000000)
  object space 264192K, 4% used [0x00000005cb000000,0x00000005cbc9b570,0x00000005db200000)
 Metaspace       used 20725K, capacity 21138K, committed 21296K, reserved 1067008K
  class space    used 2833K, capacity 2937K, committed 2944K, reserved 1048576K
}

Deoptimization events (10 events):
Event: 2.098 Thread 0x00007faa0c00b000 Uncommon trap: reason=unstable_if action=reinterpret pc=0x00007fa9fd4c5a74 method=java.lang.AbstractStringBuilder.append(Ljava/lang/String;)Ljava/lang/AbstractStringBuilder; @ 1
Event: 2.542 Thread 0x00007faa0c00b000 Uncommon trap: reason=unstable_if action=reinterpret pc=0x00007fa9fd4a1884 method=java.lang.String.lastIndexOf([CII[CIII)I @ 17
Event: 2.802 Thread 0x00007faa0c00b000 Uncommon trap: reason=bimorphic action=maybe_recompile pc=0x00007fa9fd4f81ac method=java.util.HashMap.putVal(ILjava/lang/Object;Ljava/lang/Object;ZZ)Ljava/lang/Object; @ 203
Event: 2.819 Thread 0x00007faa0c00b000 Uncommon trap: reason=bimorphic action=maybe_recompile pc=0x00007fa9fd4f81ac method=java.util.HashMap.putVal(ILjava/lang/Object;Ljava/lang/Object;ZZ)Ljava/lang/Object; @ 203
Event: 2.825 Thread 0x00007faa0c00b000 Uncommon trap: reason=bimorphic action=maybe_recompile pc=0x00007fa9fd4f81ac method=java.util.HashMap.putVal(ILjava/lang/Object;Ljava/lang/Object;ZZ)Ljava/lang/Object; @ 203
Event: 3.599 Thread 0x00007faa0c00b000 Uncommon trap: reason=unstable_if action=reinterpret pc=0x00007fa9fd33615c method=java.lang.String.replace(CC)Ljava/lang/String; @ 26
Event: 13.279 Thread 0x00007faa0c00b000 Uncommon trap: reason=unstable_if action=reinterpret pc=0x00007fa9fd65317c method=java.lang.ref.ReferenceQueue.poll()Ljava/lang/ref/Reference; @ 4
Event: 13.478 Thread 0x00007faa0c00b000 Uncommon trap: reason=unstable_if action=reinterpret pc=0x00007fa9fd714bfc method=sun.reflect.annotation.AnnotationInvocationHandler.invoke(Ljava/lang/Object;Ljava/lang/reflect/Method;[Ljava/lang/Object;)Ljava/lang/Object; @ 263
Event: 13.885 Thread 0x00007faa0c00b000 Uncommon trap: reason=unstable_if action=reinterpret pc=0x00007fa9fd506d20 method=java.lang.CharacterDataLatin1.isWhitespace(I)Z @ 14
Event: 15.078 Thread 0x00007faa0c00b000 Uncommon trap: reason=unstable_if action=reinterpret pc=0x00007fa9fd7d763c method=org.codehaus.jackson.impl.Utf8StreamParser._skipWS()I @ 82

Classes redefined (0 events):
No events

Internal exceptions (10 events):
Event: 0.554 Thread 0x00007faa0c00b000 Exception <a 'java/lang/reflect/InvocationTargetException'> (0x000000071a252408) thrown at [/build/openjdk-8-zJa3ZI/openjdk-8-8u442-b06~us1/src/hotspot/src/share/vm/runtime/reflection.cpp, line 1089]
Event: 0.612 Thread 0x00007faa0c00b000 Exception <a 'java/security/PrivilegedActionException'> (0x000000071a45e290) thrown at [/build/openjdk-8-zJa3ZI/openjdk-8-8u442-b06~us1/src/hotspot/src/share/vm/prims/jvm.cpp, line 1512]
Event: 0.612 Thread 0x00007faa0c00b000 Exception <a 'java/security/PrivilegedActionException'> (0x000000071a45e688) thrown at [/build/openjdk-8-zJa3ZI/openjdk-8-8u442-b06~us1/src/hotspot/src/share/vm/prims/jvm.cpp, line 1512]
Event: 0.612 Thread 0x00007faa0c00b000 Exception <a 'java/security/PrivilegedActionException'> (0x000000071a461178) thrown at [/build/openjdk-8-zJa3ZI/openjdk-8-8u442-b06~us1/src/hotspot/src/share/vm/prims/jvm.cpp, line 1512]
Event: 0.612 Thread 0x00007faa0c00b000 Exception <a 'java/security/PrivilegedActionException'> (0x000000071a461570) thrown at [/build/openjdk-8-zJa3ZI/openjdk-8-8u442-b06~us1/src/hotspot/src/share/vm/prims/jvm.cpp, line 1512]
Event: 0.689 Thread 0x00007faa0c00b000 Exception <a 'java/lang/IncompatibleClassChangeError': Found class java.lang.Object, but interface was expected> (0x000000071a5d2c08) thrown at [/build/openjdk-8-zJa3ZI/openjdk-8-8u442-b06~us1/src/hotspot/src/share/vm/interpreter/linkResolver.cpp, line 65
Event: 1.833 Thread 0x00007faa0c00b000 Exception <a 'sun/nio/fs/UnixException'> (0x000000071c5e0700) thrown at [/build/openjdk-8-zJa3ZI/openjdk-8-8u442-b06~us1/src/hotspot/src/share/vm/prims/jni.cpp, line 712]
Event: 2.098 Thread 0x00007faa0c00b000 Implicit null exception at 0x00007fa9fd4c56b5 to 0x00007fa9fd4c5a61
Event: 13.425 Thread 0x00007faa0c00b000 Exception <a 'java/lang/reflect/InvocationTargetException'> (0x00000007195730f0) thrown at [/build/openjdk-8-zJa3ZI/openjdk-8-8u442-b06~us1/src/hotspot/src/share/vm/runtime/reflection.cpp, line 1089]
Event: 14.783 Thread 0x00007faa0c00b000 Exception <a 'java/lang/reflect/InvocationTargetException'> (0x000000071a1d8998) thrown at [/build/openjdk-8-zJa3ZI/openjdk-8-8u442-b06~us1/src/hotspot/src/share/vm/runtime/reflection.cpp, line 1089]

Events (10 events):
Event: 15.338 loading class gov/usdot/cv/rgaencoder/MotorVehicleLaneGeometryLayer
Event: 15.338 loading class gov/usdot/cv/rgaencoder/MotorVehicleLaneGeometryLayer done
Event: 15.339 loading class gov/usdot/cv/rgaencoder/IndividualApproachGeometryInfo
Event: 15.339 loading class gov/usdot/cv/rgaencoder/IndividualApproachGeometryInfo done
Event: 15.339 loading class gov/usdot/cv/rgaencoder/IndvMtrVehLaneGeometryInfo
Event: 15.339 loading class gov/usdot/cv/rgaencoder/IndvMtrVehLaneGeometryInfo done
Event: 15.340 loading class gov/usdot/cv/msg/builder/util/J2945Helper
Event: 15.340 loading class gov/usdot/cv/msg/builder/util/J2945Helper done
Event: 15.341 loading class gov/usdot/cv/rgaencoder/Encoder
Event: 15.341 loading class gov/usdot/cv/rgaencoder/Encoder done


Dynamic libraries:
5cb000000-5db200000 rw-p 00000000 00:00 0 
5db200000-719000000 ---p 00000000 00:00 0 
719000000-72b500000 rw-p 00000000 00:00 0 
72b500000-7c0000000 ---p 00000000 00:00 0 
7c0000000-7c0340000 rw-p 00000000 00:00 0 
7c0340000-800000000 ---p 00000000 00:00 0 
55ac9e1da000-55ac9e1db000 r--p 00000000 08:05 265682                     /usr/lib/jvm/java-8-openjdk-amd64/jre/bin/java
55ac9e1db000-55ac9e1dc000 r-xp 00001000 08:05 265682                     /usr/lib/jvm/java-8-openjdk-amd64/jre/bin/java
55ac9e1dc000-55ac9e1dd000 r--p 00002000 08:05 265682                     /usr/lib/jvm/java-8-openjdk-amd64/jre/bin/java
55ac9e1dd000-55ac9e1de000 r--p 00002000 08:05 265682                     /usr/lib/jvm/java-8-openjdk-amd64/jre/bin/java
55ac9e1de000-55ac9e1df000 rw-p 00003000 08:05 265682                     /usr/lib/jvm/java-8-openjdk-amd64/jre/bin/java
55acbffd3000-55acbfff4000 rw-p 00000000 00:00 0                          [heap]
7fa958000000-7fa958021000 rw-p 00000000 00:00 0 
7fa958021000-7fa95c000000 ---p 00000000 00:00 0 
7fa960000000-7fa9600c7000 rw-p 00000000 00:00 0 
7fa9600c7000-7fa964000000 ---p 00000000 00:00 0 
7fa964000000-7fa964021000 rw-p 00000000 00:00 0 
7fa964021000-7fa968000000 ---p 00000000 00:00 0 
7fa968000000-7fa968149000 rw-p 00000000 00:00 0 
7fa968149000-7fa96c000000 ---p 00000000 00:00 0 
7fa96c000000-7fa96c0fe000 rw-p 00000000 00:00 0 
7fa96c0fe000-7fa970000000 ---p 00000000 00:00 0 
7fa970000000-7fa97011c000 rw-p 00000000 00:00 0 
7fa97011c000-7fa974000000 ---p 00000000 00:00 0 
7fa974000000-7fa974170000 rw-p 00000000 00:00 0 
7fa974170000-7fa978000000 ---p 00000000 00:00 0 
7fa978000000-7fa97864b000 rw-p 00000000 00:00 0 
7fa97864b000-7fa97c000000 ---p 00000000 00:00 0 
7fa97c000000-7fa97c182000 rw-p 00000000 00:00 0 
7fa97c182000-7fa980000000 ---p 00000000 00:00 0 
7fa980000000-7fa98030b000 rw-p 00000000 00:00 0 
7fa98030b000-7fa984000000 ---p 00000000 00:00 0 
7fa984000000-7fa984226000 rw-p 00000000 00:00 0 
7fa984226000-7fa988000000 ---p 00000000 00:00 0 
7fa988000000-7fa988063000 rw-p 00000000 00:00 0 
7fa988063000-7fa98c000000 ---p 00000000 00:00 0 
7fa98c000000-7fa98c082000 rw-p 00000000 00:00 0 
7fa98c082000-7fa990000000 ---p 00000000 00:00 0 
7fa990000000-7fa990021000 rw-p 00000000 00:00 0 
7fa990021000-7fa994000000 ---p 00000000 00:00 0 
7fa994000000-7fa994213000 rw-p 00000000 00:00 0 
7fa994213000-7fa998000000 ---p 00000000 00:00 0 
7fa998000000-7fa998021000 rw-p 00000000 00:00 0 
7fa998021000-7fa99c000000 ---p 00000000 00:00 0 
7fa99c000000-7fa99c021000 rw-p 00000000 00:00 0 
7fa99c021000-7fa9a0000000 ---p 00000000 00:00 0 
7fa9a0000000-7fa9a0021000 rw-p 00000000 00:00 0 
7fa9a0021000-7fa9a4000000 ---p 00000000 00:00 0 
7fa9a8000000-7fa9a8021000 rw-p 00000000 00:00 0 
7fa9a8021000-7fa9ac000000 ---p 00000000 00:00 0 
7fa9ac000000-7fa9ac021000 rw-p 00000000 00:00 0 
7fa9ac021000-7fa9b0000000 ---p 00000000 00:00 0 
7fa9b0000000-7fa9b0021000 rw-p 00000000 00:00 0 
7fa9b0021000-7fa9b4000000 ---p 00000000 00:00 0 
7fa9b4580000-7fa9c4000000 rw-p 00000000 00:00 0 
7fa9c4000000-7fa9c4021000 rw-p 00000000 00:00 0 
7fa9c4021000-7fa9c8000000 ---p 00000000 00:00 0 
7fa9c8000000-7fa9c8021000 rw-p 00000000 00:00 0 
7fa9c8021000-7fa9cc000000 ---p 00000000 00:00 0 
7fa9cc000000-7fa9cc021000 rw-p 00000000 00:00 0 
7fa9cc021000-7fa9d0000000 ---p 00000000 00:00 0 
7fa9d4000000-7fa9d4021000 rw-p 00000000 00:00 0 
7fa9d4021000-7fa9d8000000 ---p 00000000 00:00 0 
7fa9d8000000-7fa9d8021000 rw-p 00000000 00:00 0 
7fa9d8021000-7fa9dc000000 ---p 00000000 00:00 0 
7fa9dc000000-7fa9dc021000 rw-p 00000000 00:00 0 
7fa9dc021000-7fa9e0000000 ---p 00000000 00:00 0 
7fa9e0000000-7fa9e0021000 rw-p 00000000 00:00 0 
7fa9e0021000-7fa9e4000000 ---p 00000000 00:00 0 
7fa9e4000000-7fa9e4021000 rw-p 00000000 00:00 0 
7fa9e4021000-7fa9e8000000 ---p 00000000 00:00 0 
7fa9eb992000-7fa9eba44000 r--p 00000000 08:05 3801112                    /home/carma/maptool_ws/public/connectedvcs-tools/fedgov-cv-lib-asn1c/third_party_lib/libasn1c_rga.so
7fa9eba44000-7fa9ebac8000 r-xp 000b2000 08:05 3801112                    /home/carma/maptool_ws/public/connectedvcs-tools/fedgov-cv-lib-asn1c/third_party_lib/libasn1c_rga.so
7fa9ebac8000-7fa9ebb10000 r--p 00136000 08:05 3801112                    /home/carma/maptool_ws/public/connectedvcs-tools/fedgov-cv-lib-asn1c/third_party_lib/libasn1c_rga.so
7fa9ebb10000-7fa9ebb1c000 r--p 0017d000 08:05 3801112                    /home/carma/maptool_ws/public/connectedvcs-tools/fedgov-cv-lib-asn1c/third_party_lib/libasn1c_rga.so
7fa9ebb1c000-7fa9ebbaa000 rw-p 00189000 08:05 3801112                    /home/carma/maptool_ws/public/connectedvcs-tools/fedgov-cv-lib-asn1c/third_party_lib/libasn1c_rga.so
7fa9ebbaa000-7fa9ebd2a000 rw-p 00000000 00:00 0 
7fa9ebd2a000-7fa9ebdaa000 ---p 00000000 00:00 0 
7fa9ebdaa000-7fa9ebe4e000 r--p 00000000 08:05 3675216                    /home/carma/maptool_ws/public/connectedvcs-tools/fedgov-cv-lib-asn1c/third_party_lib/libasn1c.so
7fa9ebe4e000-7fa9ebf1a000 r-xp 000a4000 08:05 3675216                    /home/carma/maptool_ws/public/connectedvcs-tools/fedgov-cv-lib-asn1c/third_party_lib/libasn1c.so
7fa9ebf1a000-7fa9ebf73000 r--p 00170000 08:05 3675216                    /home/carma/maptool_ws/public/connectedvcs-tools/fedgov-cv-lib-asn1c/third_party_lib/libasn1c.so
7fa9ebf73000-7fa9ebf7e000 r--p 001c8000 08:05 3675216                    /home/carma/maptool_ws/public/connectedvcs-tools/fedgov-cv-lib-asn1c/third_party_lib/libasn1c.so
7fa9ebf7e000-7fa9ec000000 rw-p 001d3000 08:05 3675216                    /home/carma/maptool_ws/public/connectedvcs-tools/fedgov-cv-lib-asn1c/third_party_lib/libasn1c.so
7fa9ec000000-7fa9ec021000 rw-p 00000000 00:00 0 
7fa9ec021000-7fa9f0000000 ---p 00000000 00:00 0 
7fa9f00d4000-7fa9f02d4000 rw-p 00000000 00:00 0 
7fa9f02d4000-7fa9f04d4000 rw-p 00000000 00:00 0 
7fa9f04d4000-7fa9f06d4000 rw-p 00000000 00:00 0 
7fa9f06d4000-7fa9f08d4000 rw-p 00000000 00:00 0 
7fa9f08d4000-7fa9f0ad4000 rw-p 00000000 00:00 0 
7fa9f0ad4000-7fa9f0ad8000 r--p 00000000 08:05 284807                     /usr/lib/jvm/java-8-openjdk-amd64/jre/lib/amd64/libmanagement.so
7fa9f0ad8000-7fa9f0adc000 r-xp 00004000 08:05 284807                     /usr/lib/jvm/java-8-openjdk-amd64/jre/lib/amd64/libmanagement.so
7fa9f0adc000-7fa9f0ade000 r--p 00008000 08:05 284807                     /usr/lib/jvm/java-8-openjdk-amd64/jre/lib/amd64/libmanagement.so
7fa9f0ade000-7fa9f0adf000 r--p 00009000 08:05 284807                     /usr/lib/jvm/java-8-openjdk-amd64/jre/lib/amd64/libmanagement.so
7fa9f0adf000-7fa9f0ae0000 rw-p 0000a000 08:05 284807                     /usr/lib/jvm/java-8-openjdk-amd64/jre/lib/amd64/libmanagement.so
7fa9f0b3d000-7fa9f0b40000 r--s 00007000 08:05 3334194                    /root/.m2/repository/org/apache/maven/surefire/surefire-junit4/2.12.4/surefire-junit4-2.12.4.jar
7fa9f0b40000-7fa9f0b65000 r--s 001ac000 08:05 3334391                    /root/.m2/repository/org/apache/logging/log4j/log4j-core/2.23.1/log4j-core-2.23.1.jar
7fa9f0b65000-7fa9f0b6c000 r--s 0004d000 08:05 3334389                    /root/.m2/repository/org/apache/logging/log4j/log4j-api/2.23.1/log4j-api-2.23.1.jar
7fa9f0b6c000-7fa9f0b6e000 r--s 0000c000 08:05 3278047                    /root/.m2/repository/org/objenesis/objenesis/2.6/objenesis-2.6.jar
7fa9f0b6e000-7fa9f0b72000 r--s 0003c000 08:05 3278039                    /root/.m2/repository/net/bytebuddy/byte-buddy-agent/1.10.5/byte-buddy-agent-1.10.5.jar
7fa9f0b72000-7fa9f0bba000 r--s 002e9000 08:05 3278041                    /root/.m2/repository/net/bytebuddy/byte-buddy/1.10.5/byte-buddy-1.10.5.jar
7fa9f0bba000-7fa9f0bcb000 r--s 00080000 08:05 3278043                    /root/.m2/repository/org/mockito/mockito-core/3.3.0/mockito-core-3.3.0.jar
7fa9f0bcb000-7fa9f0bcd000 r--s 00009000 08:05 3278242                    /root/.m2/repository/org/hamcrest/hamcrest-core/1.3/hamcrest-core-1.3.jar
7fa9f0bcd000-7fa9f0bd3000 r--s 00036000 08:05 3278239                    /root/.m2/repository/junit/junit/4.11/junit-4.11.jar
7fa9f0bd3000-7fa9f0bd5000 r--s 00018000 08:05 3278238                    /root/.m2/repository/javax/servlet/servlet-api/2.5/servlet-api-2.5.jar
7fa9f0bd5000-7fa9f0bd6000 r--s 00006000 08:05 3278237                    /root/.m2/repository/org/codehaus/jackson/jackson-xc/1.9.2/jackson-xc-1.9.2.jar
7fa9f0bd6000-7fa9f0bd7000 r--s 00004000 08:05 3278235                    /root/.m2/repository/org/codehaus/jackson/jackson-jaxrs/1.9.2/jackson-jaxrs-1.9.2.jar
7fa9f0bd7000-7fa9f0bd9000 r--s 0000e000 08:05 3278231                    /root/.m2/repository/javax/activation/activation/1.1/activation-1.1.jar
7fa9f0bd9000-7fa9f0bdb000 r--s 00004000 08:05 3278230                    /root/.m2/repository/javax/xml/stream/stax-api/1.0-2/stax-api-1.0-2.jar
7fa9f0bdb000-7fa9f0bde000 r--s 00017000 08:05 3278228                    /root/.m2/repository/javax/xml/bind/jaxb-api/2.2.2/jaxb-api-2.2.2.jar
7fa9f0bde000-7fa9f0bf1000 r--s 000c7000 08:05 3278225                    /root/.m2/repository/com/sun/xml/bind/jaxb-impl/2.2.3-1/jaxb-impl-2.2.3-1.jar
7fa9f0bf1000-7fa9f0bf3000 r--s 0000f000 08:05 3278224                    /root/.m2/repository/org/codehaus/jettison/jettison/1.1/jettison-1.1.jar
7fa9f0bf3000-7fa9f0bf8000 r--s 00024000 08:05 3278221                    /root/.m2/repository/com/sun/jersey/jersey-json/1.19.3/jersey-json-1.19.3.jar
7fa9f0bf8000-7fa9f0bfc000 r--s 0001d000 08:05 3278219                    /root/.m2/repository/com/sun/jersey/jersey-client/1.19.3/jersey-client-1.19.3.jar
7fa9f0bfc000-7fa9f0c06000 r--s 00061000 08:05 3278215                    /root/.m2/repository/com/sun/jersey/jersey-core/1.19.3/jersey-core-1.19.3.jar
7fa9f0c06000-7fa9f0c16000 r--s 0009c000 08:05 3278213                    /root/.m2/repository/com/sun/jersey/jersey-server/1.19.3/jersey-server-1.19.3.jar
7fa9f0c16000-7fa9f0c62000 r--s 003f9000 08:05 3278037                    /root/.m2/repository/io/netty/netty-all/4.1.66.Final/netty-all-4.1.66.Final.jar
7fa9f0c62000-7fa9f0c63000 ---p 00000000 00:00 0 
7fa9f0c63000-7fa9f0d63000 rw-p 00000000 00:00 0 
7fa9f0d63000-7fa9f0d66000 ---p 00000000 00:00 0 
7fa9f0d66000-7fa9f0e64000 rw-p 00000000 00:00 0 
7fa9f0e64000-7fa9f0e65000 ---p 00000000 00:00 0 
7fa9f0e65000-7fa9f0e68000 ---p 00000000 00:00 0 
7fa9f0e68000-7fa9f0f65000 rw-p 00000000 00:00 0 
7fa9f0f65000-7fa9f0f66000 ---p 00000000 00:00 0 
7fa9f0f66000-7fa9f0f69000 ---p 00000000 00:00 0 
7fa9f0f69000-7fa9f1066000 rw-p 00000000 00:00 0 
7fa9f1066000-7fa9f1067000 ---p 00000000 00:00 0 
7fa9f1067000-7fa9f106a000 ---p 00000000 00:00 0 
7fa9f106a000-7fa9f1167000 rw-p 00000000 00:00 0 
7fa9f1167000-7fa9f1168000 ---p 00000000 00:00 0 
7fa9f1168000-7fa9f116b000 ---p 00000000 00:00 0 
7fa9f116b000-7fa9f1268000 rw-p 00000000 00:00 0 
7fa9f1268000-7fa9f1269000 ---p 00000000 00:00 0 
7fa9f1269000-7fa9f126c000 ---p 00000000 00:00 0 
7fa9f126c000-7fa9f1369000 rw-p 00000000 00:00 0 
7fa9f1369000-7fa9f136a000 ---p 00000000 00:00 0 
7fa9f136a000-7fa9f136d000 ---p 00000000 00:00 0 
7fa9f136d000-7fa9f146a000 rw-p 00000000 00:00 0 
7fa9f146a000-7fa9f146b000 ---p 00000000 00:00 0 
7fa9f146b000-7fa9f146e000 ---p 00000000 00:00 0 
7fa9f146e000-7fa9f156b000 rw-p 00000000 00:00 0 
7fa9f156b000-7fa9f156c000 ---p 00000000 00:00 0 
7fa9f156c000-7fa9f156f000 ---p 00000000 00:00 0 
7fa9f156f000-7fa9f166c000 rw-p 00000000 00:00 0 
7fa9f166c000-7fa9f166d000 ---p 00000000 00:00 0 
7fa9f166d000-7fa9f1670000 ---p 00000000 00:00 0 
7fa9f1670000-7fa9f176d000 rw-p 00000000 00:00 0 
7fa9f176d000-7fa9f176e000 ---p 00000000 00:00 0 
7fa9f176e000-7fa9f1771000 ---p 00000000 00:00 0 
7fa9f1771000-7fa9f186e000 rw-p 00000000 00:00 0 
7fa9f186e000-7fa9f186f000 ---p 00000000 00:00 0 
7fa9f186f000-7fa9f1872000 ---p 00000000 00:00 0 
7fa9f1872000-7fa9f196f000 rw-p 00000000 00:00 0 
7fa9f196f000-7fa9f1970000 ---p 00000000 00:00 0 
7fa9f1970000-7fa9f1973000 ---p 00000000 00:00 0 
7fa9f1973000-7fa9f1a70000 rw-p 00000000 00:00 0 
7fa9f1a70000-7fa9f1a73000 ---p 00000000 00:00 0 
7fa9f1a73000-7fa9f1b71000 rw-p 00000000 00:00 0 
7fa9f1b71000-7fa9f20e1000 r--p 00000000 08:05 262249                     /usr/lib/locale/locale-archive
7fa9f20e1000-7fa9f20e4000 ---p 00000000 00:00 0 
7fa9f20e4000-7fa9f21e2000 rw-p 00000000 00:00 0 
7fa9f21e2000-7fa9f21e5000 ---p 00000000 00:00 0 
7fa9f21e5000-7fa9f22e3000 rw-p 00000000 00:00 0 
7fa9f22e3000-7fa9f22e4000 ---p 00000000 00:00 0 
7fa9f22e4000-7fa9f4000000 rw-p 00000000 00:00 0 
7fa9f4000000-7fa9f4021000 rw-p 00000000 00:00 0 
7fa9f4021000-7fa9f8000000 ---p 00000000 00:00 0 
7fa9f8000000-7fa9f8002000 r--s 0000a000 08:05 3278210                    /root/.m2/repository/javax/ws/rs/jsr311-api/1.1.1/jsr311-api-1.1.1.jar
7fa9f8002000-7fa9f8006000 r--s 0001c000 08:05 3278209                    /root/.m2/repository/com/sun/jersey/jersey-servlet/1.19.3/jersey-servlet-1.19.3.jar
7fa9f8006000-7fa9f800a000 r--s 00035000 08:05 3278211                    /root/.m2/repository/org/codehaus/jackson/jackson-core-asl/1.9.13/jackson-core-asl-1.9.13.jar
7fa9f800a000-7fa9f8018000 r--s 000b1000 08:05 3278207                    /root/.m2/repository/org/codehaus/jackson/jackson-mapper-asl/1.9.13/jackson-mapper-asl-1.9.13.jar
7fa9f8018000-7fa9f801e000 r--s 00033000 08:05 3278205                    /root/.m2/repository/commons-codec/commons-codec/1.6/commons-codec-1.6.jar
7fa9f801e000-7fa9f8020000 r--s 00005000 08:05 3289986                    /root/.m2/repository/gov/usdot/fedgov-cv-rgaencoder/1.0.0-SNAPSHOT/fedgov-cv-rgaencoder-1.0.0-SNAPSHOT.jar
7fa9f8020000-7fa9f8023000 r--s 00025000 08:05 3277157                    /root/.m2/repository/commons-io/commons-io/2.1/commons-io-2.1.jar
7fa9f8023000-7fa9f8033000 r--s 000bc000 08:05 3278045                    /root/.m2/repository/org/jboss/netty/netty/3.2.10.Final/netty-3.2.10.Final.jar
7fa9f8033000-7fa9f8036000 r--s 0000c000 08:05 3278050                    /root/.m2/repository/gov/usdot/fedgov-cv-mapencoder/1.0.0-SNAPSHOT/fedgov-cv-mapencoder-1.0.0-SNAPSHOT.jar
7fa9f8036000-7fa9f803a000 r--s 00019000 08:05 3277856                    /root/.m2/repository/org/apache/maven/surefire/surefire-api/2.12.4/surefire-api-2.12.4.jar
7fa9f803a000-7fa9f803f000 r--p 00000000 08:05 284809                     /usr/lib/jvm/java-8-openjdk-amd64/jre/lib/amd64/libnet.so
7fa9f803f000-7fa9f8050000 r-xp 00005000 08:05 284809                     /usr/lib/jvm/java-8-openjdk-amd64/jre/lib/amd64/libnet.so
7fa9f8050000-7fa9f8054000 r--p 00016000 08:05 284809                     /usr/lib/jvm/java-8-openjdk-amd64/jre/lib/amd64/libnet.so
7fa9f8054000-7fa9f8055000 r--p 00019000 08:05 284809                     /usr/lib/jvm/java-8-openjdk-amd64/jre/lib/amd64/libnet.so
7fa9f8055000-7fa9f8056000 rw-p 0001a000 08:05 284809                     /usr/lib/jvm/java-8-openjdk-amd64/jre/lib/amd64/libnet.so
7fa9f8056000-7fa9f805d000 r--p 00000000 08:05 284810                     /usr/lib/jvm/java-8-openjdk-amd64/jre/lib/amd64/libnio.so
7fa9f805d000-7fa9f8066000 r-xp 00007000 08:05 284810                     /usr/lib/jvm/java-8-openjdk-amd64/jre/lib/amd64/libnio.so
7fa9f8066000-7fa9f8069000 r--p 00010000 08:05 284810                     /usr/lib/jvm/java-8-openjdk-amd64/jre/lib/amd64/libnio.so
7fa9f8069000-7fa9f806a000 r--p 00012000 08:05 284810                     /usr/lib/jvm/java-8-openjdk-amd64/jre/lib/amd64/libnio.so
7fa9f806a000-7fa9f806b000 rw-p 00013000 08:05 284810                     /usr/lib/jvm/java-8-openjdk-amd64/jre/lib/amd64/libnio.so
7fa9f806b000-7fa9f806d000 r--s 00007000 08:05 3277858                    /root/.m2/repository/org/apache/maven/surefire/surefire-booter/2.12.4/surefire-booter-2.12.4.jar
7fa9f806d000-7fa9f806f000 r--s 0000c000 08:05 407777                     /usr/share/java/java-atk-wrapper.jar
7fa9f806f000-7fa9f8079000 r--s 00117000 08:05 284850                     /usr/lib/jvm/java-8-openjdk-amd64/jre/lib/ext/localedata.jar
7fa9f8079000-7fa9f807c000 r--s 00042000 08:05 284858                     /usr/lib/jvm/java-8-openjdk-amd64/jre/lib/ext/sunpkcs11.jar
7fa9f807c000-7fa9f8097000 r--s 001d6000 08:05 284853                     /usr/lib/jvm/java-8-openjdk-amd64/jre/lib/ext/nashorn.jar
7fa9f8097000-7fa9f8ef3000 rw-p 00000000 00:00 0 
7fa9f8ef3000-7fa9f90c5000 r--s 03cce000 08:05 284896                     /usr/lib/jvm/java-8-openjdk-amd64/jre/lib/rt.jar
7fa9f90c5000-7fa9fa9db000 rw-p 00000000 00:00 0 
7fa9fa9db000-7fa9fa9dc000 ---p 00000000 00:00 0 
7fa9fa9dc000-7fa9faadc000 rw-p 00000000 00:00 0 
7fa9faadc000-7fa9faadd000 ---p 00000000 00:00 0 
7fa9faadd000-7fa9fabdd000 rw-p 00000000 00:00 0 
7fa9fabdd000-7fa9fabde000 ---p 00000000 00:00 0 
7fa9fabde000-7fa9facde000 rw-p 00000000 00:00 0 
7fa9facde000-7fa9facdf000 ---p 00000000 00:00 0 
7fa9facdf000-7fa9faddf000 rw-p 00000000 00:00 0 
7fa9faddf000-7fa9fade0000 ---p 00000000 00:00 0 
7fa9fade0000-7fa9faee0000 rw-p 00000000 00:00 0 
7fa9faee0000-7fa9faee1000 ---p 00000000 00:00 0 
7fa9faee1000-7fa9fafe1000 rw-p 00000000 00:00 0 
7fa9fafe1000-7fa9fafe2000 ---p 00000000 00:00 0 
7fa9fafe2000-7fa9fb0e2000 rw-p 00000000 00:00 0 
7fa9fb0e2000-7fa9fb0e3000 ---p 00000000 00:00 0 
7fa9fb0e3000-7fa9fb1e3000 rw-p 00000000 00:00 0 
7fa9fb1e3000-7fa9fb1e4000 ---p 00000000 00:00 0 
7fa9fb1e4000-7fa9fb2e4000 rw-p 00000000 00:00 0 
7fa9fb2e4000-7fa9fb2e5000 ---p 00000000 00:00 0 
7fa9fb2e5000-7fa9fb3e5000 rw-p 00000000 00:00 0 
7fa9fb3e5000-7fa9fb3e6000 ---p 00000000 00:00 0 
7fa9fb3e6000-7fa9fb4e6000 rw-p 00000000 00:00 0 
7fa9fb4e6000-7fa9fb4e7000 ---p 00000000 00:00 0 
7fa9fb4e7000-7fa9fb668000 rw-p 00000000 00:00 0 
7fa9fb668000-7fa9fc057000 ---p 00000000 00:00 0 
7fa9fc057000-7fa9fc0d8000 rw-p 00000000 00:00 0 
7fa9fc0d8000-7fa9fcac7000 ---p 00000000 00:00 0 
7fa9fcac7000-7fa9fcb5a000 rw-p 00000000 00:00 0 
7fa9fcb5a000-7fa9fcfff000 ---p 00000000 00:00 0 
7fa9fcfff000-7fa9fd000000 rw-p 00000000 00:00 0 
7fa9fd000000-7fa9fd860000 rwxp 00000000 00:00 0 
7fa9fd860000-7faa0c000000 ---p 00000000 00:00 0 
7faa0c000000-7faa0cc63000 rw-p 00000000 00:00 0 
7faa0cc63000-7faa10000000 ---p 00000000 00:00 0 
7faa10000000-7faa10001000 r--s 00000000 08:05 3277958                    /root/.m2/repository/gov/usdot/fedgov-cv-lib-asn1c/1.0.0-SNAPSHOT/fedgov-cv-lib-asn1c-1.0.0-SNAPSHOT.jar
7faa10001000-7faa10003000 r--s 00008000 08:05 284854                     /usr/lib/jvm/java-8-openjdk-amd64/jre/lib/ext/sunec.jar
7faa10003000-7faa10006000 r--s 0000f000 08:05 284848                     /usr/lib/jvm/java-8-openjdk-amd64/jre/lib/ext/icedtea-sound.jar
7faa10006000-7faa1000c000 r--s 0003e000 08:05 284855                     /usr/lib/jvm/java-8-openjdk-amd64/jre/lib/ext/sunjce_provider.jar
7faa1000c000-7faa1000e000 r--s 00010000 08:05 284859                     /usr/lib/jvm/java-8-openjdk-amd64/jre/lib/ext/zipfs.jar
7faa1000e000-7faa1002a000 r--s 00394000 08:05 284844                     /usr/lib/jvm/java-8-openjdk-amd64/jre/lib/ext/cldrdata.jar
7faa1002a000-7faa1002b000 ---p 00000000 00:00 0 
7faa1002b000-7faa1014d000 rw-p 00000000 00:00 0 
7faa1014d000-7faa104eb000 ---p 00000000 00:00 0 
7faa104eb000-7faa104ee000 r--p 00000000 08:05 284824                     /usr/lib/jvm/java-8-openjdk-amd64/jre/lib/amd64/libzip.so
7faa104ee000-7faa104f3000 r-xp 00003000 08:05 284824                     /usr/lib/jvm/java-8-openjdk-amd64/jre/lib/amd64/libzip.so
7faa104f3000-7faa104f5000 r--p 00008000 08:05 284824                     /usr/lib/jvm/java-8-openjdk-amd64/jre/lib/amd64/libzip.so
7faa104f5000-7faa104f6000 r--p 00009000 08:05 284824                     /usr/lib/jvm/java-8-openjdk-amd64/jre/lib/amd64/libzip.so
7faa104f6000-7faa104f7000 rw-p 0000a000 08:05 284824                     /usr/lib/jvm/java-8-openjdk-amd64/jre/lib/amd64/libzip.so
7faa104f7000-7faa104fa000 r--p 00000000 08:05 265959                     /usr/lib/x86_64-linux-gnu/libnss_files-2.31.so
7faa104fa000-7faa10501000 r-xp 00003000 08:05 265959                     /usr/lib/x86_64-linux-gnu/libnss_files-2.31.so
7faa10501000-7faa10503000 r--p 0000a000 08:05 265959                     /usr/lib/x86_64-linux-gnu/libnss_files-2.31.so
7faa10503000-7faa10504000 r--p 0000b000 08:05 265959                     /usr/lib/x86_64-linux-gnu/libnss_files-2.31.so
7faa10504000-7faa10505000 rw-p 0000c000 08:05 265959                     /usr/lib/x86_64-linux-gnu/libnss_files-2.31.so
7faa10505000-7faa1050b000 rw-p 00000000 00:00 0 
7faa1050b000-7faa1050c000 r--s 00000000 08:05 3688641                    /home/carma/maptool_ws/public/connectedvcs-tools/fedgov-cv-message-builder/target/surefire/surefirebooter4601319322948073267.jar
7faa1050c000-7faa1050e000 r--s 00001000 08:05 284845                     /usr/lib/jvm/java-8-openjdk-amd64/jre/lib/ext/dnsns.jar
7faa1050e000-7faa1050f000 r--s 0000a000 08:05 284849                     /usr/lib/jvm/java-8-openjdk-amd64/jre/lib/ext/jaccess.jar
7faa1050f000-7faa10516000 r--s 000d3000 08:05 284883                     /usr/lib/jvm/java-8-openjdk-amd64/jre/lib/jfr.jar
7faa10516000-7faa1051e000 rw-s 00000000 08:05 5767671                    /tmp/hsperfdata_root/1051155
7faa1051e000-7faa1051f000 rw-p 00000000 00:00 0 
7faa1051f000-7faa1052c000 r--p 00000000 08:05 284792                     /usr/lib/jvm/java-8-openjdk-amd64/jre/lib/amd64/libjava.so
7faa1052c000-7faa10544000 r-xp 0000d000 08:05 284792                     /usr/lib/jvm/java-8-openjdk-amd64/jre/lib/amd64/libjava.so
7faa10544000-7faa1054b000 r--p 00025000 08:05 284792                     /usr/lib/jvm/java-8-openjdk-amd64/jre/lib/amd64/libjava.so
7faa1054b000-7faa1054c000 r--p 0002b000 08:05 284792                     /usr/lib/jvm/java-8-openjdk-amd64/jre/lib/amd64/libjava.so
7faa1054c000-7faa1054e000 rw-p 0002c000 08:05 284792                     /usr/lib/jvm/java-8-openjdk-amd64/jre/lib/amd64/libjava.so
7faa1054e000-7faa10550000 r--p 00000000 08:05 265975                     /usr/lib/x86_64-linux-gnu/librt-2.31.so
7faa10550000-7faa10554000 r-xp 00002000 08:05 265975                     /usr/lib/x86_64-linux-gnu/librt-2.31.so
7faa10554000-7faa10556000 r--p 00006000 08:05 265975                     /usr/lib/x86_64-linux-gnu/librt-2.31.so
7faa10556000-7faa10557000 r--p 00007000 08:05 265975                     /usr/lib/x86_64-linux-gnu/librt-2.31.so
7faa10557000-7faa10558000 rw-p 00008000 08:05 265975                     /usr/lib/x86_64-linux-gnu/librt-2.31.so
7faa10558000-7faa10559000 ---p 00000000 00:00 0 
7faa10559000-7faa1055c000 ---p 00000000 00:00 0 
7faa1055c000-7faa10659000 rw-p 00000000 00:00 0 
7faa10659000-7faa1065c000 r--p 00000000 08:05 287002                     /usr/lib/x86_64-linux-gnu/libgcc_s.so.1
7faa1065c000-7faa1066e000 r-xp 00003000 08:05 287002                     /usr/lib/x86_64-linux-gnu/libgcc_s.so.1
7faa1066e000-7faa10672000 r--p 00015000 08:05 287002                     /usr/lib/x86_64-linux-gnu/libgcc_s.so.1
7faa10672000-7faa10673000 r--p 00018000 08:05 287002                     /usr/lib/x86_64-linux-gnu/libgcc_s.so.1
7faa10673000-7faa10674000 rw-p 00019000 08:05 287002                     /usr/lib/x86_64-linux-gnu/libgcc_s.so.1
7faa10674000-7faa10681000 r--p 00000000 08:05 265946                     /usr/lib/x86_64-linux-gnu/libm-2.31.so
7faa10681000-7faa10728000 r-xp 0000d000 08:05 265946                     /usr/lib/x86_64-linux-gnu/libm-2.31.so
7faa10728000-7faa107c1000 r--p 000b4000 08:05 265946                     /usr/lib/x86_64-linux-gnu/libm-2.31.so
7faa107c1000-7faa107c2000 r--p 0014c000 08:05 265946                     /usr/lib/x86_64-linux-gnu/libm-2.31.so
7faa107c2000-7faa107c3000 rw-p 0014d000 08:05 265946                     /usr/lib/x86_64-linux-gnu/libm-2.31.so
7faa107c3000-7faa10859000 r--p 00000000 08:05 287822                     /usr/lib/x86_64-linux-gnu/libstdc++.so.6.0.28
7faa10859000-7faa1094a000 r-xp 00096000 08:05 287822                     /usr/lib/x86_64-linux-gnu/libstdc++.so.6.0.28
7faa1094a000-7faa10993000 r--p 00187000 08:05 287822                     /usr/lib/x86_64-linux-gnu/libstdc++.so.6.0.28
7faa10993000-7faa10994000 ---p 001d0000 08:05 287822                     /usr/lib/x86_64-linux-gnu/libstdc++.so.6.0.28
7faa10994000-7faa1099f000 r--p 001d0000 08:05 287822                     /usr/lib/x86_64-linux-gnu/libstdc++.so.6.0.28
7faa1099f000-7faa109a2000 rw-p 001db000 08:05 287822                     /usr/lib/x86_64-linux-gnu/libstdc++.so.6.0.28
7faa109a2000-7faa109a5000 rw-p 00000000 00:00 0 
7faa109a5000-7faa10b9b000 r--p 00000000 08:05 284828                     /usr/lib/jvm/java-8-openjdk-amd64/jre/lib/amd64/server/libjvm.so
7faa10b9b000-7faa11507000 r-xp 001f6000 08:05 284828                     /usr/lib/jvm/java-8-openjdk-amd64/jre/lib/amd64/server/libjvm.so
7faa11507000-7faa116ba000 r--p 00b62000 08:05 284828                     /usr/lib/jvm/java-8-openjdk-amd64/jre/lib/amd64/server/libjvm.so
7faa116ba000-7faa116bb000 ---p 00d15000 08:05 284828                     /usr/lib/jvm/java-8-openjdk-amd64/jre/lib/amd64/server/libjvm.so
7faa116bb000-7faa11751000 r--p 00d15000 08:05 284828                     /usr/lib/jvm/java-8-openjdk-amd64/jre/lib/amd64/server/libjvm.so
7faa11751000-7faa1177a000 rw-p 00dab000 08:05 284828                     /usr/lib/jvm/java-8-openjdk-amd64/jre/lib/amd64/server/libjvm.so
7faa1177a000-7faa117af000 rw-p 00000000 00:00 0 
7faa117af000-7faa117d1000 r--p 00000000 08:05 265941                     /usr/lib/x86_64-linux-gnu/libc-2.31.so
7faa117d1000-7faa11949000 r-xp 00022000 08:05 265941                     /usr/lib/x86_64-linux-gnu/libc-2.31.so
7faa11949000-7faa11997000 r--p 0019a000 08:05 265941                     /usr/lib/x86_64-linux-gnu/libc-2.31.so
7faa11997000-7faa1199b000 r--p 001e7000 08:05 265941                     /usr/lib/x86_64-linux-gnu/libc-2.31.so
7faa1199b000-7faa1199d000 rw-p 001eb000 08:05 265941                     /usr/lib/x86_64-linux-gnu/libc-2.31.so
7faa1199d000-7faa119a1000 rw-p 00000000 00:00 0 
7faa119a1000-7faa119a2000 r--p 00000000 08:05 265944                     /usr/lib/x86_64-linux-gnu/libdl-2.31.so
7faa119a2000-7faa119a4000 r-xp 00001000 08:05 265944                     /usr/lib/x86_64-linux-gnu/libdl-2.31.so
7faa119a4000-7faa119a5000 r--p 00003000 08:05 265944                     /usr/lib/x86_64-linux-gnu/libdl-2.31.so
7faa119a5000-7faa119a6000 r--p 00003000 08:05 265944                     /usr/lib/x86_64-linux-gnu/libdl-2.31.so
7faa119a6000-7faa119a7000 rw-p 00004000 08:05 265944                     /usr/lib/x86_64-linux-gnu/libdl-2.31.so
7faa119a7000-7faa119aa000 r--p 00000000 08:05 281452                     /usr/lib/jvm/java-8-openjdk-amd64/jre/lib/amd64/jli/libjli.so
7faa119aa000-7faa119b4000 r-xp 00003000 08:05 281452                     /usr/lib/jvm/java-8-openjdk-amd64/jre/lib/amd64/jli/libjli.so
7faa119b4000-7faa119b7000 r--p 0000d000 08:05 281452                     /usr/lib/jvm/java-8-openjdk-amd64/jre/lib/amd64/jli/libjli.so
7faa119b7000-7faa119b8000 r--p 0000f000 08:05 281452                     /usr/lib/jvm/java-8-openjdk-amd64/jre/lib/amd64/jli/libjli.so
7faa119b8000-7faa119b9000 rw-p 00010000 08:05 281452                     /usr/lib/jvm/java-8-openjdk-amd64/jre/lib/amd64/jli/libjli.so
7faa119b9000-7faa119bb000 r--p 00000000 08:05 289846                     /usr/lib/x86_64-linux-gnu/libz.so.1.2.11
7faa119bb000-7faa119cc000 r-xp 00002000 08:05 289846                     /usr/lib/x86_64-linux-gnu/libz.so.1.2.11
7faa119cc000-7faa119d2000 r--p 00013000 08:05 289846                     /usr/lib/x86_64-linux-gnu/libz.so.1.2.11
7faa119d2000-7faa119d3000 ---p 00019000 08:05 289846                     /usr/lib/x86_64-linux-gnu/libz.so.1.2.11
7faa119d3000-7faa119d4000 r--p 00019000 08:05 289846                     /usr/lib/x86_64-linux-gnu/libz.so.1.2.11
7faa119d4000-7faa119d5000 rw-p 0001a000 08:05 289846                     /usr/lib/x86_64-linux-gnu/libz.so.1.2.11
7faa119d5000-7faa119db000 r--p 00000000 08:05 265971                     /usr/lib/x86_64-linux-gnu/libpthread-2.31.so
7faa119db000-7faa119ec000 r-xp 00006000 08:05 265971                     /usr/lib/x86_64-linux-gnu/libpthread-2.31.so
7faa119ec000-7faa119f2000 r--p 00017000 08:05 265971                     /usr/lib/x86_64-linux-gnu/libpthread-2.31.so
7faa119f2000-7faa119f3000 r--p 0001c000 08:05 265971                     /usr/lib/x86_64-linux-gnu/libpthread-2.31.so
7faa119f3000-7faa119f4000 rw-p 0001d000 08:05 265971                     /usr/lib/x86_64-linux-gnu/libpthread-2.31.so
7faa119f4000-7faa119f8000 rw-p 00000000 00:00 0 
7faa119f8000-7faa119fd000 r--p 00000000 08:05 284819                     /usr/lib/jvm/java-8-openjdk-amd64/jre/lib/amd64/libverify.so
7faa119fd000-7faa11a06000 r-xp 00005000 08:05 284819                     /usr/lib/jvm/java-8-openjdk-amd64/jre/lib/amd64/libverify.so
7faa11a06000-7faa11a08000 r--p 0000e000 08:05 284819                     /usr/lib/jvm/java-8-openjdk-amd64/jre/lib/amd64/libverify.so
7faa11a08000-7faa11a0a000 r--p 0000f000 08:05 284819                     /usr/lib/jvm/java-8-openjdk-amd64/jre/lib/amd64/libverify.so
7faa11a0a000-7faa11a0b000 rw-p 00011000 08:05 284819                     /usr/lib/jvm/java-8-openjdk-amd64/jre/lib/amd64/libverify.so
7faa11a0b000-7faa11a0d000 rw-p 00000000 00:00 0 
7faa11a0d000-7faa11a0e000 r--p 00000000 08:05 265929                     /usr/lib/x86_64-linux-gnu/ld-2.31.so
7faa11a0e000-7faa11a31000 r-xp 00001000 08:05 265929                     /usr/lib/x86_64-linux-gnu/ld-2.31.so
7faa11a31000-7faa11a39000 r--p 00024000 08:05 265929                     /usr/lib/x86_64-linux-gnu/ld-2.31.so
7faa11a39000-7faa11a3a000 r--p 00000000 00:00 0 
7faa11a3a000-7faa11a3b000 r--p 0002c000 08:05 265929                     /usr/lib/x86_64-linux-gnu/ld-2.31.so
7faa11a3b000-7faa11a3c000 rw-p 0002d000 08:05 265929                     /usr/lib/x86_64-linux-gnu/ld-2.31.so
7faa11a3c000-7faa11a3d000 rw-p 00000000 00:00 0 
7fff0edde000-7fff0edff000 rw-p 00000000 00:00 0                          [stack]
7fff0efd6000-7fff0efda000 r--p 00000000 00:00 0                          [vvar]
7fff0efda000-7fff0efdc000 r-xp 00000000 00:00 0                          [vdso]
ffffffffff600000-ffffffffff601000 --xp 00000000 00:00 0                  [vsyscall]

VM Arguments:
java_command: /home/carma/maptool_ws/public/connectedvcs-tools/fedgov-cv-message-builder/target/surefire/surefirebooter4601319322948073267.jar /home/carma/maptool_ws/public/connectedvcs-tools/fedgov-cv-message-builder/target/surefire/surefire5011298202723404155tmp /home/carma/maptool_ws/public/connectedvcs-tools/fedgov-cv-message-builder/target/surefire/surefire_07118683902192957351tmp
java_class_path (initial): /home/carma/maptool_ws/public/connectedvcs-tools/fedgov-cv-message-builder/target/surefire/surefirebooter4601319322948073267.jar
Launcher Type: SUN_STANDARD

Environment Variables:
PATH=/usr/local/sbin:/usr/local/bin:/usr/sbin:/usr/bin:/sbin:/bin:/snap/bin
LD_LIBRARY_PATH=/home/carma/maptool_ws/public/connectedvcs-tools/fedgov-cv-lib-asn1c/third_party_lib
SHELL=/bin/bash
DISPLAY=:0

Signal Handlers:
SIGSEGV: [libjvm.so+0xb3b440], sa_mask[0]=11111111011111111101111111111110, sa_flags=SA_RESTART|SA_SIGINFO
SIGBUS: [libjvm.so+0xb3b440], sa_mask[0]=11111111011111111101111111111110, sa_flags=SA_RESTART|SA_SIGINFO
SIGFPE: [libjvm.so+0x97e0b0], sa_mask[0]=11111111011111111101111111111110, sa_flags=SA_RESTART|SA_SIGINFO
SIGPIPE: [libjvm.so+0x97e0b0], sa_mask[0]=11111111011111111101111111111110, sa_flags=SA_RESTART|SA_SIGINFO
SIGXFSZ: [libjvm.so+0x97e0b0], sa_mask[0]=11111111011111111101111111111110, sa_flags=SA_RESTART|SA_SIGINFO
SIGILL: [libjvm.so+0x97e0b0], sa_mask[0]=11111111011111111101111111111110, sa_flags=SA_RESTART|SA_SIGINFO
SIGUSR1: SIG_DFL, sa_mask[0]=00000000000000000000000000000000, sa_flags=none
SIGUSR2: [libjvm.so+0x97e3e0], sa_mask[0]=00100000000000000000000000000000, sa_flags=SA_RESTART|SA_SIGINFO
SIGHUP: [libjvm.so+0x97e330], sa_mask[0]=11111111011111111101111111111110, sa_flags=SA_RESTART|SA_SIGINFO
SIGINT: [libjvm.so+0x97e330], sa_mask[0]=11111111011111111101111111111110, sa_flags=SA_RESTART|SA_SIGINFO
SIGTERM: [libjvm.so+0x97e330], sa_mask[0]=11111111011111111101111111111110, sa_flags=SA_RESTART|SA_SIGINFO
SIGQUIT: [libjvm.so+0x97e330], sa_mask[0]=11111111011111111101111111111110, sa_flags=SA_RESTART|SA_SIGINFO


---------------  S Y S T E M  ---------------

OS:DISTRIB_ID=Ubuntu
DISTRIB_RELEASE=20.04
DISTRIB_CODENAME=focal
DISTRIB_DESCRIPTION="Ubuntu 20.04.6 LTS"

uname:Linux 5.15.0-131-generic #141~20.04.1-Ubuntu SMP Thu Jan 16 18:38:51 UTC 2025 x86_64
libc:glibc 2.31 NPTL 2.31 
rlimit: STACK 8192k, CORE 0k, NPROC 127857, NOFILE 1048576, AS infinity
load average:13.95 5.63 3.67

/proc/meminfo:
MemTotal:       32827360 kB
MemFree:        19195860 kB
MemAvailable:   23311868 kB
Buffers:          681232 kB
Cached:          3721084 kB
SwapCached:            0 kB
Active:          2489936 kB
Inactive:        9697080 kB
Active(anon):       6060 kB
Inactive(anon):  7909724 kB
Active(file):    2483876 kB
Inactive(file):  1787356 kB
Unevictable:          32 kB
Mlocked:              32 kB
SwapTotal:       2097148 kB
SwapFree:        2097148 kB
Dirty:                16 kB
Writeback:           144 kB
AnonPages:       7784980 kB
Mapped:          1012500 kB
Shmem:            131092 kB
KReclaimable:     309876 kB
Slab:             549972 kB
SReclaimable:     309876 kB
SUnreclaim:       240096 kB
KernelStack:       37920 kB
PageTables:        74908 kB
NFS_Unstable:          0 kB
Bounce:                0 kB
WritebackTmp:          0 kB
CommitLimit:    18510828 kB
Committed_AS:   25690504 kB
VmallocTotal:   34359738367 kB
VmallocUsed:       93060 kB
VmallocChunk:          0 kB
Percpu:           144384 kB
HardwareCorrupted:     0 kB
AnonHugePages:         0 kB
ShmemHugePages:        0 kB
ShmemPmdMapped:        0 kB
FileHugePages:         0 kB
FilePmdMapped:         0 kB
HugePages_Total:       0
HugePages_Free:        0
HugePages_Rsvd:        0
HugePages_Surp:        0
Hugepagesize:       2048 kB
Hugetlb:               0 kB
DirectMap4k:      704320 kB
DirectMap2M:    13975552 kB
DirectMap1G:    20971520 kB

container (cgroup) information:
container_type: cgroupv1
cpu_cpuset_cpus: 0-15
cpu_memory_nodes: 0
active_processor_count: 16
cpu_quota: -1
cpu_period: 100000
cpu_shares: -1
memory_limit_in_bytes: -1
memory_and_swap_limit_in_bytes: -1
memory_soft_limit_in_bytes: -1
memory_usage_in_bytes: 10045431808
memory_max_usage_in_bytes: 10054266880


CPU:total 16 (initial active 16) (1 cores per cpu, 1 threads per core) family 6 model 151 stepping 2, cmov, cx8, fxsr, mmx, sse, sse2, sse3, ssse3, sse4.1, sse4.2, popcnt, avx, avx2, aes, clmul, erms, 3dnowpref, lzcnt, tsc, tscinvbit, bmi1, bmi2, adx

/proc/cpuinfo:
processor	: 0
vendor_id	: GenuineIntel
cpu family	: 6
model		: 151
model name	: 12th Gen Intel(R) Core(TM) i7-12850HX
stepping	: 2
microcode	: 0x2e
cpu MHz		: 2419.203
cache size	: 25600 KB
physical id	: 0
siblings	: 1
core id		: 0
cpu cores	: 1
apicid		: 0
initial apicid	: 0
fpu		: yes
fpu_exception	: yes
cpuid level	: 32
wp		: yes
flags		: fpu vme de pse tsc msr pae mce cx8 apic sep mtrr pge mca cmov pat pse36 clflush mmx fxsr sse sse2 ss syscall nx pdpe1gb rdtscp lm constant_tsc arch_perfmon nopl xtopology tsc_reliable nonstop_tsc cpuid tsc_known_freq pni pclmulqdq ssse3 fma cx16 sse4_1 sse4_2 x2apic movbe popcnt tsc_deadline_timer aes xsave avx f16c rdrand hypervisor lahf_lm abm 3dnowprefetch ssbd ibrs ibpb stibp ibrs_enhanced fsgsbase tsc_adjust bmi1 avx2 smep bmi2 invpcid rdseed adx smap clflushopt clwb sha_ni xsaveopt xsavec xsaves arat pku ospke md_clear flush_l1d arch_capabilities
bugs		: spectre_v1 spectre_v2 spec_store_bypass swapgs itlb_multihit eibrs_pbrsb rfds bhi
bogomips	: 4838.40
clflush size	: 64
cache_alignment	: 64
address sizes	: 43 bits physical, 48 bits virtual
power management:

processor	: 1
vendor_id	: GenuineIntel
cpu family	: 6
model		: 151
model name	: 12th Gen Intel(R) Core(TM) i7-12850HX
stepping	: 2
microcode	: 0x2e
cpu MHz		: 2419.203
cache size	: 25600 KB
physical id	: 2
siblings	: 1
core id		: 0
cpu cores	: 1
apicid		: 2
initial apicid	: 2
fpu		: yes
fpu_exception	: yes
cpuid level	: 32
wp		: yes
flags		: fpu vme de pse tsc msr pae mce cx8 apic sep mtrr pge mca cmov pat pse36 clflush mmx fxsr sse sse2 ss syscall nx pdpe1gb rdtscp lm constant_tsc arch_perfmon nopl xtopology tsc_reliable nonstop_tsc cpuid tsc_known_freq pni pclmulqdq ssse3 fma cx16 sse4_1 sse4_2 x2apic movbe popcnt tsc_deadline_timer aes xsave avx f16c rdrand hypervisor lahf_lm abm 3dnowprefetch ssbd ibrs ibpb stibp ibrs_enhanced fsgsbase tsc_adjust bmi1 avx2 smep bmi2 invpcid rdseed adx smap clflushopt clwb sha_ni xsaveopt xsavec xsaves arat pku ospke md_clear flush_l1d arch_capabilities
bugs		: spectre_v1 spectre_v2 spec_store_bypass swapgs itlb_multihit eibrs_pbrsb rfds bhi
bogomips	: 4838.40
clflush size	: 64
cache_alignment	: 64
address sizes	: 43 bits physical, 48 bits virtual
power management:

processor	: 2
vendor_id	: GenuineIntel
cpu family	: 6
model		: 151
model name	: 12th Gen Intel(R) Core(TM) i7-12850HX
stepping	: 2
microcode	: 0x2e
cpu MHz		: 2419.203
cache size	: 25600 KB
physical id	: 4
siblings	: 1
core id		: 0
cpu cores	: 1
apicid		: 4
initial apicid	: 4
fpu		: yes
fpu_exception	: yes
cpuid level	: 32
wp		: yes
flags		: fpu vme de pse tsc msr pae mce cx8 apic sep mtrr pge mca cmov pat pse36 clflush mmx fxsr sse sse2 ss syscall nx pdpe1gb rdtscp lm constant_tsc arch_perfmon nopl xtopology tsc_reliable nonstop_tsc cpuid tsc_known_freq pni pclmulqdq ssse3 fma cx16 sse4_1 sse4_2 x2apic movbe popcnt tsc_deadline_timer aes xsave avx f16c rdrand hypervisor lahf_lm abm 3dnowprefetch ssbd ibrs ibpb stibp ibrs_enhanced fsgsbase tsc_adjust bmi1 avx2 smep bmi2 invpcid rdseed adx smap clflushopt clwb sha_ni xsaveopt xsavec xsaves arat pku ospke md_clear flush_l1d arch_capabilities
bugs		: spectre_v1 spectre_v2 spec_store_bypass swapgs itlb_multihit eibrs_pbrsb rfds bhi
bogomips	: 4838.40
clflush size	: 64
cache_alignment	: 64
address sizes	: 43 bits physical, 48 bits virtual
power management:

processor	: 3
vendor_id	: GenuineIntel
cpu family	: 6
model		: 151
model name	: 12th Gen Intel(R) Core(TM) i7-12850HX
stepping	: 2
microcode	: 0x2e
cpu MHz		: 2419.203
cache size	: 25600 KB
physical id	: 6
siblings	: 1
core id		: 0
cpu cores	: 1
apicid		: 6
initial apicid	: 6
fpu		: yes
fpu_exception	: yes
cpuid level	: 32
wp		: yes
flags		: fpu vme de pse tsc msr pae mce cx8 apic sep mtrr pge mca cmov pat pse36 clflush mmx fxsr sse sse2 ss syscall nx pdpe1gb rdtscp lm constant_tsc arch_perfmon nopl xtopology tsc_reliable nonstop_tsc cpuid tsc_known_freq pni pclmulqdq ssse3 fma cx16 sse4_1 sse4_2 x2apic movbe popcnt tsc_deadline_timer aes xsave avx f16c rdrand hypervisor lahf_lm abm 3dnowprefetch ssbd ibrs ibpb stibp ibrs_enhanced fsgsbase tsc_adjust bmi1 avx2 smep bmi2 invpcid rdseed adx smap clflushopt clwb sha_ni xsaveopt xsavec xsaves arat pku ospke md_clear flush_l1d arch_capabilities
bugs		: spectre_v1 spectre_v2 spec_store_bypass swapgs itlb_multihit eibrs_pbrsb rfds bhi
bogomips	: 4838.40
clflush size	: 64
cache_alignment	: 64
address sizes	: 43 bits physical, 48 bits virtual
power management:

processor	: 4
vendor_id	: GenuineIntel
cpu family	: 6
model		: 151
model name	: 12th Gen Intel(R) Core(TM) i7-12850HX
stepping	: 2
microcode	: 0x2e
cpu MHz		: 2419.203
cache size	: 25600 KB
physical id	: 8
siblings	: 1
core id		: 0
cpu cores	: 1
apicid		: 8
initial apicid	: 8
fpu		: yes
fpu_exception	: yes
cpuid level	: 32
wp		: yes
flags		: fpu vme de pse tsc msr pae mce cx8 apic sep mtrr pge mca cmov pat pse36 clflush mmx fxsr sse sse2 ss syscall nx pdpe1gb rdtscp lm constant_tsc arch_perfmon nopl xtopology tsc_reliable nonstop_tsc cpuid tsc_known_freq pni pclmulqdq ssse3 fma cx16 sse4_1 sse4_2 x2apic movbe popcnt tsc_deadline_timer aes xsave avx f16c rdrand hypervisor lahf_lm abm 3dnowprefetch ssbd ibrs ibpb stibp ibrs_enhanced fsgsbase tsc_adjust bmi1 avx2 smep bmi2 invpcid rdseed adx smap clflushopt clwb sha_ni xsaveopt xsavec xsaves arat pku ospke md_clear flush_l1d arch_capabilities
bugs		: spectre_v1 spectre_v2 spec_store_bypass swapgs itlb_multihit eibrs_pbrsb rfds bhi
bogomips	: 4838.40
clflush size	: 64
cache_alignment	: 64
address sizes	: 43 bits physical, 48 bits virtual
power management:

processor	: 5
vendor_id	: GenuineIntel
cpu family	: 6
model		: 151
model name	: 12th Gen Intel(R) Core(TM) i7-12850HX
stepping	: 2
microcode	: 0x2e
cpu MHz		: 2419.203
cache size	: 25600 KB
physical id	: 10
siblings	: 1
core id		: 0
cpu cores	: 1
apicid		: 10
initial apicid	: 10
fpu		: yes
fpu_exception	: yes
cpuid level	: 32
wp		: yes
flags		: fpu vme de pse tsc msr pae mce cx8 apic sep mtrr pge mca cmov pat pse36 clflush mmx fxsr sse sse2 ss syscall nx pdpe1gb rdtscp lm constant_tsc arch_perfmon nopl xtopology tsc_reliable nonstop_tsc cpuid tsc_known_freq pni pclmulqdq ssse3 fma cx16 sse4_1 sse4_2 x2apic movbe popcnt tsc_deadline_timer aes xsave avx f16c rdrand hypervisor lahf_lm abm 3dnowprefetch ssbd ibrs ibpb stibp ibrs_enhanced fsgsbase tsc_adjust bmi1 avx2 smep bmi2 invpcid rdseed adx smap clflushopt clwb sha_ni xsaveopt xsavec xsaves arat pku ospke md_clear flush_l1d arch_capabilities
bugs		: spectre_v1 spectre_v2 spec_store_bypass swapgs itlb_multihit eibrs_pbrsb rfds bhi
bogomips	: 4838.40
clflush size	: 64
cache_alignment	: 64
address sizes	: 43 bits physical, 48 bits virtual
power management:

processor	: 6
vendor_id	: GenuineIntel
cpu family	: 6
model		: 151
model name	: 12th Gen Intel(R) Core(TM) i7-12850HX
stepping	: 2
microcode	: 0x2e
cpu MHz		: 2419.203
cache size	: 25600 KB
physical id	: 12
siblings	: 1
core id		: 0
cpu cores	: 1
apicid		: 12
initial apicid	: 12
fpu		: yes
fpu_exception	: yes
cpuid level	: 32
wp		: yes
flags		: fpu vme de pse tsc msr pae mce cx8 apic sep mtrr pge mca cmov pat pse36 clflush mmx fxsr sse sse2 ss syscall nx pdpe1gb rdtscp lm constant_tsc arch_perfmon nopl xtopology tsc_reliable nonstop_tsc cpuid tsc_known_freq pni pclmulqdq ssse3 fma cx16 sse4_1 sse4_2 x2apic movbe popcnt tsc_deadline_timer aes xsave avx f16c rdrand hypervisor lahf_lm abm 3dnowprefetch ssbd ibrs ibpb stibp ibrs_enhanced fsgsbase tsc_adjust bmi1 avx2 smep bmi2 invpcid rdseed adx smap clflushopt clwb sha_ni xsaveopt xsavec xsaves arat pku ospke md_clear flush_l1d arch_capabilities
bugs		: spectre_v1 spectre_v2 spec_store_bypass swapgs itlb_multihit eibrs_pbrsb rfds bhi
bogomips	: 4838.40
clflush size	: 64
cache_alignment	: 64
address sizes	: 43 bits physical, 48 bits virtual
power management:

processor	: 7
vendor_id	: GenuineIntel
cpu family	: 6
model		: 151
model name	: 12th Gen Intel(R) Core(TM) i7-12850HX
stepping	: 2
microcode	: 0x2e
cpu MHz		: 2419.203
cache size	: 25600 KB
physical id	: 14
siblings	: 1
core id		: 0
cpu cores	: 1
apicid		: 14
initial apicid	: 14
fpu		: yes
fpu_exception	: yes
cpuid level	: 32
wp		: yes
flags		: fpu vme de pse tsc msr pae mce cx8 apic sep mtrr pge mca cmov pat pse36 clflush mmx fxsr sse sse2 ss syscall nx pdpe1gb rdtscp lm constant_tsc arch_perfmon nopl xtopology tsc_reliable nonstop_tsc cpuid tsc_known_freq pni pclmulqdq ssse3 fma cx16 sse4_1 sse4_2 x2apic movbe popcnt tsc_deadline_timer aes xsave avx f16c rdrand hypervisor lahf_lm abm 3dnowprefetch ssbd ibrs ibpb stibp ibrs_enhanced fsgsbase tsc_adjust bmi1 avx2 smep bmi2 invpcid rdseed adx smap clflushopt clwb sha_ni xsaveopt xsavec xsaves arat pku ospke md_clear flush_l1d arch_capabilities
bugs		: spectre_v1 spectre_v2 spec_store_bypass swapgs itlb_multihit eibrs_pbrsb rfds bhi
bogomips	: 4838.40
clflush size	: 64
cache_alignment	: 64
address sizes	: 43 bits physical, 48 bits virtual
power management:

processor	: 8
vendor_id	: GenuineIntel
cpu family	: 6
model		: 151
model name	: 12th Gen Intel(R) Core(TM) i7-12850HX
stepping	: 2
microcode	: 0x2e
cpu MHz		: 2419.203
cache size	: 25600 KB
physical id	: 16
siblings	: 1
core id		: 0
cpu cores	: 1
apicid		: 16
initial apicid	: 16
fpu		: yes
fpu_exception	: yes
cpuid level	: 32
wp		: yes
flags		: fpu vme de pse tsc msr pae mce cx8 apic sep mtrr pge mca cmov pat pse36 clflush mmx fxsr sse sse2 ss syscall nx pdpe1gb rdtscp lm constant_tsc arch_perfmon nopl xtopology tsc_reliable nonstop_tsc cpuid tsc_known_freq pni pclmulqdq ssse3 fma cx16 sse4_1 sse4_2 x2apic movbe popcnt tsc_deadline_timer aes xsave avx f16c rdrand hypervisor lahf_lm abm 3dnowprefetch ssbd ibrs ibpb stibp ibrs_enhanced fsgsbase tsc_adjust bmi1 avx2 smep bmi2 invpcid rdseed adx smap clflushopt clwb sha_ni xsaveopt xsavec xsaves arat pku ospke md_clear flush_l1d arch_capabilities
bugs		: spectre_v1 spectre_v2 spec_store_bypass swapgs itlb_multihit eibrs_pbrsb rfds bhi
bogomips	: 4838.40
clflush size	: 64
cache_alignment	: 64
address sizes	: 43 bits physical, 48 bits virtual
power management:

processor	: 9
vendor_id	: GenuineIntel
cpu family	: 6
model		: 151
model name	: 12th Gen Intel(R) Core(TM) i7-12850HX
stepping	: 2
microcode	: 0x2e
cpu MHz		: 2419.203
cache size	: 25600 KB
physical id	: 18
siblings	: 1
core id		: 0
cpu cores	: 1
apicid		: 18
initial apicid	: 18
fpu		: yes
fpu_exception	: yes
cpuid level	: 32
wp		: yes
flags		: fpu vme de pse tsc msr pae mce cx8 apic sep mtrr pge mca cmov pat pse36 clflush mmx fxsr sse sse2 ss syscall nx pdpe1gb rdtscp lm constant_tsc arch_perfmon nopl xtopology tsc_reliable nonstop_tsc cpuid tsc_known_freq pni pclmulqdq ssse3 fma cx16 sse4_1 sse4_2 x2apic movbe popcnt tsc_deadline_timer aes xsave avx f16c rdrand hypervisor lahf_lm abm 3dnowprefetch ssbd ibrs ibpb stibp ibrs_enhanced fsgsbase tsc_adjust bmi1 avx2 smep bmi2 invpcid rdseed adx smap clflushopt clwb sha_ni xsaveopt xsavec xsaves arat pku ospke md_clear flush_l1d arch_capabilities
bugs		: spectre_v1 spectre_v2 spec_store_bypass swapgs itlb_multihit eibrs_pbrsb rfds bhi
bogomips	: 4838.40
clflush size	: 64
cache_alignment	: 64
address sizes	: 43 bits physical, 48 bits virtual
power management:

processor	: 10
vendor_id	: GenuineIntel
cpu family	: 6
model		: 151
model name	: 12th Gen Intel(R) Core(TM) i7-12850HX
stepping	: 2
microcode	: 0x2e
cpu MHz		: 2419.203
cache size	: 25600 KB
physical id	: 20
siblings	: 1
core id		: 0
cpu cores	: 1
apicid		: 20
initial apicid	: 20
fpu		: yes
fpu_exception	: yes
cpuid level	: 32
wp		: yes
flags		: fpu vme de pse tsc msr pae mce cx8 apic sep mtrr pge mca cmov pat pse36 clflush mmx fxsr sse sse2 ss syscall nx pdpe1gb rdtscp lm constant_tsc arch_perfmon nopl xtopology tsc_reliable nonstop_tsc cpuid tsc_known_freq pni pclmulqdq ssse3 fma cx16 sse4_1 sse4_2 x2apic movbe popcnt tsc_deadline_timer aes xsave avx f16c rdrand hypervisor lahf_lm abm 3dnowprefetch ssbd ibrs ibpb stibp ibrs_enhanced fsgsbase tsc_adjust bmi1 avx2 smep bmi2 invpcid rdseed adx smap clflushopt clwb sha_ni xsaveopt xsavec xsaves arat pku ospke md_clear flush_l1d arch_capabilities
bugs		: spectre_v1 spectre_v2 spec_store_bypass swapgs itlb_multihit eibrs_pbrsb rfds bhi
bogomips	: 4838.40
clflush size	: 64
cache_alignment	: 64
address sizes	: 43 bits physical, 48 bits virtual
power management:

processor	: 11
vendor_id	: GenuineIntel
cpu family	: 6
model		: 151
model name	: 12th Gen Intel(R) Core(TM) i7-12850HX
stepping	: 2
microcode	: 0x2e
cpu MHz		: 2419.203
cache size	: 25600 KB
physical id	: 22
siblings	: 1
core id		: 0
cpu cores	: 1
apicid		: 22
initial apicid	: 22
fpu		: yes
fpu_exception	: yes
cpuid level	: 32
wp		: yes
flags		: fpu vme de pse tsc msr pae mce cx8 apic sep mtrr pge mca cmov pat pse36 clflush mmx fxsr sse sse2 ss syscall nx pdpe1gb rdtscp lm constant_tsc arch_perfmon nopl xtopology tsc_reliable nonstop_tsc cpuid tsc_known_freq pni pclmulqdq ssse3 fma cx16 sse4_1 sse4_2 x2apic movbe popcnt tsc_deadline_timer aes xsave avx f16c rdrand hypervisor lahf_lm abm 3dnowprefetch ssbd ibrs ibpb stibp ibrs_enhanced fsgsbase tsc_adjust bmi1 avx2 smep bmi2 invpcid rdseed adx smap clflushopt clwb sha_ni xsaveopt xsavec xsaves arat pku ospke md_clear flush_l1d arch_capabilities
bugs		: spectre_v1 spectre_v2 spec_store_bypass swapgs itlb_multihit eibrs_pbrsb rfds bhi
bogomips	: 4838.40
clflush size	: 64
cache_alignment	: 64
address sizes	: 43 bits physical, 48 bits virtual
power management:

processor	: 12
vendor_id	: GenuineIntel
cpu family	: 6
model		: 151
model name	: 12th Gen Intel(R) Core(TM) i7-12850HX
stepping	: 2
microcode	: 0x2e
cpu MHz		: 2419.203
cache size	: 25600 KB
physical id	: 24
siblings	: 1
core id		: 0
cpu cores	: 1
apicid		: 24
initial apicid	: 24
fpu		: yes
fpu_exception	: yes
cpuid level	: 32
wp		: yes
flags		: fpu vme de pse tsc msr pae mce cx8 apic sep mtrr pge mca cmov pat pse36 clflush mmx fxsr sse sse2 ss syscall nx pdpe1gb rdtscp lm constant_tsc arch_perfmon nopl xtopology tsc_reliable nonstop_tsc cpuid tsc_known_freq pni pclmulqdq ssse3 fma cx16 sse4_1 sse4_2 x2apic movbe popcnt tsc_deadline_timer aes xsave avx f16c rdrand hypervisor lahf_lm abm 3dnowprefetch ssbd ibrs ibpb stibp ibrs_enhanced fsgsbase tsc_adjust bmi1 avx2 smep bmi2 invpcid rdseed adx smap clflushopt clwb sha_ni xsaveopt xsavec xsaves arat pku ospke md_clear flush_l1d arch_capabilities
bugs		: spectre_v1 spectre_v2 spec_store_bypass swapgs itlb_multihit eibrs_pbrsb rfds bhi
bogomips	: 4838.40
clflush size	: 64
cache_alignment	: 64
address sizes	: 43 bits physical, 48 bits virtual
power management:

processor	: 13
vendor_id	: GenuineIntel
cpu family	: 6
model		: 151
model name	: 12th Gen Intel(R) Core(TM) i7-12850HX
stepping	: 2
microcode	: 0x2e
cpu MHz		: 2419.203
cache size	: 25600 KB
physical id	: 26
siblings	: 1
core id		: 0
cpu cores	: 1
apicid		: 26
initial apicid	: 26
fpu		: yes
fpu_exception	: yes
cpuid level	: 32
wp		: yes
flags		: fpu vme de pse tsc msr pae mce cx8 apic sep mtrr pge mca cmov pat pse36 clflush mmx fxsr sse sse2 ss syscall nx pdpe1gb rdtscp lm constant_tsc arch_perfmon nopl xtopology tsc_reliable nonstop_tsc cpuid tsc_known_freq pni pclmulqdq ssse3 fma cx16 sse4_1 sse4_2 x2apic movbe popcnt tsc_deadline_timer aes xsave avx f16c rdrand hypervisor lahf_lm abm 3dnowprefetch ssbd ibrs ibpb stibp ibrs_enhanced fsgsbase tsc_adjust bmi1 avx2 smep bmi2 invpcid rdseed adx smap clflushopt clwb sha_ni xsaveopt xsavec xsaves arat pku ospke md_clear flush_l1d arch_capabilities
bugs		: spectre_v1 spectre_v2 spec_store_bypass swapgs itlb_multihit eibrs_pbrsb rfds bhi
bogomips	: 4838.40
clflush size	: 64
cache_alignment	: 64
address sizes	: 43 bits physical, 48 bits virtual
power management:

processor	: 14
vendor_id	: GenuineIntel
cpu family	: 6
model		: 151
model name	: 12th Gen Intel(R) Core(TM) i7-12850HX
stepping	: 2
microcode	: 0x2e
cpu MHz		: 2419.203
cache size	: 25600 KB
physical id	: 28
siblings	: 1
core id		: 0
cpu cores	: 1
apicid		: 28
initial apicid	: 28
fpu		: yes
fpu_exception	: yes
cpuid level	: 32
wp		: yes
flags		: fpu vme de pse tsc msr pae mce cx8 apic sep mtrr pge mca cmov pat pse36 clflush mmx fxsr sse sse2 ss syscall nx pdpe1gb rdtscp lm constant_tsc arch_perfmon nopl xtopology tsc_reliable nonstop_tsc cpuid tsc_known_freq pni pclmulqdq ssse3 fma cx16 sse4_1 sse4_2 x2apic movbe popcnt tsc_deadline_timer aes xsave avx f16c rdrand hypervisor lahf_lm abm 3dnowprefetch ssbd ibrs ibpb stibp ibrs_enhanced fsgsbase tsc_adjust bmi1 avx2 smep bmi2 invpcid rdseed adx smap clflushopt clwb sha_ni xsaveopt xsavec xsaves arat pku ospke md_clear flush_l1d arch_capabilities
bugs		: spectre_v1 spectre_v2 spec_store_bypass swapgs itlb_multihit eibrs_pbrsb rfds bhi
bogomips	: 4838.40
clflush size	: 64
cache_alignment	: 64
address sizes	: 43 bits physical, 48 bits virtual
power management:

processor	: 15
vendor_id	: GenuineIntel
cpu family	: 6
model		: 151
model name	: 12th Gen Intel(R) Core(TM) i7-12850HX
stepping	: 2
microcode	: 0x2e
cpu MHz		: 2419.203
cache size	: 25600 KB
physical id	: 30
siblings	: 1
core id		: 0
cpu cores	: 1
apicid		: 30
initial apicid	: 30
fpu		: yes
fpu_exception	: yes
cpuid level	: 32
wp		: yes
flags		: fpu vme de pse tsc msr pae mce cx8 apic sep mtrr pge mca cmov pat pse36 clflush mmx fxsr sse sse2 ss syscall nx pdpe1gb rdtscp lm constant_tsc arch_perfmon nopl xtopology tsc_reliable nonstop_tsc cpuid tsc_known_freq pni pclmulqdq ssse3 fma cx16 sse4_1 sse4_2 x2apic movbe popcnt tsc_deadline_timer aes xsave avx f16c rdrand hypervisor lahf_lm abm 3dnowprefetch ssbd ibrs ibpb stibp ibrs_enhanced fsgsbase tsc_adjust bmi1 avx2 smep bmi2 invpcid rdseed adx smap clflushopt clwb sha_ni xsaveopt xsavec xsaves arat pku ospke md_clear flush_l1d arch_capabilities
bugs		: spectre_v1 spectre_v2 spec_store_bypass swapgs itlb_multihit eibrs_pbrsb rfds bhi
bogomips	: 4838.40
clflush size	: 64
cache_alignment	: 64
address sizes	: 43 bits physical, 48 bits virtual
power management:



Memory: 4k page, physical 32827360k(19195860k free), swap 2097148k(2097148k free)

vm_info: OpenJDK 64-Bit Server VM (25.442-b06) for linux-amd64 JRE (1.8.0_442-8u442-b06~us1-0ubuntu1~20.04-b06), built on Jan 26 2025 07:38:16 by "buildd" with gcc 9.4.0

time: Thu Feb 27 09:19:26 2025
timezone: PST
elapsed time: 15.475610 seconds (0d 0h 0m 15s)

