#
# A fatal error has been detected by the Java Runtime Environment:
#
#  SIGSEGV (0xb) at pc=0x00007ff5cb710ec7, pid=1102332, tid=0x00007ff5cacb1700
#
# JRE version: OpenJDK Runtime Environment (8.0_442-b06) (build 1.8.0_442-8u442-b06~us1-0ubuntu1~20.04-b06)
# Java VM: OpenJDK 64-Bit Server VM (25.442-b06 mixed mode linux-amd64 compressed oops)
# Problematic frame:
# V  [libjvm.so+0x712ec7]
#
# Failed to write core dump. Core dumps have been disabled. To enable core dumping, try "ulimit -c unlimited" before starting Java again
#
# If you would like to submit a bug report, please visit:
#   http://bugreport.java.com/bugreport/crash.jsp
#

---------------  T H R E A D  ---------------

Current thread (0x00007ff5c400b000):  JavaThread "main" [_thread_in_vm, id=1102333, stack(0x00007ff5cabb2000,0x00007ff5cacb2000)]

siginfo: si_signo: 11 (SIGSEGV), si_code: 1 (SEGV_MAPERR), si_addr: 0x0000000000000000

Registers:
RAX=0x0000000000000000, RBX=0x0000000000000000, RCX=0x00007ff5cb710e40, RDX=0x00007ff5cbde59b8
RSP=0x00007ff5cacad9a0, RBP=0x00007ff5cacad9f0, RSI=0x0000000000000000, RDI=0x00007ff5c400b000
R8 =0x00007ff57294e738, R9 =0x000000000000000e, R10=0x00007ff5726c18da, R11=0x00007ff5727b9589
R12=0x00007ff5c400b000, R13=0x00007ff5c400b260, R14=0x0000000000000000, R15=0x00007ff5c400b000
RIP=0x00007ff5cb710ec7, EFLAGS=0x0000000000010246, CSGSFS=0x002b000000000033, ERR=0x0000000000000004
  TRAPNO=0x000000000000000e

Top of Stack: (sp=0x00007ff5cacad9a0)
0x00007ff5cacad9a0:   00007ff5c400b000 0000000000000000
0x00007ff5cacad9b0:   0000000000000000 0000000000000000
0x00007ff5cacad9c0:   0000000000000000 2184ad95c18fd700
0x00007ff5cacad9d0:   0000000000000000 0000000000000000
0x00007ff5cacad9e0:   00007ff57294f5e0 00007ff5cacaef98
0x00007ff5cacad9f0:   00007ff5cacadba0 00007ff5727b95d5
0x00007ff5cacada00:   0000000000000000 00007ff5c4bbb108
0x00007ff5cacada10:   0000000000000000 00007ff5c400b260
0x00007ff5cacada20:   000100000000000c 0000000000000000
0x00007ff5cacada30:   00007ff5c400b000 0000000000000000
0x00007ff5cacada40:   0000000000000002 8000000000000006
0x00007ff5cacada50:   0000000000000000 0000000000000000
0x00007ff5cacada60:   0000000000000000 0000000000000000
0x00007ff5cacada70:   0000000000000000 0000000000000000
0x00007ff5cacada80:   00000000c48b4f50 00007ff50000000c
0x00007ff5cacada90:   00007ff5cacad960 0000003000000018
0x00007ff5cacadaa0:   00007ff5cacadbb0 00007ff5cacadac0
0x00007ff5cacadab0:   00007ff5c4000020 2184ad95c18fd700
0x00007ff5cacadac0:   0000000000000000 00007ff5c4bbada0
0x00007ff5cacadad0:   00007ff57294e738 00007ff5c4279d80
0x00007ff5cacadae0:   00007ff5cb71db10 000000000000000e
0x00007ff5cacadaf0:   00007ff5c4000950 2184ad95c18fd700
0x00007ff5cacadb00:   0000000000000004 0000000000000000
0x00007ff5cacadb10:   00007ff5c400b000 00007ff5c4279d88
0x00007ff5cacadb20:   00007ff5727ed410 00007ff5727ed3e0
0x00007ff5cacadb30:   00007ff5cacadba0 00007ff5cb71c5f5
0x00007ff5cacadb40:   00007ff5c400b000 0000000000000000
0x00007ff5cacadb50:   00007ff5c4000020 0000000000000118
0x00007ff5cacadb60:   00007ff5c4bc8680 2184ad95c18fd700
0x00007ff5cacadb70:   00007ff5c400b000 0000000000000000
0x00007ff5cacadb80:   0000000000000000 00007ff57294f5e0
0x00007ff5cacadb90:   0000000000000000 0000000000000000 

Instructions: (pc=0x00007ff5cb710ec7)
0x00007ff5cb710ea7:   89 65 b0 48 c7 45 b8 00 00 00 00 74 09 48 8d 7d
0x00007ff5cb710eb7:   b0 e8 a3 88 2c 00 41 f6 c6 01 0f 85 c1 00 00 00
0x00007ff5cb710ec7:   49 8b 06 48 8d 15 f1 c2 6c 00 80 3a 00 0f 84 9e
0x00007ff5cb710ed7:   00 00 00 48 8d 15 9f e0 6a 00 8b 40 08 8b 4a 08 

Register to memory mapping:

RAX=0x0000000000000000 is an unknown value
RBX=0x0000000000000000 is an unknown value
RCX=0x00007ff5cb710e40: <offset 0x712e40> in /usr/lib/jvm/java-8-openjdk-amd64/jre/lib/amd64/server/libjvm.so at 0x00007ff5caffe000
RDX=0x00007ff5cbde59b8: <offset 0xde79b8> in /usr/lib/jvm/java-8-openjdk-amd64/jre/lib/amd64/server/libjvm.so at 0x00007ff5caffe000
RSP=0x00007ff5cacad9a0 is pointing into the stack for thread: 0x00007ff5c400b000
RBP=0x00007ff5cacad9f0 is pointing into the stack for thread: 0x00007ff5c400b000
RSI=0x0000000000000000 is an unknown value
RDI=0x00007ff5c400b000 is a thread
R8 ={method} {0x00007ff57294e738} 'getLaneConstructorType' '()Lgov/usdot/cv/rgaencoder/LaneConstructorType;' in 'gov/usdot/cv/rgaencoder/IndvMtrVehLaneGeometryInfo'
R9 =0x000000000000000e is an unknown value
R10=0x00007ff5726c18da: <offset 0x388da> in /home/carma/maptool_ws/public/connectedvcs-tools/fedgov-cv-lib-asn1c/third_party_lib/libasn1c_rga.so at 0x00007ff572689000
R11=0x00007ff5727b9589: populateLaneConstructorType+0 in /home/carma/maptool_ws/public/connectedvcs-tools/fedgov-cv-lib-asn1c/third_party_lib/libasn1c_rga.so at 0x00007ff572689000
R12=0x00007ff5c400b000 is a thread
R13=0x00007ff5c400b260 is an unknown value
R14=0x0000000000000000 is an unknown value
R15=0x00007ff5c400b000 is a thread


Stack: [0x00007ff5cabb2000,0x00007ff5cacb2000],  sp=0x00007ff5cacad9a0,  free space=1006k
Native frames: (J=compiled Java code, j=interpreted, Vv=VM code, C=native code)
V  [libjvm.so+0x712ec7]
C  [libasn1c_rga.so+0x1305d5]  populateLaneConstructorType+0x4c
C  [libasn1c_rga.so+0x12f91a]  Java_gov_usdot_cv_rgaencoder_Encoder_encodeRGA+0x1e66
j  gov.usdot.cv.rgaencoder.Encoder.encodeRGA(Lgov/usdot/cv/rgaencoder/BaseLayer;Ljava/util/List;)[B+0
j  gov.usdot.cv.rgaencoder.Encoder.encode(Lgov/usdot/cv/rgaencoder/RGAData;)Lgov/usdot/cv/mapencoder/ByteArrayObject;+44
j  gov.usdot.cv.msg.builder.util.J2945Helper.getBytes(Lgov/usdot/cv/rgaencoder/RGAData;)[B+10
j  gov.usdot.cv.msg.builder.util.J2945Helper.getHexString(Lgov/usdot/cv/rgaencoder/RGAData;)Ljava/lang/String;+1
j  gov.usdot.cv.msg.builder.IntersectionSituationDataBuilder.build(Ljava/lang/String;)Lgov/usdot/cv/msg/builder/message/IntersectionMessage;+371
j  gov.usdot.cv.msg.builder.IntersectionSituationDataBuilderTest.runIntersectionSituationDataBuilderTests(Ljava/lang/String;Ljava/lang/String;)V+25
j  gov.usdot.cv.msg.builder.IntersectionSituationDataBuilderTest.rgaMessageFromUI()V+9
v  ~StubRoutines::call_stub
V  [libjvm.so+0x6a7385]
V  [libjvm.so+0xa02b3d]
V  [libjvm.so+0xa03d2b]
V  [libjvm.so+0x758f31]  JVM_InvokeMethod+0x1f1
J 1390  sun.reflect.NativeMethodAccessorImpl.invoke0(Ljava/lang/reflect/Method;Ljava/lang/Object;[Ljava/lang/Object;)Ljava/lang/Object; (0 bytes) @ 0x00007ff5b55faa2d [0x00007ff5b55fa940+0xed]
J 1389 C1 sun.reflect.NativeMethodAccessorImpl.invoke(Ljava/lang/Object;[Ljava/lang/Object;)Ljava/lang/Object; (104 bytes) @ 0x00007ff5b55fcfd4 [0x00007ff5b55fbe00+0x11d4]
J 1632 C2 java.lang.reflect.Method.invoke(Ljava/lang/Object;[Ljava/lang/Object;)Ljava/lang/Object; (62 bytes) @ 0x00007ff5b5681ae8 [0x00007ff5b5681a40+0xa8]
j  org.junit.runners.model.FrameworkMethod$1.runReflectiveCall()Ljava/lang/Object;+15
j  org.junit.internal.runners.model.ReflectiveCallable.run()Ljava/lang/Object;+1
j  org.junit.runners.model.FrameworkMethod.invokeExplosively(Ljava/lang/Object;[Ljava/lang/Object;)Ljava/lang/Object;+10
j  org.junit.internal.runners.statements.InvokeMethod.evaluate()V+12
j  org.junit.internal.runners.statements.RunBefores.evaluate()V+49
j  org.junit.runners.ParentRunner.runLeaf(Lorg/junit/runners/model/Statement;Lorg/junit/runner/Description;Lorg/junit/runner/notification/RunNotifier;)V+17
j  org.junit.runners.BlockJUnit4ClassRunner.runChild(Lorg/junit/runners/model/FrameworkMethod;Lorg/junit/runner/notification/RunNotifier;)V+32
j  org.junit.runners.BlockJUnit4ClassRunner.runChild(Ljava/lang/Object;Lorg/junit/runner/notification/RunNotifier;)V+6
j  org.junit.runners.ParentRunner$3.run()V+12
j  org.junit.runners.ParentRunner$1.schedule(Ljava/lang/Runnable;)V+1
j  org.junit.runners.ParentRunner.runChildren(Lorg/junit/runner/notification/RunNotifier;)V+40
j  org.junit.runners.ParentRunner.access$000(Lorg/junit/runners/ParentRunner;Lorg/junit/runner/notification/RunNotifier;)V+2
j  org.junit.runners.ParentRunner$2.evaluate()V+8
j  org.junit.runners.ParentRunner.run(Lorg/junit/runner/notification/RunNotifier;)V+20
j  org.apache.maven.surefire.junit4.JUnit4Provider.execute(Ljava/lang/Class;Lorg/junit/runner/notification/RunNotifier;[Ljava/lang/String;)V+116
j  org.apache.maven.surefire.junit4.JUnit4Provider.executeTestSet(Ljava/lang/Class;Lorg/apache/maven/surefire/report/RunListener;Lorg/junit/runner/notification/RunNotifier;)V+70
j  org.apache.maven.surefire.junit4.JUnit4Provider.invoke(Ljava/lang/Object;)Lorg/apache/maven/surefire/suite/RunResult;+133
v  ~StubRoutines::call_stub
V  [libjvm.so+0x6a7385]
V  [libjvm.so+0xa02b3d]
V  [libjvm.so+0xa03d2b]
V  [libjvm.so+0x758f31]  JVM_InvokeMethod+0x1f1
j  sun.reflect.NativeMethodAccessorImpl.invoke0(Ljava/lang/reflect/Method;Ljava/lang/Object;[Ljava/lang/Object;)Ljava/lang/Object;+0
j  sun.reflect.NativeMethodAccessorImpl.invoke(Ljava/lang/Object;[Ljava/lang/Object;)Ljava/lang/Object;+100
j  sun.reflect.DelegatingMethodAccessorImpl.invoke(Ljava/lang/Object;[Ljava/lang/Object;)Ljava/lang/Object;+6
j  java.lang.reflect.Method.invoke(Ljava/lang/Object;[Ljava/lang/Object;)Ljava/lang/Object;+56
j  org.apache.maven.surefire.util.ReflectionUtils.invokeMethodWithArray(Ljava/lang/Object;Ljava/lang/reflect/Method;[Ljava/lang/Object;)Ljava/lang/Object;+3
j  org.apache.maven.surefire.booter.ProviderFactory$ProviderProxy.invoke(Ljava/lang/Object;)Lorg/apache/maven/surefire/suite/RunResult;+38
j  org.apache.maven.surefire.booter.ProviderFactory.invokeProvider(Ljava/lang/Object;Ljava/lang/ClassLoader;Ljava/lang/ClassLoader;Ljava/lang/Object;Lorg/apache/maven/surefire/booter/ProviderConfiguration;ZLorg/apache/maven/surefire/booter/StartupConfiguration;Z)Lorg/apache/maven/surefire/suite/RunResult;+38
j  org.apache.maven.surefire.booter.ForkedBooter.runSuitesInProcess(Ljava/lang/Object;Ljava/lang/ClassLoader;Lorg/apache/maven/surefire/booter/StartupConfiguration;Lorg/apache/maven/surefire/booter/ProviderConfiguration;Ljava/io/PrintStream;)Lorg/apache/maven/surefire/suite/RunResult;+45
j  org.apache.maven.surefire.booter.ForkedBooter.main([Ljava/lang/String;)V+136
v  ~StubRoutines::call_stub
V  [libjvm.so+0x6a7385]
V  [libjvm.so+0x72897d]
V  [libjvm.so+0x72b54e]
C  [libjli.so+0x4802]
C  [libjli.so+0x8dc1]
C  [libpthread.so.0+0x8609]  start_thread+0xd9

Java frames: (J=compiled Java code, j=interpreted, Vv=VM code)
j  gov.usdot.cv.rgaencoder.Encoder.encodeRGA(Lgov/usdot/cv/rgaencoder/BaseLayer;Ljava/util/List;)[B+0
j  gov.usdot.cv.rgaencoder.Encoder.encode(Lgov/usdot/cv/rgaencoder/RGAData;)Lgov/usdot/cv/mapencoder/ByteArrayObject;+44
j  gov.usdot.cv.msg.builder.util.J2945Helper.getBytes(Lgov/usdot/cv/rgaencoder/RGAData;)[B+10
j  gov.usdot.cv.msg.builder.util.J2945Helper.getHexString(Lgov/usdot/cv/rgaencoder/RGAData;)Ljava/lang/String;+1
j  gov.usdot.cv.msg.builder.IntersectionSituationDataBuilder.build(Ljava/lang/String;)Lgov/usdot/cv/msg/builder/message/IntersectionMessage;+371
j  gov.usdot.cv.msg.builder.IntersectionSituationDataBuilderTest.runIntersectionSituationDataBuilderTests(Ljava/lang/String;Ljava/lang/String;)V+25
j  gov.usdot.cv.msg.builder.IntersectionSituationDataBuilderTest.rgaMessageFromUI()V+9
v  ~StubRoutines::call_stub
J 1390  sun.reflect.NativeMethodAccessorImpl.invoke0(Ljava/lang/reflect/Method;Ljava/lang/Object;[Ljava/lang/Object;)Ljava/lang/Object; (0 bytes) @ 0x00007ff5b55fa9b7 [0x00007ff5b55fa940+0x77]
J 1389 C1 sun.reflect.NativeMethodAccessorImpl.invoke(Ljava/lang/Object;[Ljava/lang/Object;)Ljava/lang/Object; (104 bytes) @ 0x00007ff5b55fcfd4 [0x00007ff5b55fbe00+0x11d4]
J 1632 C2 java.lang.reflect.Method.invoke(Ljava/lang/Object;[Ljava/lang/Object;)Ljava/lang/Object; (62 bytes) @ 0x00007ff5b5681ae8 [0x00007ff5b5681a40+0xa8]
j  org.junit.runners.model.FrameworkMethod$1.runReflectiveCall()Ljava/lang/Object;+15
j  org.junit.internal.runners.model.ReflectiveCallable.run()Ljava/lang/Object;+1
j  org.junit.runners.model.FrameworkMethod.invokeExplosively(Ljava/lang/Object;[Ljava/lang/Object;)Ljava/lang/Object;+10
j  org.junit.internal.runners.statements.InvokeMethod.evaluate()V+12
j  org.junit.internal.runners.statements.RunBefores.evaluate()V+49
j  org.junit.runners.ParentRunner.runLeaf(Lorg/junit/runners/model/Statement;Lorg/junit/runner/Description;Lorg/junit/runner/notification/RunNotifier;)V+17
j  org.junit.runners.BlockJUnit4ClassRunner.runChild(Lorg/junit/runners/model/FrameworkMethod;Lorg/junit/runner/notification/RunNotifier;)V+32
j  org.junit.runners.BlockJUnit4ClassRunner.runChild(Ljava/lang/Object;Lorg/junit/runner/notification/RunNotifier;)V+6
j  org.junit.runners.ParentRunner$3.run()V+12
j  org.junit.runners.ParentRunner$1.schedule(Ljava/lang/Runnable;)V+1
j  org.junit.runners.ParentRunner.runChildren(Lorg/junit/runner/notification/RunNotifier;)V+40
j  org.junit.runners.ParentRunner.access$000(Lorg/junit/runners/ParentRunner;Lorg/junit/runner/notification/RunNotifier;)V+2
j  org.junit.runners.ParentRunner$2.evaluate()V+8
j  org.junit.runners.ParentRunner.run(Lorg/junit/runner/notification/RunNotifier;)V+20
j  org.apache.maven.surefire.junit4.JUnit4Provider.execute(Ljava/lang/Class;Lorg/junit/runner/notification/RunNotifier;[Ljava/lang/String;)V+116
j  org.apache.maven.surefire.junit4.JUnit4Provider.executeTestSet(Ljava/lang/Class;Lorg/apache/maven/surefire/report/RunListener;Lorg/junit/runner/notification/RunNotifier;)V+70
j  org.apache.maven.surefire.junit4.JUnit4Provider.invoke(Ljava/lang/Object;)Lorg/apache/maven/surefire/suite/RunResult;+133
v  ~StubRoutines::call_stub
j  sun.reflect.NativeMethodAccessorImpl.invoke0(Ljava/lang/reflect/Method;Ljava/lang/Object;[Ljava/lang/Object;)Ljava/lang/Object;+0
j  sun.reflect.NativeMethodAccessorImpl.invoke(Ljava/lang/Object;[Ljava/lang/Object;)Ljava/lang/Object;+100
j  sun.reflect.DelegatingMethodAccessorImpl.invoke(Ljava/lang/Object;[Ljava/lang/Object;)Ljava/lang/Object;+6
j  java.lang.reflect.Method.invoke(Ljava/lang/Object;[Ljava/lang/Object;)Ljava/lang/Object;+56
j  org.apache.maven.surefire.util.ReflectionUtils.invokeMethodWithArray(Ljava/lang/Object;Ljava/lang/reflect/Method;[Ljava/lang/Object;)Ljava/lang/Object;+3
j  org.apache.maven.surefire.booter.ProviderFactory$ProviderProxy.invoke(Ljava/lang/Object;)Lorg/apache/maven/surefire/suite/RunResult;+38
j  org.apache.maven.surefire.booter.ProviderFactory.invokeProvider(Ljava/lang/Object;Ljava/lang/ClassLoader;Ljava/lang/ClassLoader;Ljava/lang/Object;Lorg/apache/maven/surefire/booter/ProviderConfiguration;ZLorg/apache/maven/surefire/booter/StartupConfiguration;Z)Lorg/apache/maven/surefire/suite/RunResult;+38
j  org.apache.maven.surefire.booter.ForkedBooter.runSuitesInProcess(Ljava/lang/Object;Ljava/lang/ClassLoader;Lorg/apache/maven/surefire/booter/StartupConfiguration;Lorg/apache/maven/surefire/booter/ProviderConfiguration;Ljava/io/PrintStream;)Lorg/apache/maven/surefire/suite/RunResult;+45
j  org.apache.maven.surefire.booter.ForkedBooter.main([Ljava/lang/String;)V+136
v  ~StubRoutines::call_stub

---------------  P R O C E S S  ---------------

Java Threads: ( => current thread )
  0x00007ff5c42d0800 JavaThread "Service Thread" daemon [_thread_blocked, id=1102366, stack(0x00007ff5737f8000,0x00007ff5738f9000)]
  0x00007ff5c42cd800 JavaThread "C1 CompilerThread11" daemon [_thread_blocked, id=1102365, stack(0x00007ff5738fa000,0x00007ff5739fa000)]
  0x00007ff5c42cb800 JavaThread "C1 CompilerThread10" daemon [_thread_blocked, id=1102364, stack(0x00007ff5739fb000,0x00007ff573afb000)]
  0x00007ff5c42ca000 JavaThread "C1 CompilerThread9" daemon [_thread_blocked, id=1102363, stack(0x00007ff573afc000,0x00007ff573bfc000)]
  0x00007ff5c42c8000 JavaThread "C1 CompilerThread8" daemon [_thread_blocked, id=1102362, stack(0x00007ff573bfd000,0x00007ff573cfd000)]
  0x00007ff5c42c6000 JavaThread "C2 CompilerThread7" daemon [_thread_blocked, id=1102361, stack(0x00007ff573cfe000,0x00007ff573dfe000)]
  0x00007ff5c42c4000 JavaThread "C2 CompilerThread6" daemon [_thread_blocked, id=1102360, stack(0x00007ff573dff000,0x00007ff573eff000)]
  0x00007ff5c42c2000 JavaThread "C2 CompilerThread5" daemon [_thread_blocked, id=1102359, stack(0x00007ff573f00000,0x00007ff574000000)]
  0x00007ff5c42c0000 JavaThread "C2 CompilerThread4" daemon [_thread_blocked, id=1102358, stack(0x00007ff5880bf000,0x00007ff5881bf000)]
  0x00007ff5c42bd800 JavaThread "C2 CompilerThread3" daemon [_thread_blocked, id=1102357, stack(0x00007ff5881c0000,0x00007ff5882c0000)]
  0x00007ff5c42bb800 JavaThread "C2 CompilerThread2" daemon [_thread_blocked, id=1102356, stack(0x00007ff5882c1000,0x00007ff5883c1000)]
  0x00007ff5c42b9800 JavaThread "C2 CompilerThread1" daemon [_thread_blocked, id=1102355, stack(0x00007ff5883c2000,0x00007ff5884c2000)]
  0x00007ff5c42b7000 JavaThread "C2 CompilerThread0" daemon [_thread_blocked, id=1102354, stack(0x00007ff5884c3000,0x00007ff5885c3000)]
  0x00007ff5c42af000 JavaThread "Signal Dispatcher" daemon [_thread_blocked, id=1102353, stack(0x00007ff5885c3000,0x00007ff5886c4000)]
  0x00007ff5c4281000 JavaThread "Finalizer" daemon [_thread_blocked, id=1102352, stack(0x00007ff588c34000,0x00007ff588d35000)]
  0x00007ff5c427c800 JavaThread "Reference Handler" daemon [_thread_blocked, id=1102351, stack(0x00007ff588d35000,0x00007ff588e36000)]
=>0x00007ff5c400b000 JavaThread "main" [_thread_in_vm, id=1102333, stack(0x00007ff5cabb2000,0x00007ff5cacb2000)]

Other Threads:
  0x00007ff5c4273000 VMThread [stack: 0x00007ff588e37000,0x00007ff588f37000] [id=1102350]
  0x00007ff5c42d3000 WatcherThread [stack: 0x00007ff5736f8000,0x00007ff5737f8000] [id=1102367]

VM state:not at safepoint (normal execution)

VM Mutex/Monitor currently owned by a thread: None

heap address: 0x00000005cb000000, size: 8016 MB, Compressed Oops mode: Zero based, Oop shift amount: 3
Narrow klass base: 0x0000000000000000, Narrow klass shift: 3
Compressed class space size: 1073741824 Address: 0x00000007c0000000

Heap:
 PSYoungGen      total 150016K, used 16245K [0x0000000719000000, 0x000000072b500000, 0x00000007c0000000)
  eden space 129024K, 12% used [0x0000000719000000,0x0000000719fdd7d0,0x0000000720e00000)
  from space 20992K, 0% used [0x0000000720e00000,0x0000000720e00000,0x0000000722280000)
  to   space 20992K, 0% used [0x000000072a080000,0x000000072a080000,0x000000072b500000)
 ParOldGen       total 264704K, used 12897K [0x00000005cb000000, 0x00000005db280000, 0x0000000719000000)
  object space 264704K, 4% used [0x00000005cb000000,0x00000005cbc98620,0x00000005db280000)
 Metaspace       used 21729K, capacity 22154K, committed 22400K, reserved 1069056K
  class space    used 2987K, capacity 3101K, committed 3200K, reserved 1048576K

Card table byte_map: [0x00007ff5c97db000,0x00007ff5ca784000] byte_map_base: 0x00007ff5c6983000

Marking Bits: (ParMarkBitMap*) 0x00007ff5cbde9740
 Begin Bits: [0x00007ff590580000, 0x00007ff5982c0000)
 End Bits:   [0x00007ff5982c0000, 0x00007ff5a0000000)

Polling page: 0x00007ff5cc092000

CodeCache: size=245760Kb used=7953Kb max_used=7969Kb free=237806Kb
 bounds [0x00007ff5b5000000, 0x00007ff5b57d0000, 0x00007ff5c4000000]
 total_blobs=2648 nmethods=2173 adapters=384
 compilation: enabled

Compilation events (10 events):
Event: 13.858 Thread 0x00007ff5c42ca000 nmethod 2172 0x00007ff5b57bf050 code [0x00007ff5b57bf300, 0x00007ff5b57c07f8]
Event: 13.858 Thread 0x00007ff5c42ca000 2173       3       org.codehaus.jackson.util.TextBuffer::contentsAsString (219 bytes)
Event: 13.859 Thread 0x00007ff5c42c8000 nmethod 2174 0x00007ff5b57c1090 code [0x00007ff5b57c12e0, 0x00007ff5b57c2098]
Event: 13.859 Thread 0x00007ff5c42c8000 2176       3       org.codehaus.jackson.impl.Utf8StreamParser::findName (44 bytes)
Event: 13.859 Thread 0x00007ff5c42c8000 nmethod 2176 0x00007ff5b57c2610 code [0x00007ff5b57c27a0, 0x00007ff5b57c2ab8]
Event: 13.866 Thread 0x00007ff5c42c6000 nmethod 2175 0x00007ff5b57c5ad0 code [0x00007ff5b57c5c60, 0x00007ff5b57c5ef8]
Event: 13.868 Thread 0x00007ff5c42cb800 2168       3       org.codehaus.jackson.sym.BytesToNameCanonicalizer::findName (140 bytes)
Event: 13.868 Thread 0x00007ff5c42ca000 nmethod 2173 0x00007ff5b57c3dd0 code [0x00007ff5b57c4060, 0x00007ff5b57c5298]
Event: 13.869 Thread 0x00007ff5c42cb800 nmethod 2168 0x00007ff5b57c3090 code [0x00007ff5b57c3260, 0x00007ff5b57c3a18]
Event: 13.875 Thread 0x00007ff5c42c2000 2177   !   4       java.util.zip.ZipFile$ZipFileInputStream::close (110 bytes)

GC Heap History (4 events):
Event: 3.941 GC heap before
{Heap before GC invocations=1 (full 0):
 PSYoungGen      total 150016K, used 126543K [0x0000000719000000, 0x0000000723700000, 0x00000007c0000000)
  eden space 129024K, 98% used [0x0000000719000000,0x0000000720b93e10,0x0000000720e00000)
  from space 20992K, 0% used [0x0000000722280000,0x0000000722280000,0x0000000723700000)
  to   space 20992K, 0% used [0x0000000720e00000,0x0000000720e00000,0x0000000722280000)
 ParOldGen       total 343040K, used 0K [0x00000005cb000000, 0x00000005dff00000, 0x0000000719000000)
  object space 343040K, 0% used [0x00000005cb000000,0x00000005cb000000,0x00000005dff00000)
 Metaspace       used 20741K, capacity 21180K, committed 21296K, reserved 1067008K
  class space    used 2839K, capacity 2944K, committed 2944K, reserved 1048576K
Event: 4.110 GC heap after
Heap after GC invocations=1 (full 0):
 PSYoungGen      total 150016K, used 13625K [0x0000000719000000, 0x000000072b500000, 0x00000007c0000000)
  eden space 129024K, 0% used [0x0000000719000000,0x0000000719000000,0x0000000720e00000)
  from space 20992K, 64% used [0x0000000720e00000,0x0000000721b4e798,0x0000000722280000)
  to   space 20992K, 0% used [0x000000072a080000,0x000000072a080000,0x000000072b500000)
 ParOldGen       total 343040K, used 80K [0x00000005cb000000, 0x00000005dff00000, 0x0000000719000000)
  object space 343040K, 0% used [0x00000005cb000000,0x00000005cb014010,0x00000005dff00000)
 Metaspace       used 20741K, capacity 21180K, committed 21296K, reserved 1067008K
  class space    used 2839K, capacity 2944K, committed 2944K, reserved 1048576K
}
Event: 4.110 GC heap before
{Heap before GC invocations=2 (full 1):
 PSYoungGen      total 150016K, used 13625K [0x0000000719000000, 0x000000072b500000, 0x00000007c0000000)
  eden space 129024K, 0% used [0x0000000719000000,0x0000000719000000,0x0000000720e00000)
  from space 20992K, 64% used [0x0000000720e00000,0x0000000721b4e798,0x0000000722280000)
  to   space 20992K, 0% used [0x000000072a080000,0x000000072a080000,0x000000072b500000)
 ParOldGen       total 343040K, used 80K [0x00000005cb000000, 0x00000005dff00000, 0x0000000719000000)
  object space 343040K, 0% used [0x00000005cb000000,0x00000005cb014010,0x00000005dff00000)
 Metaspace       used 20741K, capacity 21180K, committed 21296K, reserved 1067008K
  class space    used 2839K, capacity 2944K, committed 2944K, reserved 1048576K
Event: 13.398 GC heap after
Heap after GC invocations=2 (full 1):
 PSYoungGen      total 150016K, used 0K [0x0000000719000000, 0x000000072b500000, 0x00000007c0000000)
  eden space 129024K, 0% used [0x0000000719000000,0x0000000719000000,0x0000000720e00000)
  from space 20992K, 0% used [0x0000000720e00000,0x0000000720e00000,0x0000000722280000)
  to   space 20992K, 0% used [0x000000072a080000,0x000000072a080000,0x000000072b500000)
 ParOldGen       total 264704K, used 12897K [0x00000005cb000000, 0x00000005db280000, 0x0000000719000000)
  object space 264704K, 4% used [0x00000005cb000000,0x00000005cbc98620,0x00000005db280000)
 Metaspace       used 20728K, capacity 21138K, committed 21296K, reserved 1067008K
  class space    used 2835K, capacity 2937K, committed 2944K, reserved 1048576K
}

Deoptimization events (10 events):
Event: 3.127 Thread 0x00007ff5c400b000 Uncommon trap: reason=bimorphic action=maybe_recompile pc=0x00007ff5b54ea7ec method=java.util.HashMap.putVal(ILjava/lang/Object;Ljava/lang/Object;ZZ)Ljava/lang/Object; @ 203
Event: 3.136 Thread 0x00007ff5c400b000 Uncommon trap: reason=bimorphic action=maybe_recompile pc=0x00007ff5b54ea7ec method=java.util.HashMap.putVal(ILjava/lang/Object;Ljava/lang/Object;ZZ)Ljava/lang/Object; @ 203
Event: 3.138 Thread 0x00007ff5c400b000 Uncommon trap: reason=bimorphic action=maybe_recompile pc=0x00007ff5b54ea7ec method=java.util.HashMap.putVal(ILjava/lang/Object;Ljava/lang/Object;ZZ)Ljava/lang/Object; @ 203
Event: 3.501 Thread 0x00007ff5c400b000 Uncommon trap: reason=class_check action=maybe_recompile pc=0x00007ff5b56840e8 method=net.bytebuddy.description.type.TypeDefinition$Sort.describe(Ljava/lang/reflect/Type;Lnet/bytebuddy/description/type/TypeDescription$Generic$AnnotationReader;)Lnet/bytebu
Event: 3.502 Thread 0x00007ff5c400b000 Uncommon trap: reason=class_check action=maybe_recompile pc=0x00007ff5b56840e8 method=net.bytebuddy.description.type.TypeDefinition$Sort.describe(Ljava/lang/reflect/Type;Lnet/bytebuddy/description/type/TypeDescription$Generic$AnnotationReader;)Lnet/bytebu
Event: 3.502 Thread 0x00007ff5c400b000 Uncommon trap: reason=class_check action=maybe_recompile pc=0x00007ff5b56840e8 method=net.bytebuddy.description.type.TypeDefinition$Sort.describe(Ljava/lang/reflect/Type;Lnet/bytebuddy/description/type/TypeDescription$Generic$AnnotationReader;)Lnet/bytebu
Event: 3.503 Thread 0x00007ff5c400b000 Uncommon trap: reason=class_check action=maybe_recompile pc=0x00007ff5b56840e8 method=net.bytebuddy.description.type.TypeDefinition$Sort.describe(Ljava/lang/reflect/Type;Lnet/bytebuddy/description/type/TypeDescription$Generic$AnnotationReader;)Lnet/bytebu
Event: 3.600 Thread 0x00007ff5c400b000 Uncommon trap: reason=unstable_if action=reinterpret pc=0x00007ff5b534655c method=java.lang.String.replace(CC)Ljava/lang/String; @ 26
Event: 13.466 Thread 0x00007ff5c4281000 Uncommon trap: reason=unstable_if action=reinterpret pc=0x00007ff5b563a7bc method=java.lang.ref.ReferenceQueue.poll()Ljava/lang/ref/Reference; @ 4
Event: 13.643 Thread 0x00007ff5c400b000 Uncommon trap: reason=unstable_if action=reinterpret pc=0x00007ff5b56fb37c method=sun.reflect.annotation.AnnotationInvocationHandler.invoke(Ljava/lang/Object;Ljava/lang/reflect/Method;[Ljava/lang/Object;)Ljava/lang/Object; @ 263

Classes redefined (0 events):
No events

Internal exceptions (10 events):
Event: 1.266 Thread 0x00007ff5c400b000 Exception <a 'java/lang/reflect/InvocationTargetException'> (0x000000071a23ff00) thrown at [/build/openjdk-8-zJa3ZI/openjdk-8-8u442-b06~us1/src/hotspot/src/share/vm/runtime/reflection.cpp, line 1089]
Event: 1.273 Thread 0x00007ff5c400b000 Exception <a 'java/lang/reflect/InvocationTargetException'> (0x000000071a243440) thrown at [/build/openjdk-8-zJa3ZI/openjdk-8-8u442-b06~us1/src/hotspot/src/share/vm/runtime/reflection.cpp, line 1089]
Event: 1.461 Thread 0x00007ff5c400b000 Exception <a 'java/security/PrivilegedActionException'> (0x000000071a44fad0) thrown at [/build/openjdk-8-zJa3ZI/openjdk-8-8u442-b06~us1/src/hotspot/src/share/vm/prims/jvm.cpp, line 1512]
Event: 1.461 Thread 0x00007ff5c400b000 Exception <a 'java/security/PrivilegedActionException'> (0x000000071a44fec8) thrown at [/build/openjdk-8-zJa3ZI/openjdk-8-8u442-b06~us1/src/hotspot/src/share/vm/prims/jvm.cpp, line 1512]
Event: 1.461 Thread 0x00007ff5c400b000 Exception <a 'java/security/PrivilegedActionException'> (0x000000071a4529b8) thrown at [/build/openjdk-8-zJa3ZI/openjdk-8-8u442-b06~us1/src/hotspot/src/share/vm/prims/jvm.cpp, line 1512]
Event: 1.462 Thread 0x00007ff5c400b000 Exception <a 'java/security/PrivilegedActionException'> (0x000000071a452db0) thrown at [/build/openjdk-8-zJa3ZI/openjdk-8-8u442-b06~us1/src/hotspot/src/share/vm/prims/jvm.cpp, line 1512]
Event: 1.773 Thread 0x00007ff5c400b000 Exception <a 'java/lang/IncompatibleClassChangeError': Found class java.lang.Object, but interface was expected> (0x000000071a5c3cd8) thrown at [/build/openjdk-8-zJa3ZI/openjdk-8-8u442-b06~us1/src/hotspot/src/share/vm/interpreter/linkResolver.cpp, line 65
Event: 2.708 Thread 0x00007ff5c400b000 Exception <a 'sun/nio/fs/UnixException'> (0x000000071c5d2a30) thrown at [/build/openjdk-8-zJa3ZI/openjdk-8-8u442-b06~us1/src/hotspot/src/share/vm/prims/jni.cpp, line 712]
Event: 2.841 Thread 0x00007ff5c400b000 Implicit null exception at 0x00007ff5b541f973 to 0x00007ff5b541fd7d
Event: 13.579 Thread 0x00007ff5c400b000 Exception <a 'java/lang/reflect/InvocationTargetException'> (0x00000007197ffe18) thrown at [/build/openjdk-8-zJa3ZI/openjdk-8-8u442-b06~us1/src/hotspot/src/share/vm/runtime/reflection.cpp, line 1089]

Events (10 events):
Event: 13.869 loading class gov/usdot/cv/rgaencoder/MotorVehicleLaneGeometryLayer
Event: 13.869 loading class gov/usdot/cv/rgaencoder/MotorVehicleLaneGeometryLayer done
Event: 13.871 loading class gov/usdot/cv/rgaencoder/IndividualApproachGeometryInfo
Event: 13.871 loading class gov/usdot/cv/rgaencoder/IndividualApproachGeometryInfo done
Event: 13.873 loading class gov/usdot/cv/rgaencoder/IndvMtrVehLaneGeometryInfo
Event: 13.873 loading class gov/usdot/cv/rgaencoder/IndvMtrVehLaneGeometryInfo done
Event: 13.875 loading class gov/usdot/cv/msg/builder/util/J2945Helper
Event: 13.875 loading class gov/usdot/cv/msg/builder/util/J2945Helper done
Event: 13.876 loading class gov/usdot/cv/rgaencoder/Encoder
Event: 13.876 loading class gov/usdot/cv/rgaencoder/Encoder done


Dynamic libraries:
5cb000000-5db280000 rw-p 00000000 00:00 0 
5db280000-719000000 ---p 00000000 00:00 0 
719000000-72b500000 rw-p 00000000 00:00 0 
72b500000-7c0000000 ---p 00000000 00:00 0 
7c0000000-7c0320000 rw-p 00000000 00:00 0 
7c0320000-800000000 ---p 00000000 00:00 0 
55adfc02a000-55adfc02b000 r--p 00000000 08:05 265682                     /usr/lib/jvm/java-8-openjdk-amd64/jre/bin/java
55adfc02b000-55adfc02c000 r-xp 00001000 08:05 265682                     /usr/lib/jvm/java-8-openjdk-amd64/jre/bin/java
55adfc02c000-55adfc02d000 r--p 00002000 08:05 265682                     /usr/lib/jvm/java-8-openjdk-amd64/jre/bin/java
55adfc02d000-55adfc02e000 r--p 00002000 08:05 265682                     /usr/lib/jvm/java-8-openjdk-amd64/jre/bin/java
55adfc02e000-55adfc02f000 rw-p 00003000 08:05 265682                     /usr/lib/jvm/java-8-openjdk-amd64/jre/bin/java
55ae338af000-55ae338d0000 rw-p 00000000 00:00 0                          [heap]
7ff51c000000-7ff51c021000 rw-p 00000000 00:00 0 
7ff51c021000-7ff520000000 ---p 00000000 00:00 0 
7ff524000000-7ff5240eb000 rw-p 00000000 00:00 0 
7ff5240eb000-7ff528000000 ---p 00000000 00:00 0 
7ff528000000-7ff528021000 rw-p 00000000 00:00 0 
7ff528021000-7ff52c000000 ---p 00000000 00:00 0 
7ff52c000000-7ff52c158000 rw-p 00000000 00:00 0 
7ff52c158000-7ff530000000 ---p 00000000 00:00 0 
7ff530000000-7ff53013f000 rw-p 00000000 00:00 0 
7ff53013f000-7ff534000000 ---p 00000000 00:00 0 
7ff534000000-7ff534193000 rw-p 00000000 00:00 0 
7ff534193000-7ff538000000 ---p 00000000 00:00 0 
7ff538000000-7ff53808f000 rw-p 00000000 00:00 0 
7ff53808f000-7ff53c000000 ---p 00000000 00:00 0 
7ff53c000000-7ff53c3f8000 rw-p 00000000 00:00 0 
7ff53c3f8000-7ff540000000 ---p 00000000 00:00 0 
7ff540000000-7ff54003b000 rw-p 00000000 00:00 0 
7ff54003b000-7ff544000000 ---p 00000000 00:00 0 
7ff544000000-7ff54414f000 rw-p 00000000 00:00 0 
7ff54414f000-7ff548000000 ---p 00000000 00:00 0 
7ff548000000-7ff548127000 rw-p 00000000 00:00 0 
7ff548127000-7ff54c000000 ---p 00000000 00:00 0 
7ff54c000000-7ff54c121000 rw-p 00000000 00:00 0 
7ff54c121000-7ff550000000 ---p 00000000 00:00 0 
7ff550000000-7ff5500e1000 rw-p 00000000 00:00 0 
7ff5500e1000-7ff554000000 ---p 00000000 00:00 0 
7ff554000000-7ff554021000 rw-p 00000000 00:00 0 
7ff554021000-7ff558000000 ---p 00000000 00:00 0 
7ff558000000-7ff558124000 rw-p 00000000 00:00 0 
7ff558124000-7ff55c000000 ---p 00000000 00:00 0 
7ff55c000000-7ff55c021000 rw-p 00000000 00:00 0 
7ff55c021000-7ff560000000 ---p 00000000 00:00 0 
7ff560000000-7ff560021000 rw-p 00000000 00:00 0 
7ff560021000-7ff564000000 ---p 00000000 00:00 0 
7ff564000000-7ff564021000 rw-p 00000000 00:00 0 
7ff564021000-7ff568000000 ---p 00000000 00:00 0 
7ff568000000-7ff568021000 rw-p 00000000 00:00 0 
7ff568021000-7ff56c000000 ---p 00000000 00:00 0 
7ff56c000000-7ff56c021000 rw-p 00000000 00:00 0 
7ff56c021000-7ff570000000 ---p 00000000 00:00 0 
7ff572689000-7ff57273b000 r--p 00000000 08:05 3801318                    /home/carma/maptool_ws/public/connectedvcs-tools/fedgov-cv-lib-asn1c/third_party_lib/libasn1c_rga.so
7ff57273b000-7ff5727bf000 r-xp 000b2000 08:05 3801318                    /home/carma/maptool_ws/public/connectedvcs-tools/fedgov-cv-lib-asn1c/third_party_lib/libasn1c_rga.so
7ff5727bf000-7ff572807000 r--p 00136000 08:05 3801318                    /home/carma/maptool_ws/public/connectedvcs-tools/fedgov-cv-lib-asn1c/third_party_lib/libasn1c_rga.so
7ff572807000-7ff572813000 r--p 0017d000 08:05 3801318                    /home/carma/maptool_ws/public/connectedvcs-tools/fedgov-cv-lib-asn1c/third_party_lib/libasn1c_rga.so
7ff572813000-7ff5728a1000 rw-p 00189000 08:05 3801318                    /home/carma/maptool_ws/public/connectedvcs-tools/fedgov-cv-lib-asn1c/third_party_lib/libasn1c_rga.so
7ff5728a1000-7ff572961000 rw-p 00000000 00:00 0 
7ff572961000-7ff572aa1000 ---p 00000000 00:00 0 
7ff572aa1000-7ff572b45000 r--p 00000000 08:05 3675216                    /home/carma/maptool_ws/public/connectedvcs-tools/fedgov-cv-lib-asn1c/third_party_lib/libasn1c.so
7ff572b45000-7ff572c11000 r-xp 000a4000 08:05 3675216                    /home/carma/maptool_ws/public/connectedvcs-tools/fedgov-cv-lib-asn1c/third_party_lib/libasn1c.so
7ff572c11000-7ff572c6a000 r--p 00170000 08:05 3675216                    /home/carma/maptool_ws/public/connectedvcs-tools/fedgov-cv-lib-asn1c/third_party_lib/libasn1c.so
7ff572c6a000-7ff572c75000 r--p 001c8000 08:05 3675216                    /home/carma/maptool_ws/public/connectedvcs-tools/fedgov-cv-lib-asn1c/third_party_lib/libasn1c.so
7ff572c75000-7ff572cf7000 rw-p 001d3000 08:05 3675216                    /home/carma/maptool_ws/public/connectedvcs-tools/fedgov-cv-lib-asn1c/third_party_lib/libasn1c.so
7ff572cf7000-7ff572ef7000 rw-p 00000000 00:00 0 
7ff572ef7000-7ff5730f7000 rw-p 00000000 00:00 0 
7ff5730f7000-7ff5732f7000 rw-p 00000000 00:00 0 
7ff5732f7000-7ff5734f7000 rw-p 00000000 00:00 0 
7ff5734f7000-7ff5736f7000 rw-p 00000000 00:00 0 
7ff5736f7000-7ff5736f8000 ---p 00000000 00:00 0 
7ff5736f8000-7ff5737f8000 rw-p 00000000 00:00 0 
7ff5737f8000-7ff5737fb000 ---p 00000000 00:00 0 
7ff5737fb000-7ff5738f9000 rw-p 00000000 00:00 0 
7ff5738f9000-7ff5738fa000 ---p 00000000 00:00 0 
7ff5738fa000-7ff5738fd000 ---p 00000000 00:00 0 
7ff5738fd000-7ff5739fa000 rw-p 00000000 00:00 0 
7ff5739fa000-7ff5739fb000 ---p 00000000 00:00 0 
7ff5739fb000-7ff5739fe000 ---p 00000000 00:00 0 
7ff5739fe000-7ff573afb000 rw-p 00000000 00:00 0 
7ff573afb000-7ff573afc000 ---p 00000000 00:00 0 
7ff573afc000-7ff573aff000 ---p 00000000 00:00 0 
7ff573aff000-7ff573bfc000 rw-p 00000000 00:00 0 
7ff573bfc000-7ff573bfd000 ---p 00000000 00:00 0 
7ff573bfd000-7ff573c00000 ---p 00000000 00:00 0 
7ff573c00000-7ff573cfd000 rw-p 00000000 00:00 0 
7ff573cfd000-7ff573cfe000 ---p 00000000 00:00 0 
7ff573cfe000-7ff573d01000 ---p 00000000 00:00 0 
7ff573d01000-7ff573dfe000 rw-p 00000000 00:00 0 
7ff573dfe000-7ff573dff000 ---p 00000000 00:00 0 
7ff573dff000-7ff573e02000 ---p 00000000 00:00 0 
7ff573e02000-7ff573eff000 rw-p 00000000 00:00 0 
7ff573eff000-7ff573f00000 ---p 00000000 00:00 0 
7ff573f00000-7ff573f03000 ---p 00000000 00:00 0 
7ff573f03000-7ff574000000 rw-p 00000000 00:00 0 
7ff574000000-7ff574021000 rw-p 00000000 00:00 0 
7ff574021000-7ff578000000 ---p 00000000 00:00 0 
7ff578000000-7ff578021000 rw-p 00000000 00:00 0 
7ff578021000-7ff57c000000 ---p 00000000 00:00 0 
7ff57c000000-7ff57c021000 rw-p 00000000 00:00 0 
7ff57c021000-7ff580000000 ---p 00000000 00:00 0 
7ff580000000-7ff580021000 rw-p 00000000 00:00 0 
7ff580021000-7ff584000000 ---p 00000000 00:00 0 
7ff584000000-7ff584021000 rw-p 00000000 00:00 0 
7ff584021000-7ff588000000 ---p 00000000 00:00 0 
7ff588013000-7ff588017000 r--p 00000000 08:05 284807                     /usr/lib/jvm/java-8-openjdk-amd64/jre/lib/amd64/libmanagement.so
7ff588017000-7ff58801b000 r-xp 00004000 08:05 284807                     /usr/lib/jvm/java-8-openjdk-amd64/jre/lib/amd64/libmanagement.so
7ff58801b000-7ff58801d000 r--p 00008000 08:05 284807                     /usr/lib/jvm/java-8-openjdk-amd64/jre/lib/amd64/libmanagement.so
7ff58801d000-7ff58801e000 r--p 00009000 08:05 284807                     /usr/lib/jvm/java-8-openjdk-amd64/jre/lib/amd64/libmanagement.so
7ff58801e000-7ff58801f000 rw-p 0000a000 08:05 284807                     /usr/lib/jvm/java-8-openjdk-amd64/jre/lib/amd64/libmanagement.so
7ff58801f000-7ff588022000 r--s 00007000 08:05 3334194                    /root/.m2/repository/org/apache/maven/surefire/surefire-junit4/2.12.4/surefire-junit4-2.12.4.jar
7ff588022000-7ff588047000 r--s 001ac000 08:05 3334391                    /root/.m2/repository/org/apache/logging/log4j/log4j-core/2.23.1/log4j-core-2.23.1.jar
7ff588047000-7ff58804e000 r--s 0004d000 08:05 3334389                    /root/.m2/repository/org/apache/logging/log4j/log4j-api/2.23.1/log4j-api-2.23.1.jar
7ff58804e000-7ff588050000 r--s 0000c000 08:05 3278047                    /root/.m2/repository/org/objenesis/objenesis/2.6/objenesis-2.6.jar
7ff588050000-7ff588054000 r--s 0003c000 08:05 3278039                    /root/.m2/repository/net/bytebuddy/byte-buddy-agent/1.10.5/byte-buddy-agent-1.10.5.jar
7ff588054000-7ff58809c000 r--s 002e9000 08:05 3278041                    /root/.m2/repository/net/bytebuddy/byte-buddy/1.10.5/byte-buddy-1.10.5.jar
7ff58809c000-7ff5880ad000 r--s 00080000 08:05 3278043                    /root/.m2/repository/org/mockito/mockito-core/3.3.0/mockito-core-3.3.0.jar
7ff5880ad000-7ff5880af000 r--s 00009000 08:05 3278242                    /root/.m2/repository/org/hamcrest/hamcrest-core/1.3/hamcrest-core-1.3.jar
7ff5880af000-7ff5880b5000 r--s 00036000 08:05 3278239                    /root/.m2/repository/junit/junit/4.11/junit-4.11.jar
7ff5880b5000-7ff5880b7000 r--s 00018000 08:05 3278238                    /root/.m2/repository/javax/servlet/servlet-api/2.5/servlet-api-2.5.jar
7ff5880b7000-7ff5880b9000 r--s 0000e000 08:05 3278231                    /root/.m2/repository/javax/activation/activation/1.1/activation-1.1.jar
7ff5880b9000-7ff5880bb000 r--s 00004000 08:05 3278230                    /root/.m2/repository/javax/xml/stream/stax-api/1.0-2/stax-api-1.0-2.jar
7ff5880bb000-7ff5880be000 r--s 00017000 08:05 3278228                    /root/.m2/repository/javax/xml/bind/jaxb-api/2.2.2/jaxb-api-2.2.2.jar
7ff5880be000-7ff5880bf000 ---p 00000000 00:00 0 
7ff5880bf000-7ff5880c2000 ---p 00000000 00:00 0 
7ff5880c2000-7ff5881bf000 rw-p 00000000 00:00 0 
7ff5881bf000-7ff5881c0000 ---p 00000000 00:00 0 
7ff5881c0000-7ff5881c3000 ---p 00000000 00:00 0 
7ff5881c3000-7ff5882c0000 rw-p 00000000 00:00 0 
7ff5882c0000-7ff5882c1000 ---p 00000000 00:00 0 
7ff5882c1000-7ff5882c4000 ---p 00000000 00:00 0 
7ff5882c4000-7ff5883c1000 rw-p 00000000 00:00 0 
7ff5883c1000-7ff5883c2000 ---p 00000000 00:00 0 
7ff5883c2000-7ff5883c5000 ---p 00000000 00:00 0 
7ff5883c5000-7ff5884c2000 rw-p 00000000 00:00 0 
7ff5884c2000-7ff5884c3000 ---p 00000000 00:00 0 
7ff5884c3000-7ff5884c6000 ---p 00000000 00:00 0 
7ff5884c6000-7ff5885c3000 rw-p 00000000 00:00 0 
7ff5885c3000-7ff5885c6000 ---p 00000000 00:00 0 
7ff5885c6000-7ff5886c4000 rw-p 00000000 00:00 0 
7ff5886c4000-7ff588c34000 r--p 00000000 08:05 262249                     /usr/lib/locale/locale-archive
7ff588c34000-7ff588c37000 ---p 00000000 00:00 0 
7ff588c37000-7ff588d35000 rw-p 00000000 00:00 0 
7ff588d35000-7ff588d38000 ---p 00000000 00:00 0 
7ff588d38000-7ff588e36000 rw-p 00000000 00:00 0 
7ff588e36000-7ff588e37000 ---p 00000000 00:00 0 
7ff588e37000-7ff58c000000 rw-p 00000000 00:00 0 
7ff58c000000-7ff58c021000 rw-p 00000000 00:00 0 
7ff58c021000-7ff590000000 ---p 00000000 00:00 0 
7ff590000000-7ff590001000 r--s 00006000 08:05 3278237                    /root/.m2/repository/org/codehaus/jackson/jackson-xc/1.9.2/jackson-xc-1.9.2.jar
7ff590001000-7ff590014000 r--s 000c7000 08:05 3278225                    /root/.m2/repository/com/sun/xml/bind/jaxb-impl/2.2.3-1/jaxb-impl-2.2.3-1.jar
7ff590014000-7ff590016000 r--s 0000f000 08:05 3278224                    /root/.m2/repository/org/codehaus/jettison/jettison/1.1/jettison-1.1.jar
7ff590016000-7ff59001b000 r--s 00024000 08:05 3278221                    /root/.m2/repository/com/sun/jersey/jersey-json/1.19.3/jersey-json-1.19.3.jar
7ff59001b000-7ff59001f000 r--s 0001d000 08:05 3278219                    /root/.m2/repository/com/sun/jersey/jersey-client/1.19.3/jersey-client-1.19.3.jar
7ff59001f000-7ff59002f000 r--s 0009c000 08:05 3278213                    /root/.m2/repository/com/sun/jersey/jersey-server/1.19.3/jersey-server-1.19.3.jar
7ff59002f000-7ff59007b000 r--s 003f9000 08:05 3278037                    /root/.m2/repository/io/netty/netty-all/4.1.66.Final/netty-all-4.1.66.Final.jar
7ff59007b000-7ff5a0000000 rw-p 00000000 00:00 0 
7ff5a0000000-7ff5a0021000 rw-p 00000000 00:00 0 
7ff5a0021000-7ff5a4000000 ---p 00000000 00:00 0 
7ff5a4000000-7ff5a4021000 rw-p 00000000 00:00 0 
7ff5a4021000-7ff5a8000000 ---p 00000000 00:00 0 
7ff5a8000000-7ff5a8021000 rw-p 00000000 00:00 0 
7ff5a8021000-7ff5ac000000 ---p 00000000 00:00 0 
7ff5ac000000-7ff5ac021000 rw-p 00000000 00:00 0 
7ff5ac021000-7ff5b0000000 ---p 00000000 00:00 0 
7ff5b0000000-7ff5b0021000 rw-p 00000000 00:00 0 
7ff5b0021000-7ff5b4000000 ---p 00000000 00:00 0 
7ff5b4000000-7ff5b4001000 r--s 00004000 08:05 3278235                    /root/.m2/repository/org/codehaus/jackson/jackson-jaxrs/1.9.2/jackson-jaxrs-1.9.2.jar
7ff5b4001000-7ff5b4003000 r--s 0000a000 08:05 3278210                    /root/.m2/repository/javax/ws/rs/jsr311-api/1.1.1/jsr311-api-1.1.1.jar
7ff5b4003000-7ff5b400d000 r--s 00061000 08:05 3278215                    /root/.m2/repository/com/sun/jersey/jersey-core/1.19.3/jersey-core-1.19.3.jar
7ff5b400d000-7ff5b4011000 r--s 0001c000 08:05 3278209                    /root/.m2/repository/com/sun/jersey/jersey-servlet/1.19.3/jersey-servlet-1.19.3.jar
7ff5b4011000-7ff5b4015000 r--s 00035000 08:05 3278211                    /root/.m2/repository/org/codehaus/jackson/jackson-core-asl/1.9.13/jackson-core-asl-1.9.13.jar
7ff5b4015000-7ff5b4023000 r--s 000b1000 08:05 3278207                    /root/.m2/repository/org/codehaus/jackson/jackson-mapper-asl/1.9.13/jackson-mapper-asl-1.9.13.jar
7ff5b4023000-7ff5b4029000 r--s 00033000 08:05 3278205                    /root/.m2/repository/commons-codec/commons-codec/1.6/commons-codec-1.6.jar
7ff5b4029000-7ff5b402b000 r--s 00005000 08:05 3289986                    /root/.m2/repository/gov/usdot/fedgov-cv-rgaencoder/1.0.0-SNAPSHOT/fedgov-cv-rgaencoder-1.0.0-SNAPSHOT.jar
7ff5b402b000-7ff5b402e000 r--s 00025000 08:05 3277157                    /root/.m2/repository/commons-io/commons-io/2.1/commons-io-2.1.jar
7ff5b402e000-7ff5b403e000 r--s 000bc000 08:05 3278045                    /root/.m2/repository/org/jboss/netty/netty/3.2.10.Final/netty-3.2.10.Final.jar
7ff5b403e000-7ff5b4041000 r--s 0000c000 08:05 3278050                    /root/.m2/repository/gov/usdot/fedgov-cv-mapencoder/1.0.0-SNAPSHOT/fedgov-cv-mapencoder-1.0.0-SNAPSHOT.jar
7ff5b4041000-7ff5b4045000 r--s 00019000 08:05 3277856                    /root/.m2/repository/org/apache/maven/surefire/surefire-api/2.12.4/surefire-api-2.12.4.jar
7ff5b4045000-7ff5b404a000 r--p 00000000 08:05 284809                     /usr/lib/jvm/java-8-openjdk-amd64/jre/lib/amd64/libnet.so
7ff5b404a000-7ff5b405b000 r-xp 00005000 08:05 284809                     /usr/lib/jvm/java-8-openjdk-amd64/jre/lib/amd64/libnet.so
7ff5b405b000-7ff5b405f000 r--p 00016000 08:05 284809                     /usr/lib/jvm/java-8-openjdk-amd64/jre/lib/amd64/libnet.so
7ff5b405f000-7ff5b4060000 r--p 00019000 08:05 284809                     /usr/lib/jvm/java-8-openjdk-amd64/jre/lib/amd64/libnet.so
7ff5b4060000-7ff5b4061000 rw-p 0001a000 08:05 284809                     /usr/lib/jvm/java-8-openjdk-amd64/jre/lib/amd64/libnet.so
7ff5b4061000-7ff5b4068000 r--p 00000000 08:05 284810                     /usr/lib/jvm/java-8-openjdk-amd64/jre/lib/amd64/libnio.so
7ff5b4068000-7ff5b4071000 r-xp 00007000 08:05 284810                     /usr/lib/jvm/java-8-openjdk-amd64/jre/lib/amd64/libnio.so
7ff5b4071000-7ff5b4074000 r--p 00010000 08:05 284810                     /usr/lib/jvm/java-8-openjdk-amd64/jre/lib/amd64/libnio.so
7ff5b4074000-7ff5b4075000 r--p 00012000 08:05 284810                     /usr/lib/jvm/java-8-openjdk-amd64/jre/lib/amd64/libnio.so
7ff5b4075000-7ff5b4076000 rw-p 00013000 08:05 284810                     /usr/lib/jvm/java-8-openjdk-amd64/jre/lib/amd64/libnio.so
7ff5b4076000-7ff5b4078000 r--s 00007000 08:05 3277858                    /root/.m2/repository/org/apache/maven/surefire/surefire-booter/2.12.4/surefire-booter-2.12.4.jar
7ff5b4078000-7ff5b407a000 r--s 0000c000 08:05 407777                     /usr/share/java/java-atk-wrapper.jar
7ff5b407a000-7ff5b4084000 r--s 00117000 08:05 284850                     /usr/lib/jvm/java-8-openjdk-amd64/jre/lib/ext/localedata.jar
7ff5b4084000-7ff5b4087000 r--s 00042000 08:05 284858                     /usr/lib/jvm/java-8-openjdk-amd64/jre/lib/ext/sunpkcs11.jar
7ff5b4087000-7ff5b4089000 r--s 00008000 08:05 284854                     /usr/lib/jvm/java-8-openjdk-amd64/jre/lib/ext/sunec.jar
7ff5b4089000-7ff5b408c000 r--s 0000f000 08:05 284848                     /usr/lib/jvm/java-8-openjdk-amd64/jre/lib/ext/icedtea-sound.jar
7ff5b408c000-7ff5b4092000 r--s 0003e000 08:05 284855                     /usr/lib/jvm/java-8-openjdk-amd64/jre/lib/ext/sunjce_provider.jar
7ff5b4092000-7ff5b40ad000 r--s 001d6000 08:05 284853                     /usr/lib/jvm/java-8-openjdk-amd64/jre/lib/ext/nashorn.jar
7ff5b40ad000-7ff5b40c9000 r--s 00394000 08:05 284844                     /usr/lib/jvm/java-8-openjdk-amd64/jre/lib/ext/cldrdata.jar
7ff5b40c9000-7ff5b451b000 rw-p 00000000 00:00 0 
7ff5b451b000-7ff5b46ed000 r--s 03cce000 08:05 284896                     /usr/lib/jvm/java-8-openjdk-amd64/jre/lib/rt.jar
7ff5b46ed000-7ff5b5000000 rw-p 00000000 00:00 0 
7ff5b5000000-7ff5b57d0000 rwxp 00000000 00:00 0 
7ff5b57d0000-7ff5c4000000 ---p 00000000 00:00 0 
7ff5c4000000-7ff5c4c56000 rw-p 00000000 00:00 0 
7ff5c4c56000-7ff5c8000000 ---p 00000000 00:00 0 
7ff5c8000000-7ff5c8001000 r--s 00000000 08:05 3277958                    /root/.m2/repository/gov/usdot/fedgov-cv-lib-asn1c/1.0.0-SNAPSHOT/fedgov-cv-lib-asn1c-1.0.0-SNAPSHOT.jar
7ff5c8001000-7ff5c8003000 r--s 00010000 08:05 284859                     /usr/lib/jvm/java-8-openjdk-amd64/jre/lib/ext/zipfs.jar
7ff5c8003000-7ff5c805e000 rw-p 00000000 00:00 0 
7ff5c805e000-7ff5c805f000 ---p 00000000 00:00 0 
7ff5c805f000-7ff5c815f000 rw-p 00000000 00:00 0 
7ff5c815f000-7ff5c8160000 ---p 00000000 00:00 0 
7ff5c8160000-7ff5c8260000 rw-p 00000000 00:00 0 
7ff5c8260000-7ff5c8261000 ---p 00000000 00:00 0 
7ff5c8261000-7ff5c8361000 rw-p 00000000 00:00 0 
7ff5c8361000-7ff5c8362000 ---p 00000000 00:00 0 
7ff5c8362000-7ff5c8462000 rw-p 00000000 00:00 0 
7ff5c8462000-7ff5c8463000 ---p 00000000 00:00 0 
7ff5c8463000-7ff5c8563000 rw-p 00000000 00:00 0 
7ff5c8563000-7ff5c8564000 ---p 00000000 00:00 0 
7ff5c8564000-7ff5c8664000 rw-p 00000000 00:00 0 
7ff5c8664000-7ff5c8665000 ---p 00000000 00:00 0 
7ff5c8665000-7ff5c8765000 rw-p 00000000 00:00 0 
7ff5c8765000-7ff5c8766000 ---p 00000000 00:00 0 
7ff5c8766000-7ff5c8866000 rw-p 00000000 00:00 0 
7ff5c8866000-7ff5c8867000 ---p 00000000 00:00 0 
7ff5c8867000-7ff5c8967000 rw-p 00000000 00:00 0 
7ff5c8967000-7ff5c8968000 ---p 00000000 00:00 0 
7ff5c8968000-7ff5c8a68000 rw-p 00000000 00:00 0 
7ff5c8a68000-7ff5c8a69000 ---p 00000000 00:00 0 
7ff5c8a69000-7ff5c8b69000 rw-p 00000000 00:00 0 
7ff5c8b69000-7ff5c8b6a000 ---p 00000000 00:00 0 
7ff5c8b6a000-7ff5c8c6a000 rw-p 00000000 00:00 0 
7ff5c8c6a000-7ff5c8c6b000 ---p 00000000 00:00 0 
7ff5c8c6b000-7ff5c8ded000 rw-p 00000000 00:00 0 
7ff5c8ded000-7ff5c97db000 ---p 00000000 00:00 0 
7ff5c97db000-7ff5c985d000 rw-p 00000000 00:00 0 
7ff5c985d000-7ff5ca24b000 ---p 00000000 00:00 0 
7ff5ca24b000-7ff5ca2de000 rw-p 00000000 00:00 0 
7ff5ca2de000-7ff5ca783000 ---p 00000000 00:00 0 
7ff5ca783000-7ff5ca7a4000 rw-p 00000000 00:00 0 
7ff5ca7a4000-7ff5cab44000 ---p 00000000 00:00 0 
7ff5cab44000-7ff5cab47000 r--p 00000000 08:05 284824                     /usr/lib/jvm/java-8-openjdk-amd64/jre/lib/amd64/libzip.so
7ff5cab47000-7ff5cab4c000 r-xp 00003000 08:05 284824                     /usr/lib/jvm/java-8-openjdk-amd64/jre/lib/amd64/libzip.so
7ff5cab4c000-7ff5cab4e000 r--p 00008000 08:05 284824                     /usr/lib/jvm/java-8-openjdk-amd64/jre/lib/amd64/libzip.so
7ff5cab4e000-7ff5cab4f000 r--p 00009000 08:05 284824                     /usr/lib/jvm/java-8-openjdk-amd64/jre/lib/amd64/libzip.so
7ff5cab4f000-7ff5cab50000 rw-p 0000a000 08:05 284824                     /usr/lib/jvm/java-8-openjdk-amd64/jre/lib/amd64/libzip.so
7ff5cab50000-7ff5cab53000 r--p 00000000 08:05 265959                     /usr/lib/x86_64-linux-gnu/libnss_files-2.31.so
7ff5cab53000-7ff5cab5a000 r-xp 00003000 08:05 265959                     /usr/lib/x86_64-linux-gnu/libnss_files-2.31.so
7ff5cab5a000-7ff5cab5c000 r--p 0000a000 08:05 265959                     /usr/lib/x86_64-linux-gnu/libnss_files-2.31.so
7ff5cab5c000-7ff5cab5d000 r--p 0000b000 08:05 265959                     /usr/lib/x86_64-linux-gnu/libnss_files-2.31.so
7ff5cab5d000-7ff5cab5e000 rw-p 0000c000 08:05 265959                     /usr/lib/x86_64-linux-gnu/libnss_files-2.31.so
7ff5cab5e000-7ff5cab64000 rw-p 00000000 00:00 0 
7ff5cab64000-7ff5cab65000 r--s 00000000 08:05 3688601                    /home/carma/maptool_ws/public/connectedvcs-tools/fedgov-cv-message-builder/target/surefire/surefirebooter5784848741287680936.jar
7ff5cab65000-7ff5cab67000 r--s 00001000 08:05 284845                     /usr/lib/jvm/java-8-openjdk-amd64/jre/lib/ext/dnsns.jar
7ff5cab67000-7ff5cab68000 r--s 0000a000 08:05 284849                     /usr/lib/jvm/java-8-openjdk-amd64/jre/lib/ext/jaccess.jar
7ff5cab68000-7ff5cab6f000 r--s 000d3000 08:05 284883                     /usr/lib/jvm/java-8-openjdk-amd64/jre/lib/jfr.jar
7ff5cab6f000-7ff5cab77000 rw-s 00000000 08:05 5767671                    /tmp/hsperfdata_root/1102332
7ff5cab77000-7ff5cab78000 rw-p 00000000 00:00 0 
7ff5cab78000-7ff5cab85000 r--p 00000000 08:05 284792                     /usr/lib/jvm/java-8-openjdk-amd64/jre/lib/amd64/libjava.so
7ff5cab85000-7ff5cab9d000 r-xp 0000d000 08:05 284792                     /usr/lib/jvm/java-8-openjdk-amd64/jre/lib/amd64/libjava.so
7ff5cab9d000-7ff5caba4000 r--p 00025000 08:05 284792                     /usr/lib/jvm/java-8-openjdk-amd64/jre/lib/amd64/libjava.so
7ff5caba4000-7ff5caba5000 r--p 0002b000 08:05 284792                     /usr/lib/jvm/java-8-openjdk-amd64/jre/lib/amd64/libjava.so
7ff5caba5000-7ff5caba7000 rw-p 0002c000 08:05 284792                     /usr/lib/jvm/java-8-openjdk-amd64/jre/lib/amd64/libjava.so
7ff5caba7000-7ff5caba9000 r--p 00000000 08:05 265975                     /usr/lib/x86_64-linux-gnu/librt-2.31.so
7ff5caba9000-7ff5cabad000 r-xp 00002000 08:05 265975                     /usr/lib/x86_64-linux-gnu/librt-2.31.so
7ff5cabad000-7ff5cabaf000 r--p 00006000 08:05 265975                     /usr/lib/x86_64-linux-gnu/librt-2.31.so
7ff5cabaf000-7ff5cabb0000 r--p 00007000 08:05 265975                     /usr/lib/x86_64-linux-gnu/librt-2.31.so
7ff5cabb0000-7ff5cabb1000 rw-p 00008000 08:05 265975                     /usr/lib/x86_64-linux-gnu/librt-2.31.so
7ff5cabb1000-7ff5cabb2000 ---p 00000000 00:00 0 
7ff5cabb2000-7ff5cabb5000 ---p 00000000 00:00 0 
7ff5cabb5000-7ff5cacb2000 rw-p 00000000 00:00 0 
7ff5cacb2000-7ff5cacb5000 r--p 00000000 08:05 287002                     /usr/lib/x86_64-linux-gnu/libgcc_s.so.1
7ff5cacb5000-7ff5cacc7000 r-xp 00003000 08:05 287002                     /usr/lib/x86_64-linux-gnu/libgcc_s.so.1
7ff5cacc7000-7ff5caccb000 r--p 00015000 08:05 287002                     /usr/lib/x86_64-linux-gnu/libgcc_s.so.1
7ff5caccb000-7ff5caccc000 r--p 00018000 08:05 287002                     /usr/lib/x86_64-linux-gnu/libgcc_s.so.1
7ff5caccc000-7ff5caccd000 rw-p 00019000 08:05 287002                     /usr/lib/x86_64-linux-gnu/libgcc_s.so.1
7ff5caccd000-7ff5cacda000 r--p 00000000 08:05 265946                     /usr/lib/x86_64-linux-gnu/libm-2.31.so
7ff5cacda000-7ff5cad81000 r-xp 0000d000 08:05 265946                     /usr/lib/x86_64-linux-gnu/libm-2.31.so
7ff5cad81000-7ff5cae1a000 r--p 000b4000 08:05 265946                     /usr/lib/x86_64-linux-gnu/libm-2.31.so
7ff5cae1a000-7ff5cae1b000 r--p 0014c000 08:05 265946                     /usr/lib/x86_64-linux-gnu/libm-2.31.so
7ff5cae1b000-7ff5cae1c000 rw-p 0014d000 08:05 265946                     /usr/lib/x86_64-linux-gnu/libm-2.31.so
7ff5cae1c000-7ff5caeb2000 r--p 00000000 08:05 287822                     /usr/lib/x86_64-linux-gnu/libstdc++.so.6.0.28
7ff5caeb2000-7ff5cafa3000 r-xp 00096000 08:05 287822                     /usr/lib/x86_64-linux-gnu/libstdc++.so.6.0.28
7ff5cafa3000-7ff5cafec000 r--p 00187000 08:05 287822                     /usr/lib/x86_64-linux-gnu/libstdc++.so.6.0.28
7ff5cafec000-7ff5cafed000 ---p 001d0000 08:05 287822                     /usr/lib/x86_64-linux-gnu/libstdc++.so.6.0.28
7ff5cafed000-7ff5caff8000 r--p 001d0000 08:05 287822                     /usr/lib/x86_64-linux-gnu/libstdc++.so.6.0.28
7ff5caff8000-7ff5caffb000 rw-p 001db000 08:05 287822                     /usr/lib/x86_64-linux-gnu/libstdc++.so.6.0.28
7ff5caffb000-7ff5caffe000 rw-p 00000000 00:00 0 
7ff5caffe000-7ff5cb1f4000 r--p 00000000 08:05 284828                     /usr/lib/jvm/java-8-openjdk-amd64/jre/lib/amd64/server/libjvm.so
7ff5cb1f4000-7ff5cbb60000 r-xp 001f6000 08:05 284828                     /usr/lib/jvm/java-8-openjdk-amd64/jre/lib/amd64/server/libjvm.so
7ff5cbb60000-7ff5cbd13000 r--p 00b62000 08:05 284828                     /usr/lib/jvm/java-8-openjdk-amd64/jre/lib/amd64/server/libjvm.so
7ff5cbd13000-7ff5cbd14000 ---p 00d15000 08:05 284828                     /usr/lib/jvm/java-8-openjdk-amd64/jre/lib/amd64/server/libjvm.so
7ff5cbd14000-7ff5cbdaa000 r--p 00d15000 08:05 284828                     /usr/lib/jvm/java-8-openjdk-amd64/jre/lib/amd64/server/libjvm.so
7ff5cbdaa000-7ff5cbdd3000 rw-p 00dab000 08:05 284828                     /usr/lib/jvm/java-8-openjdk-amd64/jre/lib/amd64/server/libjvm.so
7ff5cbdd3000-7ff5cbe08000 rw-p 00000000 00:00 0 
7ff5cbe08000-7ff5cbe2a000 r--p 00000000 08:05 265941                     /usr/lib/x86_64-linux-gnu/libc-2.31.so
7ff5cbe2a000-7ff5cbfa2000 r-xp 00022000 08:05 265941                     /usr/lib/x86_64-linux-gnu/libc-2.31.so
7ff5cbfa2000-7ff5cbff0000 r--p 0019a000 08:05 265941                     /usr/lib/x86_64-linux-gnu/libc-2.31.so
7ff5cbff0000-7ff5cbff4000 r--p 001e7000 08:05 265941                     /usr/lib/x86_64-linux-gnu/libc-2.31.so
7ff5cbff4000-7ff5cbff6000 rw-p 001eb000 08:05 265941                     /usr/lib/x86_64-linux-gnu/libc-2.31.so
7ff5cbff6000-7ff5cbffa000 rw-p 00000000 00:00 0 
7ff5cbffa000-7ff5cbffb000 r--p 00000000 08:05 265944                     /usr/lib/x86_64-linux-gnu/libdl-2.31.so
7ff5cbffb000-7ff5cbffd000 r-xp 00001000 08:05 265944                     /usr/lib/x86_64-linux-gnu/libdl-2.31.so
7ff5cbffd000-7ff5cbffe000 r--p 00003000 08:05 265944                     /usr/lib/x86_64-linux-gnu/libdl-2.31.so
7ff5cbffe000-7ff5cbfff000 r--p 00003000 08:05 265944                     /usr/lib/x86_64-linux-gnu/libdl-2.31.so
7ff5cbfff000-7ff5cc000000 rw-p 00004000 08:05 265944                     /usr/lib/x86_64-linux-gnu/libdl-2.31.so
7ff5cc000000-7ff5cc003000 r--p 00000000 08:05 281452                     /usr/lib/jvm/java-8-openjdk-amd64/jre/lib/amd64/jli/libjli.so
7ff5cc003000-7ff5cc00d000 r-xp 00003000 08:05 281452                     /usr/lib/jvm/java-8-openjdk-amd64/jre/lib/amd64/jli/libjli.so
7ff5cc00d000-7ff5cc010000 r--p 0000d000 08:05 281452                     /usr/lib/jvm/java-8-openjdk-amd64/jre/lib/amd64/jli/libjli.so
7ff5cc010000-7ff5cc011000 r--p 0000f000 08:05 281452                     /usr/lib/jvm/java-8-openjdk-amd64/jre/lib/amd64/jli/libjli.so
7ff5cc011000-7ff5cc012000 rw-p 00010000 08:05 281452                     /usr/lib/jvm/java-8-openjdk-amd64/jre/lib/amd64/jli/libjli.so
7ff5cc012000-7ff5cc014000 r--p 00000000 08:05 289846                     /usr/lib/x86_64-linux-gnu/libz.so.1.2.11
7ff5cc014000-7ff5cc025000 r-xp 00002000 08:05 289846                     /usr/lib/x86_64-linux-gnu/libz.so.1.2.11
7ff5cc025000-7ff5cc02b000 r--p 00013000 08:05 289846                     /usr/lib/x86_64-linux-gnu/libz.so.1.2.11
7ff5cc02b000-7ff5cc02c000 ---p 00019000 08:05 289846                     /usr/lib/x86_64-linux-gnu/libz.so.1.2.11
7ff5cc02c000-7ff5cc02d000 r--p 00019000 08:05 289846                     /usr/lib/x86_64-linux-gnu/libz.so.1.2.11
7ff5cc02d000-7ff5cc02e000 rw-p 0001a000 08:05 289846                     /usr/lib/x86_64-linux-gnu/libz.so.1.2.11
7ff5cc02e000-7ff5cc034000 r--p 00000000 08:05 265971                     /usr/lib/x86_64-linux-gnu/libpthread-2.31.so
7ff5cc034000-7ff5cc045000 r-xp 00006000 08:05 265971                     /usr/lib/x86_64-linux-gnu/libpthread-2.31.so
7ff5cc045000-7ff5cc04b000 r--p 00017000 08:05 265971                     /usr/lib/x86_64-linux-gnu/libpthread-2.31.so
7ff5cc04b000-7ff5cc04c000 r--p 0001c000 08:05 265971                     /usr/lib/x86_64-linux-gnu/libpthread-2.31.so
7ff5cc04c000-7ff5cc04d000 rw-p 0001d000 08:05 265971                     /usr/lib/x86_64-linux-gnu/libpthread-2.31.so
7ff5cc04d000-7ff5cc051000 rw-p 00000000 00:00 0 
7ff5cc051000-7ff5cc056000 r--p 00000000 08:05 284819                     /usr/lib/jvm/java-8-openjdk-amd64/jre/lib/amd64/libverify.so
7ff5cc056000-7ff5cc05f000 r-xp 00005000 08:05 284819                     /usr/lib/jvm/java-8-openjdk-amd64/jre/lib/amd64/libverify.so
7ff5cc05f000-7ff5cc061000 r--p 0000e000 08:05 284819                     /usr/lib/jvm/java-8-openjdk-amd64/jre/lib/amd64/libverify.so
7ff5cc061000-7ff5cc063000 r--p 0000f000 08:05 284819                     /usr/lib/jvm/java-8-openjdk-amd64/jre/lib/amd64/libverify.so
7ff5cc063000-7ff5cc064000 rw-p 00011000 08:05 284819                     /usr/lib/jvm/java-8-openjdk-amd64/jre/lib/amd64/libverify.so
7ff5cc064000-7ff5cc066000 rw-p 00000000 00:00 0 
7ff5cc066000-7ff5cc067000 r--p 00000000 08:05 265929                     /usr/lib/x86_64-linux-gnu/ld-2.31.so
7ff5cc067000-7ff5cc08a000 r-xp 00001000 08:05 265929                     /usr/lib/x86_64-linux-gnu/ld-2.31.so
7ff5cc08a000-7ff5cc092000 r--p 00024000 08:05 265929                     /usr/lib/x86_64-linux-gnu/ld-2.31.so
7ff5cc092000-7ff5cc093000 r--p 00000000 00:00 0 
7ff5cc093000-7ff5cc094000 r--p 0002c000 08:05 265929                     /usr/lib/x86_64-linux-gnu/ld-2.31.so
7ff5cc094000-7ff5cc095000 rw-p 0002d000 08:05 265929                     /usr/lib/x86_64-linux-gnu/ld-2.31.so
7ff5cc095000-7ff5cc096000 rw-p 00000000 00:00 0 
7fff119ea000-7fff11a0b000 rw-p 00000000 00:00 0                          [stack]
7fff11abf000-7fff11ac3000 r--p 00000000 00:00 0                          [vvar]
7fff11ac3000-7fff11ac5000 r-xp 00000000 00:00 0                          [vdso]
ffffffffff600000-ffffffffff601000 --xp 00000000 00:00 0                  [vsyscall]

VM Arguments:
java_command: /home/carma/maptool_ws/public/connectedvcs-tools/fedgov-cv-message-builder/target/surefire/surefirebooter5784848741287680936.jar /home/carma/maptool_ws/public/connectedvcs-tools/fedgov-cv-message-builder/target/surefire/surefire6547634103459020744tmp /home/carma/maptool_ws/public/connectedvcs-tools/fedgov-cv-message-builder/target/surefire/surefire_02737217529913215239tmp
java_class_path (initial): /home/carma/maptool_ws/public/connectedvcs-tools/fedgov-cv-message-builder/target/surefire/surefirebooter5784848741287680936.jar
Launcher Type: SUN_STANDARD

Environment Variables:
PATH=/usr/local/sbin:/usr/local/bin:/usr/sbin:/usr/bin:/sbin:/bin:/snap/bin
LD_LIBRARY_PATH=/home/carma/maptool_ws/public/connectedvcs-tools/fedgov-cv-lib-asn1c/third_party_lib
SHELL=/bin/bash
DISPLAY=:0

Signal Handlers:
SIGSEGV: [libjvm.so+0xb3b440], sa_mask[0]=11111111011111111101111111111110, sa_flags=SA_RESTART|SA_SIGINFO
SIGBUS: [libjvm.so+0xb3b440], sa_mask[0]=11111111011111111101111111111110, sa_flags=SA_RESTART|SA_SIGINFO
SIGFPE: [libjvm.so+0x97e0b0], sa_mask[0]=11111111011111111101111111111110, sa_flags=SA_RESTART|SA_SIGINFO
SIGPIPE: [libjvm.so+0x97e0b0], sa_mask[0]=11111111011111111101111111111110, sa_flags=SA_RESTART|SA_SIGINFO
SIGXFSZ: [libjvm.so+0x97e0b0], sa_mask[0]=11111111011111111101111111111110, sa_flags=SA_RESTART|SA_SIGINFO
SIGILL: [libjvm.so+0x97e0b0], sa_mask[0]=11111111011111111101111111111110, sa_flags=SA_RESTART|SA_SIGINFO
SIGUSR1: SIG_DFL, sa_mask[0]=00000000000000000000000000000000, sa_flags=none
SIGUSR2: [libjvm.so+0x97e3e0], sa_mask[0]=00100000000000000000000000000000, sa_flags=SA_RESTART|SA_SIGINFO
SIGHUP: [libjvm.so+0x97e330], sa_mask[0]=11111111011111111101111111111110, sa_flags=SA_RESTART|SA_SIGINFO
SIGINT: [libjvm.so+0x97e330], sa_mask[0]=11111111011111111101111111111110, sa_flags=SA_RESTART|SA_SIGINFO
SIGTERM: [libjvm.so+0x97e330], sa_mask[0]=11111111011111111101111111111110, sa_flags=SA_RESTART|SA_SIGINFO
SIGQUIT: [libjvm.so+0x97e330], sa_mask[0]=11111111011111111101111111111110, sa_flags=SA_RESTART|SA_SIGINFO


---------------  S Y S T E M  ---------------

OS:DISTRIB_ID=Ubuntu
DISTRIB_RELEASE=20.04
DISTRIB_CODENAME=focal
DISTRIB_DESCRIPTION="Ubuntu 20.04.6 LTS"

uname:Linux 5.15.0-131-generic #141~20.04.1-Ubuntu SMP Thu Jan 16 18:38:51 UTC 2025 x86_64
libc:glibc 2.31 NPTL 2.31 
rlimit: STACK 8192k, CORE 0k, NPROC 127857, NOFILE 1048576, AS infinity
load average:15.68 9.32 7.75

/proc/meminfo:
MemTotal:       32827360 kB
MemFree:        19298892 kB
MemAvailable:   23472480 kB
Buffers:          681400 kB
Cached:          3774816 kB
SwapCached:            0 kB
Active:          2505380 kB
Inactive:        9566308 kB
Active(anon):       6060 kB
Inactive(anon):  7742280 kB
Active(file):    2499320 kB
Inactive(file):  1824028 kB
Unevictable:          32 kB
Mlocked:              32 kB
SwapTotal:       2097148 kB
SwapFree:        2097148 kB
Dirty:               328 kB
Writeback:             0 kB
AnonPages:       7615824 kB
Mapped:          1015296 kB
Shmem:            132876 kB
KReclaimable:     315340 kB
Slab:             555256 kB
SReclaimable:     315340 kB
SUnreclaim:       239916 kB
KernelStack:       38368 kB
PageTables:        75252 kB
NFS_Unstable:          0 kB
Bounce:                0 kB
WritebackTmp:          0 kB
CommitLimit:    18510828 kB
Committed_AS:   25627312 kB
VmallocTotal:   34359738367 kB
VmallocUsed:       93444 kB
VmallocChunk:          0 kB
Percpu:           144384 kB
HardwareCorrupted:     0 kB
AnonHugePages:         0 kB
ShmemHugePages:        0 kB
ShmemPmdMapped:        0 kB
FileHugePages:         0 kB
FilePmdMapped:         0 kB
HugePages_Total:       0
HugePages_Free:        0
HugePages_Rsvd:        0
HugePages_Surp:        0
Hugepagesize:       2048 kB
Hugetlb:               0 kB
DirectMap4k:      704320 kB
DirectMap2M:    13975552 kB
DirectMap1G:    20971520 kB

container (cgroup) information:
container_type: cgroupv1
cpu_cpuset_cpus: 0-15
cpu_memory_nodes: 0
active_processor_count: 16
cpu_quota: -1
cpu_period: 100000
cpu_shares: -1
memory_limit_in_bytes: -1
memory_and_swap_limit_in_bytes: -1
memory_soft_limit_in_bytes: -1
memory_usage_in_bytes: 9875152896
memory_max_usage_in_bytes: 10215243776


CPU:total 16 (initial active 16) (1 cores per cpu, 1 threads per core) family 6 model 151 stepping 2, cmov, cx8, fxsr, mmx, sse, sse2, sse3, ssse3, sse4.1, sse4.2, popcnt, avx, avx2, aes, clmul, erms, 3dnowpref, lzcnt, tsc, tscinvbit, bmi1, bmi2, adx

/proc/cpuinfo:
processor	: 0
vendor_id	: GenuineIntel
cpu family	: 6
model		: 151
model name	: 12th Gen Intel(R) Core(TM) i7-12850HX
stepping	: 2
microcode	: 0x2e
cpu MHz		: 2419.203
cache size	: 25600 KB
physical id	: 0
siblings	: 1
core id		: 0
cpu cores	: 1
apicid		: 0
initial apicid	: 0
fpu		: yes
fpu_exception	: yes
cpuid level	: 32
wp		: yes
flags		: fpu vme de pse tsc msr pae mce cx8 apic sep mtrr pge mca cmov pat pse36 clflush mmx fxsr sse sse2 ss syscall nx pdpe1gb rdtscp lm constant_tsc arch_perfmon nopl xtopology tsc_reliable nonstop_tsc cpuid tsc_known_freq pni pclmulqdq ssse3 fma cx16 sse4_1 sse4_2 x2apic movbe popcnt tsc_deadline_timer aes xsave avx f16c rdrand hypervisor lahf_lm abm 3dnowprefetch ssbd ibrs ibpb stibp ibrs_enhanced fsgsbase tsc_adjust bmi1 avx2 smep bmi2 invpcid rdseed adx smap clflushopt clwb sha_ni xsaveopt xsavec xsaves arat pku ospke md_clear flush_l1d arch_capabilities
bugs		: spectre_v1 spectre_v2 spec_store_bypass swapgs itlb_multihit eibrs_pbrsb rfds bhi
bogomips	: 4838.40
clflush size	: 64
cache_alignment	: 64
address sizes	: 43 bits physical, 48 bits virtual
power management:

processor	: 1
vendor_id	: GenuineIntel
cpu family	: 6
model		: 151
model name	: 12th Gen Intel(R) Core(TM) i7-12850HX
stepping	: 2
microcode	: 0x2e
cpu MHz		: 2419.203
cache size	: 25600 KB
physical id	: 2
siblings	: 1
core id		: 0
cpu cores	: 1
apicid		: 2
initial apicid	: 2
fpu		: yes
fpu_exception	: yes
cpuid level	: 32
wp		: yes
flags		: fpu vme de pse tsc msr pae mce cx8 apic sep mtrr pge mca cmov pat pse36 clflush mmx fxsr sse sse2 ss syscall nx pdpe1gb rdtscp lm constant_tsc arch_perfmon nopl xtopology tsc_reliable nonstop_tsc cpuid tsc_known_freq pni pclmulqdq ssse3 fma cx16 sse4_1 sse4_2 x2apic movbe popcnt tsc_deadline_timer aes xsave avx f16c rdrand hypervisor lahf_lm abm 3dnowprefetch ssbd ibrs ibpb stibp ibrs_enhanced fsgsbase tsc_adjust bmi1 avx2 smep bmi2 invpcid rdseed adx smap clflushopt clwb sha_ni xsaveopt xsavec xsaves arat pku ospke md_clear flush_l1d arch_capabilities
bugs		: spectre_v1 spectre_v2 spec_store_bypass swapgs itlb_multihit eibrs_pbrsb rfds bhi
bogomips	: 4838.40
clflush size	: 64
cache_alignment	: 64
address sizes	: 43 bits physical, 48 bits virtual
power management:

processor	: 2
vendor_id	: GenuineIntel
cpu family	: 6
model		: 151
model name	: 12th Gen Intel(R) Core(TM) i7-12850HX
stepping	: 2
microcode	: 0x2e
cpu MHz		: 2419.203
cache size	: 25600 KB
physical id	: 4
siblings	: 1
core id		: 0
cpu cores	: 1
apicid		: 4
initial apicid	: 4
fpu		: yes
fpu_exception	: yes
cpuid level	: 32
wp		: yes
flags		: fpu vme de pse tsc msr pae mce cx8 apic sep mtrr pge mca cmov pat pse36 clflush mmx fxsr sse sse2 ss syscall nx pdpe1gb rdtscp lm constant_tsc arch_perfmon nopl xtopology tsc_reliable nonstop_tsc cpuid tsc_known_freq pni pclmulqdq ssse3 fma cx16 sse4_1 sse4_2 x2apic movbe popcnt tsc_deadline_timer aes xsave avx f16c rdrand hypervisor lahf_lm abm 3dnowprefetch ssbd ibrs ibpb stibp ibrs_enhanced fsgsbase tsc_adjust bmi1 avx2 smep bmi2 invpcid rdseed adx smap clflushopt clwb sha_ni xsaveopt xsavec xsaves arat pku ospke md_clear flush_l1d arch_capabilities
bugs		: spectre_v1 spectre_v2 spec_store_bypass swapgs itlb_multihit eibrs_pbrsb rfds bhi
bogomips	: 4838.40
clflush size	: 64
cache_alignment	: 64
address sizes	: 43 bits physical, 48 bits virtual
power management:

processor	: 3
vendor_id	: GenuineIntel
cpu family	: 6
model		: 151
model name	: 12th Gen Intel(R) Core(TM) i7-12850HX
stepping	: 2
microcode	: 0x2e
cpu MHz		: 2419.203
cache size	: 25600 KB
physical id	: 6
siblings	: 1
core id		: 0
cpu cores	: 1
apicid		: 6
initial apicid	: 6
fpu		: yes
fpu_exception	: yes
cpuid level	: 32
wp		: yes
flags		: fpu vme de pse tsc msr pae mce cx8 apic sep mtrr pge mca cmov pat pse36 clflush mmx fxsr sse sse2 ss syscall nx pdpe1gb rdtscp lm constant_tsc arch_perfmon nopl xtopology tsc_reliable nonstop_tsc cpuid tsc_known_freq pni pclmulqdq ssse3 fma cx16 sse4_1 sse4_2 x2apic movbe popcnt tsc_deadline_timer aes xsave avx f16c rdrand hypervisor lahf_lm abm 3dnowprefetch ssbd ibrs ibpb stibp ibrs_enhanced fsgsbase tsc_adjust bmi1 avx2 smep bmi2 invpcid rdseed adx smap clflushopt clwb sha_ni xsaveopt xsavec xsaves arat pku ospke md_clear flush_l1d arch_capabilities
bugs		: spectre_v1 spectre_v2 spec_store_bypass swapgs itlb_multihit eibrs_pbrsb rfds bhi
bogomips	: 4838.40
clflush size	: 64
cache_alignment	: 64
address sizes	: 43 bits physical, 48 bits virtual
power management:

processor	: 4
vendor_id	: GenuineIntel
cpu family	: 6
model		: 151
model name	: 12th Gen Intel(R) Core(TM) i7-12850HX
stepping	: 2
microcode	: 0x2e
cpu MHz		: 2419.203
cache size	: 25600 KB
physical id	: 8
siblings	: 1
core id		: 0
cpu cores	: 1
apicid		: 8
initial apicid	: 8
fpu		: yes
fpu_exception	: yes
cpuid level	: 32
wp		: yes
flags		: fpu vme de pse tsc msr pae mce cx8 apic sep mtrr pge mca cmov pat pse36 clflush mmx fxsr sse sse2 ss syscall nx pdpe1gb rdtscp lm constant_tsc arch_perfmon nopl xtopology tsc_reliable nonstop_tsc cpuid tsc_known_freq pni pclmulqdq ssse3 fma cx16 sse4_1 sse4_2 x2apic movbe popcnt tsc_deadline_timer aes xsave avx f16c rdrand hypervisor lahf_lm abm 3dnowprefetch ssbd ibrs ibpb stibp ibrs_enhanced fsgsbase tsc_adjust bmi1 avx2 smep bmi2 invpcid rdseed adx smap clflushopt clwb sha_ni xsaveopt xsavec xsaves arat pku ospke md_clear flush_l1d arch_capabilities
bugs		: spectre_v1 spectre_v2 spec_store_bypass swapgs itlb_multihit eibrs_pbrsb rfds bhi
bogomips	: 4838.40
clflush size	: 64
cache_alignment	: 64
address sizes	: 43 bits physical, 48 bits virtual
power management:

processor	: 5
vendor_id	: GenuineIntel
cpu family	: 6
model		: 151
model name	: 12th Gen Intel(R) Core(TM) i7-12850HX
stepping	: 2
microcode	: 0x2e
cpu MHz		: 2419.203
cache size	: 25600 KB
physical id	: 10
siblings	: 1
core id		: 0
cpu cores	: 1
apicid		: 10
initial apicid	: 10
fpu		: yes
fpu_exception	: yes
cpuid level	: 32
wp		: yes
flags		: fpu vme de pse tsc msr pae mce cx8 apic sep mtrr pge mca cmov pat pse36 clflush mmx fxsr sse sse2 ss syscall nx pdpe1gb rdtscp lm constant_tsc arch_perfmon nopl xtopology tsc_reliable nonstop_tsc cpuid tsc_known_freq pni pclmulqdq ssse3 fma cx16 sse4_1 sse4_2 x2apic movbe popcnt tsc_deadline_timer aes xsave avx f16c rdrand hypervisor lahf_lm abm 3dnowprefetch ssbd ibrs ibpb stibp ibrs_enhanced fsgsbase tsc_adjust bmi1 avx2 smep bmi2 invpcid rdseed adx smap clflushopt clwb sha_ni xsaveopt xsavec xsaves arat pku ospke md_clear flush_l1d arch_capabilities
bugs		: spectre_v1 spectre_v2 spec_store_bypass swapgs itlb_multihit eibrs_pbrsb rfds bhi
bogomips	: 4838.40
clflush size	: 64
cache_alignment	: 64
address sizes	: 43 bits physical, 48 bits virtual
power management:

processor	: 6
vendor_id	: GenuineIntel
cpu family	: 6
model		: 151
model name	: 12th Gen Intel(R) Core(TM) i7-12850HX
stepping	: 2
microcode	: 0x2e
cpu MHz		: 2419.203
cache size	: 25600 KB
physical id	: 12
siblings	: 1
core id		: 0
cpu cores	: 1
apicid		: 12
initial apicid	: 12
fpu		: yes
fpu_exception	: yes
cpuid level	: 32
wp		: yes
flags		: fpu vme de pse tsc msr pae mce cx8 apic sep mtrr pge mca cmov pat pse36 clflush mmx fxsr sse sse2 ss syscall nx pdpe1gb rdtscp lm constant_tsc arch_perfmon nopl xtopology tsc_reliable nonstop_tsc cpuid tsc_known_freq pni pclmulqdq ssse3 fma cx16 sse4_1 sse4_2 x2apic movbe popcnt tsc_deadline_timer aes xsave avx f16c rdrand hypervisor lahf_lm abm 3dnowprefetch ssbd ibrs ibpb stibp ibrs_enhanced fsgsbase tsc_adjust bmi1 avx2 smep bmi2 invpcid rdseed adx smap clflushopt clwb sha_ni xsaveopt xsavec xsaves arat pku ospke md_clear flush_l1d arch_capabilities
bugs		: spectre_v1 spectre_v2 spec_store_bypass swapgs itlb_multihit eibrs_pbrsb rfds bhi
bogomips	: 4838.40
clflush size	: 64
cache_alignment	: 64
address sizes	: 43 bits physical, 48 bits virtual
power management:

processor	: 7
vendor_id	: GenuineIntel
cpu family	: 6
model		: 151
model name	: 12th Gen Intel(R) Core(TM) i7-12850HX
stepping	: 2
microcode	: 0x2e
cpu MHz		: 2419.203
cache size	: 25600 KB
physical id	: 14
siblings	: 1
core id		: 0
cpu cores	: 1
apicid		: 14
initial apicid	: 14
fpu		: yes
fpu_exception	: yes
cpuid level	: 32
wp		: yes
flags		: fpu vme de pse tsc msr pae mce cx8 apic sep mtrr pge mca cmov pat pse36 clflush mmx fxsr sse sse2 ss syscall nx pdpe1gb rdtscp lm constant_tsc arch_perfmon nopl xtopology tsc_reliable nonstop_tsc cpuid tsc_known_freq pni pclmulqdq ssse3 fma cx16 sse4_1 sse4_2 x2apic movbe popcnt tsc_deadline_timer aes xsave avx f16c rdrand hypervisor lahf_lm abm 3dnowprefetch ssbd ibrs ibpb stibp ibrs_enhanced fsgsbase tsc_adjust bmi1 avx2 smep bmi2 invpcid rdseed adx smap clflushopt clwb sha_ni xsaveopt xsavec xsaves arat pku ospke md_clear flush_l1d arch_capabilities
bugs		: spectre_v1 spectre_v2 spec_store_bypass swapgs itlb_multihit eibrs_pbrsb rfds bhi
bogomips	: 4838.40
clflush size	: 64
cache_alignment	: 64
address sizes	: 43 bits physical, 48 bits virtual
power management:

processor	: 8
vendor_id	: GenuineIntel
cpu family	: 6
model		: 151
model name	: 12th Gen Intel(R) Core(TM) i7-12850HX
stepping	: 2
microcode	: 0x2e
cpu MHz		: 2419.203
cache size	: 25600 KB
physical id	: 16
siblings	: 1
core id		: 0
cpu cores	: 1
apicid		: 16
initial apicid	: 16
fpu		: yes
fpu_exception	: yes
cpuid level	: 32
wp		: yes
flags		: fpu vme de pse tsc msr pae mce cx8 apic sep mtrr pge mca cmov pat pse36 clflush mmx fxsr sse sse2 ss syscall nx pdpe1gb rdtscp lm constant_tsc arch_perfmon nopl xtopology tsc_reliable nonstop_tsc cpuid tsc_known_freq pni pclmulqdq ssse3 fma cx16 sse4_1 sse4_2 x2apic movbe popcnt tsc_deadline_timer aes xsave avx f16c rdrand hypervisor lahf_lm abm 3dnowprefetch ssbd ibrs ibpb stibp ibrs_enhanced fsgsbase tsc_adjust bmi1 avx2 smep bmi2 invpcid rdseed adx smap clflushopt clwb sha_ni xsaveopt xsavec xsaves arat pku ospke md_clear flush_l1d arch_capabilities
bugs		: spectre_v1 spectre_v2 spec_store_bypass swapgs itlb_multihit eibrs_pbrsb rfds bhi
bogomips	: 4838.40
clflush size	: 64
cache_alignment	: 64
address sizes	: 43 bits physical, 48 bits virtual
power management:

processor	: 9
vendor_id	: GenuineIntel
cpu family	: 6
model		: 151
model name	: 12th Gen Intel(R) Core(TM) i7-12850HX
stepping	: 2
microcode	: 0x2e
cpu MHz		: 2419.203
cache size	: 25600 KB
physical id	: 18
siblings	: 1
core id		: 0
cpu cores	: 1
apicid		: 18
initial apicid	: 18
fpu		: yes
fpu_exception	: yes
cpuid level	: 32
wp		: yes
flags		: fpu vme de pse tsc msr pae mce cx8 apic sep mtrr pge mca cmov pat pse36 clflush mmx fxsr sse sse2 ss syscall nx pdpe1gb rdtscp lm constant_tsc arch_perfmon nopl xtopology tsc_reliable nonstop_tsc cpuid tsc_known_freq pni pclmulqdq ssse3 fma cx16 sse4_1 sse4_2 x2apic movbe popcnt tsc_deadline_timer aes xsave avx f16c rdrand hypervisor lahf_lm abm 3dnowprefetch ssbd ibrs ibpb stibp ibrs_enhanced fsgsbase tsc_adjust bmi1 avx2 smep bmi2 invpcid rdseed adx smap clflushopt clwb sha_ni xsaveopt xsavec xsaves arat pku ospke md_clear flush_l1d arch_capabilities
bugs		: spectre_v1 spectre_v2 spec_store_bypass swapgs itlb_multihit eibrs_pbrsb rfds bhi
bogomips	: 4838.40
clflush size	: 64
cache_alignment	: 64
address sizes	: 43 bits physical, 48 bits virtual
power management:

processor	: 10
vendor_id	: GenuineIntel
cpu family	: 6
model		: 151
model name	: 12th Gen Intel(R) Core(TM) i7-12850HX
stepping	: 2
microcode	: 0x2e
cpu MHz		: 2419.203
cache size	: 25600 KB
physical id	: 20
siblings	: 1
core id		: 0
cpu cores	: 1
apicid		: 20
initial apicid	: 20
fpu		: yes
fpu_exception	: yes
cpuid level	: 32
wp		: yes
flags		: fpu vme de pse tsc msr pae mce cx8 apic sep mtrr pge mca cmov pat pse36 clflush mmx fxsr sse sse2 ss syscall nx pdpe1gb rdtscp lm constant_tsc arch_perfmon nopl xtopology tsc_reliable nonstop_tsc cpuid tsc_known_freq pni pclmulqdq ssse3 fma cx16 sse4_1 sse4_2 x2apic movbe popcnt tsc_deadline_timer aes xsave avx f16c rdrand hypervisor lahf_lm abm 3dnowprefetch ssbd ibrs ibpb stibp ibrs_enhanced fsgsbase tsc_adjust bmi1 avx2 smep bmi2 invpcid rdseed adx smap clflushopt clwb sha_ni xsaveopt xsavec xsaves arat pku ospke md_clear flush_l1d arch_capabilities
bugs		: spectre_v1 spectre_v2 spec_store_bypass swapgs itlb_multihit eibrs_pbrsb rfds bhi
bogomips	: 4838.40
clflush size	: 64
cache_alignment	: 64
address sizes	: 43 bits physical, 48 bits virtual
power management:

processor	: 11
vendor_id	: GenuineIntel
cpu family	: 6
model		: 151
model name	: 12th Gen Intel(R) Core(TM) i7-12850HX
stepping	: 2
microcode	: 0x2e
cpu MHz		: 2419.203
cache size	: 25600 KB
physical id	: 22
siblings	: 1
core id		: 0
cpu cores	: 1
apicid		: 22
initial apicid	: 22
fpu		: yes
fpu_exception	: yes
cpuid level	: 32
wp		: yes
flags		: fpu vme de pse tsc msr pae mce cx8 apic sep mtrr pge mca cmov pat pse36 clflush mmx fxsr sse sse2 ss syscall nx pdpe1gb rdtscp lm constant_tsc arch_perfmon nopl xtopology tsc_reliable nonstop_tsc cpuid tsc_known_freq pni pclmulqdq ssse3 fma cx16 sse4_1 sse4_2 x2apic movbe popcnt tsc_deadline_timer aes xsave avx f16c rdrand hypervisor lahf_lm abm 3dnowprefetch ssbd ibrs ibpb stibp ibrs_enhanced fsgsbase tsc_adjust bmi1 avx2 smep bmi2 invpcid rdseed adx smap clflushopt clwb sha_ni xsaveopt xsavec xsaves arat pku ospke md_clear flush_l1d arch_capabilities
bugs		: spectre_v1 spectre_v2 spec_store_bypass swapgs itlb_multihit eibrs_pbrsb rfds bhi
bogomips	: 4838.40
clflush size	: 64
cache_alignment	: 64
address sizes	: 43 bits physical, 48 bits virtual
power management:

processor	: 12
vendor_id	: GenuineIntel
cpu family	: 6
model		: 151
model name	: 12th Gen Intel(R) Core(TM) i7-12850HX
stepping	: 2
microcode	: 0x2e
cpu MHz		: 2419.203
cache size	: 25600 KB
physical id	: 24
siblings	: 1
core id		: 0
cpu cores	: 1
apicid		: 24
initial apicid	: 24
fpu		: yes
fpu_exception	: yes
cpuid level	: 32
wp		: yes
flags		: fpu vme de pse tsc msr pae mce cx8 apic sep mtrr pge mca cmov pat pse36 clflush mmx fxsr sse sse2 ss syscall nx pdpe1gb rdtscp lm constant_tsc arch_perfmon nopl xtopology tsc_reliable nonstop_tsc cpuid tsc_known_freq pni pclmulqdq ssse3 fma cx16 sse4_1 sse4_2 x2apic movbe popcnt tsc_deadline_timer aes xsave avx f16c rdrand hypervisor lahf_lm abm 3dnowprefetch ssbd ibrs ibpb stibp ibrs_enhanced fsgsbase tsc_adjust bmi1 avx2 smep bmi2 invpcid rdseed adx smap clflushopt clwb sha_ni xsaveopt xsavec xsaves arat pku ospke md_clear flush_l1d arch_capabilities
bugs		: spectre_v1 spectre_v2 spec_store_bypass swapgs itlb_multihit eibrs_pbrsb rfds bhi
bogomips	: 4838.40
clflush size	: 64
cache_alignment	: 64
address sizes	: 43 bits physical, 48 bits virtual
power management:

processor	: 13
vendor_id	: GenuineIntel
cpu family	: 6
model		: 151
model name	: 12th Gen Intel(R) Core(TM) i7-12850HX
stepping	: 2
microcode	: 0x2e
cpu MHz		: 2419.203
cache size	: 25600 KB
physical id	: 26
siblings	: 1
core id		: 0
cpu cores	: 1
apicid		: 26
initial apicid	: 26
fpu		: yes
fpu_exception	: yes
cpuid level	: 32
wp		: yes
flags		: fpu vme de pse tsc msr pae mce cx8 apic sep mtrr pge mca cmov pat pse36 clflush mmx fxsr sse sse2 ss syscall nx pdpe1gb rdtscp lm constant_tsc arch_perfmon nopl xtopology tsc_reliable nonstop_tsc cpuid tsc_known_freq pni pclmulqdq ssse3 fma cx16 sse4_1 sse4_2 x2apic movbe popcnt tsc_deadline_timer aes xsave avx f16c rdrand hypervisor lahf_lm abm 3dnowprefetch ssbd ibrs ibpb stibp ibrs_enhanced fsgsbase tsc_adjust bmi1 avx2 smep bmi2 invpcid rdseed adx smap clflushopt clwb sha_ni xsaveopt xsavec xsaves arat pku ospke md_clear flush_l1d arch_capabilities
bugs		: spectre_v1 spectre_v2 spec_store_bypass swapgs itlb_multihit eibrs_pbrsb rfds bhi
bogomips	: 4838.40
clflush size	: 64
cache_alignment	: 64
address sizes	: 43 bits physical, 48 bits virtual
power management:

processor	: 14
vendor_id	: GenuineIntel
cpu family	: 6
model		: 151
model name	: 12th Gen Intel(R) Core(TM) i7-12850HX
stepping	: 2
microcode	: 0x2e
cpu MHz		: 2419.203
cache size	: 25600 KB
physical id	: 28
siblings	: 1
core id		: 0
cpu cores	: 1
apicid		: 28
initial apicid	: 28
fpu		: yes
fpu_exception	: yes
cpuid level	: 32
wp		: yes
flags		: fpu vme de pse tsc msr pae mce cx8 apic sep mtrr pge mca cmov pat pse36 clflush mmx fxsr sse sse2 ss syscall nx pdpe1gb rdtscp lm constant_tsc arch_perfmon nopl xtopology tsc_reliable nonstop_tsc cpuid tsc_known_freq pni pclmulqdq ssse3 fma cx16 sse4_1 sse4_2 x2apic movbe popcnt tsc_deadline_timer aes xsave avx f16c rdrand hypervisor lahf_lm abm 3dnowprefetch ssbd ibrs ibpb stibp ibrs_enhanced fsgsbase tsc_adjust bmi1 avx2 smep bmi2 invpcid rdseed adx smap clflushopt clwb sha_ni xsaveopt xsavec xsaves arat pku ospke md_clear flush_l1d arch_capabilities
bugs		: spectre_v1 spectre_v2 spec_store_bypass swapgs itlb_multihit eibrs_pbrsb rfds bhi
bogomips	: 4838.40
clflush size	: 64
cache_alignment	: 64
address sizes	: 43 bits physical, 48 bits virtual
power management:

processor	: 15
vendor_id	: GenuineIntel
cpu family	: 6
model		: 151
model name	: 12th Gen Intel(R) Core(TM) i7-12850HX
stepping	: 2
microcode	: 0x2e
cpu MHz		: 2419.203
cache size	: 25600 KB
physical id	: 30
siblings	: 1
core id		: 0
cpu cores	: 1
apicid		: 30
initial apicid	: 30
fpu		: yes
fpu_exception	: yes
cpuid level	: 32
wp		: yes
flags		: fpu vme de pse tsc msr pae mce cx8 apic sep mtrr pge mca cmov pat pse36 clflush mmx fxsr sse sse2 ss syscall nx pdpe1gb rdtscp lm constant_tsc arch_perfmon nopl xtopology tsc_reliable nonstop_tsc cpuid tsc_known_freq pni pclmulqdq ssse3 fma cx16 sse4_1 sse4_2 x2apic movbe popcnt tsc_deadline_timer aes xsave avx f16c rdrand hypervisor lahf_lm abm 3dnowprefetch ssbd ibrs ibpb stibp ibrs_enhanced fsgsbase tsc_adjust bmi1 avx2 smep bmi2 invpcid rdseed adx smap clflushopt clwb sha_ni xsaveopt xsavec xsaves arat pku ospke md_clear flush_l1d arch_capabilities
bugs		: spectre_v1 spectre_v2 spec_store_bypass swapgs itlb_multihit eibrs_pbrsb rfds bhi
bogomips	: 4838.40
clflush size	: 64
cache_alignment	: 64
address sizes	: 43 bits physical, 48 bits virtual
power management:



Memory: 4k page, physical 32827360k(19298892k free), swap 2097148k(2097148k free)

vm_info: OpenJDK 64-Bit Server VM (25.442-b06) for linux-amd64 JRE (1.8.0_442-8u442-b06~us1-0ubuntu1~20.04-b06), built on Jan 26 2025 07:38:16 by "buildd" with gcc 9.4.0

time: Thu Feb 27 10:00:47 2025
timezone: PST
elapsed time: 13.951284 seconds (0d 0h 0m 13s)

